[LEFT "COMMAND: python src/main.py"]
[RIGHT "COMMAND: python tools/testing-tool/sample-code.py"]
MAP
81 13
-11282 -9537 -9255 -9240 -9911 -8633 -7714 -9070 -7625 -7356 -7345 -8010 -6340 -6683 -6109 -5134 -5801 -5787 -4981 -3969 -4298 -4291 -3881 -3433 -3386 -3479 -2454 -1963 -2631 -1848 -1538 -3140 -1805 -1646 -740 -1764 -434 52 -300 -752 0 752 300 -52 434 1764 740 1646 1805 3140 1538 1848 2631 1963 2454 3479 3386 3433 3881 4291 4298 3969 4981 5787 5801 5134 6109 6683 6340 8010 7345 7356 7625 9070 7714 8633 9911 9240 9255 9537 11282
-370 143 -941 -2972 2365 -36 -216 6089 3693 4764 1756 -6689 6392 -64 815 1670 -5182 -1851 -7954 -5648 5934 -2728 -1048 -3987 1480 9202 170 -1468 3480 -3965 2015 -8912 5880 -6036 -7116 -10543 5005 -8118 -3127 10681 0 -10681 3127 8118 -5005 10543 7116 6036 -5880 8912 -2015 3965 -3480 1468 -170 -9202 -1480 3987 1048 2728 -5934 5648 7954 1851 5182 -1670 -815 64 -6392 6689 -1756 -4764 -3693 -6089 216 36 -2365 2972 941 -143 370
STRONGHOLDS 8 12 13 18 21 34 40 46 59 62 67 68 72
4 1 2 3 4
4 0 2 4 5
5 0 1 3 5 6
6 0 2 6 11 16 17
6 0 1 5 7 8 10
5 1 2 4 6 10
6 2 3 5 10 13 17
4 4 8 9 12
5 4 7 9 10 15
5 7 8 12 15 20
7 4 5 6 8 13 14 15
3 3 16 18
4 7 9 20 25
5 6 10 14 17 22
4 10 13 15 22
8 8 9 10 14 20 22 24 28
7 3 11 17 18 19 21 23
6 3 6 13 16 21 22
4 11 16 19 31
5 16 18 23 31 33
6 9 12 15 25 28 32
5 16 17 22 23 27
8 13 14 15 17 21 24 26 27
6 16 19 21 27 29 33
5 15 22 26 28 30
5 12 20 32 39 43
5 22 24 27 30 40
7 21 22 23 26 29 38 40
7 15 20 24 30 32 36 42
5 23 27 33 38 44
5 24 26 28 40 42
6 18 19 33 34 35 37
6 20 25 28 36 43 46
6 19 23 29 31 34 44
5 31 33 37 44 48
3 31 37 41
6 28 32 42 46 47 51
6 31 34 35 41 48 55
6 27 29 40 44 50 52
3 25 43 45
8 26 27 30 38 42 50 53 54
3 35 37 55
6 28 30 36 40 51 53
6 25 32 39 45 46 49
6 29 33 34 38 48 52
3 39 43 49
5 32 36 43 47 49
6 36 46 49 51 57 61
6 34 37 44 52 55 60
6 43 45 46 47 61 62
5 38 40 52 54 56
5 36 42 47 53 57
7 38 44 48 50 56 60 65
7 40 42 51 54 57 58 59
5 40 50 53 56 58
5 37 41 48 60 68
5 50 52 54 58 65
6 47 51 53 59 61 64
8 53 54 56 59 63 65 66 67
5 53 57 58 63 64
6 48 52 55 65 68 71
5 47 49 57 62 64
4 49 61 64 69
6 58 59 64 67 74 77
7 57 59 61 62 63 69 77
8 52 56 58 60 66 70 71 72
4 58 65 67 70
5 58 63 66 70 74
4 55 60 71 73
3 62 64 77
7 65 66 67 72 74 75 76
5 60 65 68 72 73
5 65 70 71 73 76
4 68 71 72 76
6 63 67 70 75 77 78
5 70 74 76 78 79
6 70 72 73 75 79 80
6 63 64 69 74 78 80
5 74 75 77 79 80
4 75 76 78 80
4 76 77 78 79
END MAP
# Debug LEFT: Traceback (most recent call last):
# Debug LEFT:   File "C:\NYPC2026\src\main.py", line 657, in <module>
# Debug LEFT:     from evaluation_function import EvaluationFunction, Weights
# Debug LEFT:   File "C:\NYPC2026\src\evaluation_function.py", line 9, in <module>
# Debug LEFT:     from main import GameState, GameMap, Paths, Actions, Warrior, WState
# Debug LEFT:   File "C:\NYPC2026\src\main.py", line 657, in <module>
# Debug LEFT:     from evaluation_function import EvaluationFunction, Weights
# Debug LEFT: ImportError: cannot import name 'EvaluationFunction' from 'evaluation_function' (consider renaming 'C:\\NYPC2026\\src\\evaluation_function.py' if it has the same name as a library you intended to import)
RESULT RIGHT_WIN WA
