[LEFT "COMMAND: python src/main.py"]
[RIGHT "COMMAND: python tools/testing-tool/sample-code.py"]
MAP
109 17
-10759 -8831 -9865 -9156 -8208 -8254 -7089 -7976 -7033 -7142 -6567 -6461 -6502 -6610 -6652 -5312 -5122 -5790 -5596 -5107 -4747 -4828 -4858 -3943 -3920 -3741 -3324 -2760 -3182 -3010 -2907 -3384 -2749 -2637 -2578 -1914 -1858 -1528 -1690 -1408 -1288 -1605 -1181 -1341 -601 -1190 -1750 -1247 -1066 -674 -229 -314 -235 -248 0 248 235 314 229 674 1066 1247 1750 1190 601 1341 1181 1605 1288 1408 1690 1528 1858 1914 2578 2637 2749 3384 2907 3010 3182 2760 3324 3741 3920 3943 4858 4828 4747 5107 5596 5790 5122 5312 6652 6610 6502 6461 6567 7142 7033 7976 7089 8254 8208 9156 9865 8831 10759
-791 -2006 4746 -6298 605 2659 3663 -4513 4823 -2268 -6284 1596 -356 7655 -8059 138 -2148 -5455 -3852 2841 5528 -5427 -9190 -6273 -4676 1362 3221 -5849 -1203 -8996 4517 7513 739 -4165 2043 2958 1707 363 -7762 -10506 5027 -1950 6871 -2717 -8364 2028 9821 -3640 -5617 2581 1451 -6622 -2496 3943 0 -3943 2496 6622 -1451 -2581 5617 3640 -9821 -2028 8364 2717 -6871 1950 -5027 10506 7762 -363 -1707 -2958 -2043 4165 -739 -7513 -4517 8996 1203 5849 -3221 -1362 4676 6273 9190 5427 -5528 -2841 3852 5455 2148 -138 8059 -7655 356 -1596 6284 2268 -4823 4513 -3663 -2659 -605 6298 -4746 2006 791
STRONGHOLDS 3 13 18 25 33 35 38 52 54 56 70 73 75 83 90 95 105
4 1 2 4 5
6 0 3 4 7 9 12
5 0 5 6 8 13
4 1 7 10 14
5 0 1 5 11 12
5 0 2 4 6 11
5 2 5 8 11 19
6 1 3 9 10 17 18
5 2 6 13 19 20
5 1 7 12 16 18
6 3 7 14 17 21 23
6 4 5 6 12 15 19
6 1 4 9 11 15 16
5 2 8 20 31 46
4 3 10 22 23
6 11 12 16 19 25 28
7 9 12 15 18 24 28 33
4 7 10 18 21
6 7 9 16 17 21 24
7 6 8 11 15 20 25 26
6 8 13 19 26 30 31
5 10 17 18 23 24
4 14 23 29 39
8 10 14 21 22 24 27 29 38
6 16 18 21 23 27 33
6 15 19 26 28 32 34
6 19 20 25 30 34 35
5 23 24 33 38 48
7 15 16 25 32 33 37 41
5 22 23 38 39 44
6 20 26 31 35 40 42
5 13 20 30 42 46
5 25 28 34 36 37
8 16 24 27 28 41 43 47 48
5 25 26 32 35 36
8 26 30 34 36 40 45 49 53
5 32 34 35 37 45
7 28 32 36 41 45 50 54
6 23 27 29 44 48 51
4 22 29 44 62
6 30 35 42 53 57 60
7 28 33 37 43 52 54 58
6 30 31 40 46 57 64
4 33 41 47 52
6 29 38 39 51 62 66
5 35 36 37 49 50
5 13 31 42 64 69
5 33 43 48 52 55
7 27 33 38 47 51 55 68
5 35 45 50 53 56
6 37 45 49 54 56 67
5 38 44 48 66 68
6 41 43 47 55 58 59
6 35 40 49 56 60 61
6 37 41 50 58 67 71
6 47 48 52 59 68 73
6 49 50 53 61 65 67
5 40 42 60 64 70
6 41 52 54 59 63 71
5 52 55 58 63 73
7 40 53 57 61 70 75 81
5 53 56 60 65 75
5 39 44 66 77 95
5 58 59 71 72 73
6 42 46 57 69 70 79
4 56 61 67 75
6 44 51 62 68 77 78
7 50 54 56 65 71 75 80
6 48 51 55 66 73 78
4 46 64 79 86
6 57 60 64 79 81 85
7 54 58 63 67 72 76 80
5 63 71 73 74 76
8 55 59 63 68 72 74 78 82
5 72 73 76 82 83
8 60 61 65 67 80 81 84 92
5 71 72 74 80 83
5 62 66 78 88 95
6 66 68 73 77 82 88
5 64 69 70 85 86
7 67 71 75 76 83 92 93
5 60 70 75 84 85
6 73 74 78 83 88 89
6 74 76 80 82 89 93
6 75 81 85 87 90 92
8 70 79 81 84 86 87 94 98
4 69 79 85 94
5 84 85 90 91 98
6 77 78 82 89 95 100
7 82 83 88 93 97 100 102
6 84 87 91 92 99 101
4 87 90 98 101
7 75 80 84 90 93 96 99
6 80 83 89 92 96 97
4 85 86 98 105
5 62 77 88 100 106
6 92 93 97 99 104 107
6 89 93 96 102 103 104
6 85 87 91 94 101 105
5 90 92 96 101 107
5 88 89 95 102 106
6 90 91 98 99 105 107
5 89 97 100 103 106
5 97 102 104 106 108
5 96 97 103 107 108
4 94 98 101 107
5 95 100 102 103 108
6 96 99 101 104 105 108
4 103 104 106 107
END MAP
# Debug LEFT: Traceback (most recent call last):
# Debug LEFT:   File "C:\NYPC2026\src\main.py", line 657, in <module>
# Debug LEFT:     from evaluation_function import EvaluationFunction, Weights
# Debug LEFT:   File "C:\NYPC2026\src\evaluation_function.py", line 9, in <module>
# Debug LEFT:     from main import GameState, GameMap, Paths, Actions, Warrior, WState
# Debug LEFT:   File "C:\NYPC2026\src\main.py", line 657, in <module>
# Debug LEFT:     from evaluation_function import EvaluationFunction, Weights
# Debug LEFT: ImportError: cannot import name 'EvaluationFunction' from 'evaluation_function' (consider renaming 'C:\\NYPC2026\\src\\evaluation_function.py' if it has the same name as a library you intended to import)
RESULT RIGHT_WIN WA
