[LEFT "COMMAND: python src/main.py"]
[RIGHT "COMMAND: python tools/testing-tool/sample-code.py"]
MAP
85 15
-10719 -9804 -10052 -9614 -8531 -8877 -8256 -7717 -8789 -8908 -7729 -7047 -6369 -6138 -6201 -5901 -6141 -5517 -4911 -5289 -5294 -4714 -4789 -4312 -4294 -3863 -2853 -2602 -3208 -3084 -2725 -3042 -2450 -2017 -1781 -748 -1427 -625 -394 -669 -293 -165 0 165 293 669 394 625 1427 748 1781 2017 2450 3042 2725 3084 3208 2602 2853 3863 4294 4312 4789 4714 5294 5289 4911 5517 6141 5901 6201 6138 6369 7047 7729 8908 8789 7717 8256 8877 8531 9614 10052 9804 10719
407 2835 4213 5488 217 -1693 6533 4565 -6010 -3680 -7732 1158 4190 -3812 -538 -8839 7075 -2464 -6120 8798 935 -739 3377 1084 -1649 -2779 1281 2901 -739 9214 -3134 -10110 -5456 -297 4767 -2399 -8105 6057 -8723 11096 9207 -7174 0 7174 -9207 -11096 8723 -6057 8105 2399 -4767 297 5456 10110 3134 -9214 739 -2901 -1281 2779 1649 -1084 -3377 739 -935 -8798 6120 2464 -7075 8839 538 3812 -4190 -1158 7732 3680 6010 -4565 -6533 1693 -217 -5488 -4213 -2835 -407
STRONGHOLDS 1 3 9 15 21 22 36 42 48 62 63 69 75 81 83
3 1 4 5
5 0 2 4 7 11
3 1 3 7
3 2 6 7
5 0 1 5 11 14
6 0 4 9 13 14 17
4 3 7 16 19
7 1 2 3 6 11 12 16
4 9 10 13 18
3 5 8 13
3 8 15 18
7 1 4 7 12 14 20 22
4 7 11 16 22
6 5 8 9 17 18 25
6 4 5 11 17 20 21
3 10 18 31
7 6 7 12 19 22 29 34
6 5 13 14 21 24 25
8 8 10 13 15 25 31 32 36
3 6 16 29
5 11 14 21 22 23
6 14 17 20 23 24 28
7 11 12 16 20 23 27 34
6 20 21 22 26 27 28
4 17 21 25 28
7 13 17 18 24 28 30 32
6 23 27 28 33 42 49
5 22 23 26 34 49
7 21 23 24 25 26 30 33
7 16 19 34 37 39 40 43
5 25 28 32 33 35
5 15 18 36 38 45
7 18 25 30 35 36 41 47
5 26 28 30 35 42
6 16 22 27 29 37 49
8 30 32 33 42 47 50 57 58
5 18 31 32 38 41
5 29 34 43 49 52
5 31 36 41 44 45
4 29 40 46 53
4 29 39 43 46
6 32 36 38 44 47 55
6 26 33 35 49 51 58
6 29 37 40 46 48 52
4 38 41 45 55
4 31 38 44 55
5 39 40 43 48 53
5 32 35 41 50 55
5 43 46 52 53 66
8 26 27 34 37 42 51 52 54
6 35 47 55 57 62 68
5 42 49 54 56 58
7 37 43 48 49 54 59 66
5 39 46 48 66 69
5 49 51 52 56 59
7 41 44 45 47 50 65 68
7 51 54 58 59 60 61 63
5 35 50 58 61 62
6 35 42 51 56 57 61
7 52 54 56 60 66 67 71
4 56 59 63 67
6 56 57 58 62 63 64
7 50 57 61 64 68 72 73
6 56 60 61 64 67 70
5 61 62 63 70 73
3 55 68 78
8 48 52 53 59 69 71 74 76
6 59 60 63 70 71 79
7 50 55 62 65 72 77 78
3 53 66 74
6 63 64 67 73 79 80
6 59 66 67 75 76 79
4 62 68 73 77
7 62 64 70 72 77 80 83
3 66 69 76
3 71 76 79
4 66 71 74 75
7 68 72 73 78 81 82 83
4 65 68 77 81
6 67 70 71 75 80 84
5 70 73 79 83 84
3 77 78 82
3 77 81 83
5 73 77 80 82 84
3 79 80 83
END MAP
# Debug LEFT: Traceback (most recent call last):
# Debug LEFT:   File "C:\NYPC2026\src\main.py", line 657, in <module>
# Debug LEFT:     from evaluation_function import EvaluationFunction, Weights
# Debug LEFT:   File "C:\NYPC2026\src\evaluation_function.py", line 9, in <module>
# Debug LEFT:     from main import GameState, GameMap, Paths, Actions, Warrior, WState
# Debug LEFT:   File "C:\NYPC2026\src\main.py", line 657, in <module>
# Debug LEFT:     from evaluation_function import EvaluationFunction, Weights
# Debug LEFT: ImportError: cannot import name 'EvaluationFunction' from 'evaluation_function' (consider renaming 'C:\\NYPC2026\\src\\evaluation_function.py' if it has the same name as a library you intended to import)
RESULT RIGHT_WIN WA
