[LEFT "COMMAND: python src/main.py"]
[RIGHT "COMMAND: python tools/testing-tool/sample-code.py"]
MAP
79 13
-10893 -10619 -10812 -10530 -9093 -8594 -8408 -7700 -9209 -8368 -8844 -8535 -6892 -6776 -7554 -5568 -5718 -5512 -5619 -4421 -4348 -4223 -4572 -3875 -3951 -3310 -3968 -3121 -3284 -2476 -1653 -1851 -1849 -2112 -1731 -840 -991 -493 -156 0 156 493 991 840 1731 2112 1849 1851 1653 2476 3284 3121 3968 3310 3951 3875 4572 4223 4348 4421 5619 5512 5718 5568 7554 6776 6892 8535 8844 8368 9209 7700 8408 8594 9093 10530 10812 10619 10893
80 2094 -1212 -2925 -128 -1046 -1891 -149 -4328 2149 -5717 5279 2409 -2773 -7135 891 5213 -5874 -8929 -5846 2966 -401 -3688 -2262 8954 -6450 -9673 4992 -7653 -5394 -10700 -8270 -3803 1683 -1469 -6954 7118 3958 1413 0 -1413 -3958 -7118 6954 1469 -1683 3803 8270 10700 5394 7653 -4992 9673 6450 -8954 2262 3688 401 -2966 5846 8929 5874 -5213 -891 7135 2773 -2409 -5279 5717 -2149 4328 149 1891 1046 128 2925 1212 -2094 -80
STRONGHOLDS 1 8 17 20 23 36 39 42 55 58 61 70 77
3 1 2 4
4 0 4 9 11
5 0 3 4 5 6
3 2 6 8
6 0 1 2 5 7 9
4 2 4 6 7
6 2 3 5 7 8 13
8 4 5 6 9 12 13 15 21
4 3 6 10 13
5 1 4 7 11 12
4 8 13 14 17
5 1 9 12 16 24
6 7 9 11 15 16 20
8 6 7 8 10 17 21 22 23
3 10 17 18
4 7 12 20 21
5 11 12 20 24 27
6 10 13 14 18 19 22
5 14 17 19 26 28
6 17 18 22 25 28 29
6 12 15 16 21 27 33
7 7 13 15 20 23 33 34
6 13 17 19 23 29 32
5 13 21 22 32 34
5 11 16 27 36 48
5 19 28 29 31 35
4 18 28 30 31
6 16 20 24 33 36 37
5 18 19 25 26 31
6 19 22 25 32 35 41
4 26 31 42 54
6 25 26 28 30 35 42
6 22 23 29 34 40 41
7 20 21 27 34 37 38 39
6 21 23 32 33 39 40
5 25 29 31 41 42
6 24 27 37 43 47 48
7 27 33 36 38 43 46 49
5 33 37 39 44 46
6 33 34 38 40 44 45
5 32 34 39 41 45
7 29 32 35 40 42 45 51
6 30 31 35 41 51 54
5 36 37 47 49 53
6 38 39 45 46 55 57
7 39 40 41 44 51 57 58
6 37 38 44 49 55 56
6 36 43 48 50 52 53
4 24 36 47 52
6 37 43 46 53 56 59
5 47 52 53 59 60
6 41 42 45 54 58 62
4 47 48 50 60
5 43 47 49 50 59
5 30 42 51 62 67
5 44 46 56 57 65
6 46 49 55 59 61 65
7 44 45 55 58 63 65 71
6 45 51 57 62 63 66
6 49 50 53 56 60 61
5 50 52 59 61 64
6 56 59 60 64 65 68
5 51 54 58 66 67
4 57 58 66 71
3 60 61 68
8 55 56 57 61 68 70 71 72
6 58 62 63 67 69 71
5 54 62 66 69 77
4 61 64 65 70
5 66 67 71 74 77
4 65 68 72 75
8 57 63 65 66 69 72 73 74
6 65 70 71 73 75 76
4 71 72 74 76
6 69 71 73 76 77 78
3 70 72 76
5 72 73 74 75 78
4 67 69 74 78
3 74 76 77
END MAP
# Debug LEFT: Traceback (most recent call last):
# Debug LEFT:   File "C:\NYPC2026\src\main.py", line 657, in <module>
# Debug LEFT:     from evaluation_function import EvaluationFunction, Weights
# Debug LEFT:   File "C:\NYPC2026\src\evaluation_function.py", line 9, in <module>
# Debug LEFT:     from main import GameState, GameMap, Paths, Actions, Warrior, WState
# Debug LEFT:   File "C:\NYPC2026\src\main.py", line 657, in <module>
# Debug LEFT:     from evaluation_function import EvaluationFunction, Weights
# Debug LEFT: ImportError: cannot import name 'EvaluationFunction' from 'evaluation_function' (consider renaming 'C:\\NYPC2026\\src\\evaluation_function.py' if it has the same name as a library you intended to import)
RESULT RIGHT_WIN WA
