[LEFT "COMMAND: python src/main.py"]
[RIGHT "COMMAND: python tools/testing-tool/sample-code.py"]
MAP
79 13
-10893 -10619 -10812 -10530 -9093 -8594 -8408 -7700 -9209 -8368 -8844 -8535 -6892 -6776 -7554 -5568 -5718 -5512 -5619 -4421 -4348 -4223 -4572 -3875 -3951 -3310 -3968 -3121 -3284 -2476 -1653 -1851 -1849 -2112 -1731 -840 -991 -493 -156 0 156 493 991 840 1731 2112 1849 1851 1653 2476 3284 3121 3968 3310 3951 3875 4572 4223 4348 4421 5619 5512 5718 5568 7554 6776 6892 8535 8844 8368 9209 7700 8408 8594 9093 10530 10812 10619 10893
80 2094 -1212 -2925 -128 -1046 -1891 -149 -4328 2149 -5717 5279 2409 -2773 -7135 891 5213 -5874 -8929 -5846 2966 -401 -3688 -2262 8954 -6450 -9673 4992 -7653 -5394 -10700 -8270 -3803 1683 -1469 -6954 7118 3958 1413 0 -1413 -3958 -7118 6954 1469 -1683 3803 8270 10700 5394 7653 -4992 9673 6450 -8954 2262 3688 401 -2966 5846 8929 5874 -5213 -891 7135 2773 -2409 -5279 5717 -2149 4328 149 1891 1046 128 2925 1212 -2094 -80
STRONGHOLDS 1 8 17 20 23 36 39 42 55 58 61 70 77
3 1 2 4
4 0 4 9 11
5 0 3 4 5 6
3 2 6 8
6 0 1 2 5 7 9
4 2 4 6 7
6 2 3 5 7 8 13
8 4 5 6 9 12 13 15 21
4 3 6 10 13
5 1 4 7 11 12
4 8 13 14 17
5 1 9 12 16 24
6 7 9 11 15 16 20
8 6 7 8 10 17 21 22 23
3 10 17 18
4 7 12 20 21
5 11 12 20 24 27
6 10 13 14 18 19 22
5 14 17 19 26 28
6 17 18 22 25 28 29
6 12 15 16 21 27 33
7 7 13 15 20 23 33 34
6 13 17 19 23 29 32
5 13 21 22 32 34
5 11 16 27 36 48
5 19 28 29 31 35
4 18 28 30 31
6 16 20 24 33 36 37
5 18 19 25 26 31
6 19 22 25 32 35 41
4 26 31 42 54
6 25 26 28 30 35 42
6 22 23 29 34 40 41
7 20 21 27 34 37 38 39
6 21 23 32 33 39 40
5 25 29 31 41 42
6 24 27 37 43 47 48
7 27 33 36 38 43 46 49
5 33 37 39 44 46
6 33 34 38 40 44 45
5 32 34 39 41 45
7 29 32 35 40 42 45 51
6 30 31 35 41 51 54
5 36 37 47 49 53
6 38 39 45 46 55 57
7 39 40 41 44 51 57 58
6 37 38 44 49 55 56
6 36 43 48 50 52 53
4 24 36 47 52
6 37 43 46 53 56 59
5 47 52 53 59 60
6 41 42 45 54 58 62
4 47 48 50 60
5 43 47 49 50 59
5 30 42 51 62 67
5 44 46 56 57 65
6 46 49 55 59 61 65
7 44 45 55 58 63 65 71
6 45 51 57 62 63 66
6 49 50 53 56 60 61
5 50 52 59 61 64
6 56 59 60 64 65 68
5 51 54 58 66 67
4 57 58 66 71
3 60 61 68
8 55 56 57 61 68 70 71 72
6 58 62 63 67 69 71
5 54 62 66 69 77
4 61 64 65 70
5 66 67 71 74 77
4 65 68 72 75
8 57 63 65 66 69 72 73 74
6 65 70 71 73 75 76
4 71 72 74 76
6 69 71 73 76 77 78
3 70 72 76
5 72 73 74 75 78
4 67 69 74 78
3 74 76 77
END MAP
# Debug LEFT: {"gold": 500, "income": 15, "upkeep": 6, "chosen_train": 1, "chosen_moves": 0, "chosen_upgrades": 0, "turn": 1}
TURN 1
COMMAND LEFT START
TRAIN 1
COMMAND LEFT END
COMMAND RIGHT START
MOVE B1 0
MOVE B2 0
MOVE B3 0
COMMAND RIGHT END
TURN 1 RESULT
TIME LEFT 21 5 RIGHT 21 5
TRAIN A4
MOVE B1 74
MOVE B2 74
MOVE B3 74
END TURN 1
# Debug LEFT: {"gold": 387, "income": 15, "upkeep": 8, "chosen_train": 1, "chosen_moves": 0, "chosen_upgrades": 0, "turn": 2}
TURN 2
COMMAND LEFT START
TRAIN 1
COMMAND LEFT END
COMMAND RIGHT START
COMMAND RIGHT END
TURN 2 RESULT
TIME LEFT 0 5 RIGHT 0 5
TRAIN A5
MOVE B1 71
MOVE B2 71
MOVE B3 71
END TURN 2
# Debug LEFT: {"gold": 272, "income": 15, "upkeep": 10, "chosen_train": 1, "chosen_moves": 0, "chosen_upgrades": 0, "turn": 3}
TURN 3
COMMAND LEFT START
TRAIN 1
COMMAND LEFT END
COMMAND RIGHT START
COMMAND RIGHT END
TURN 3 RESULT
TIME LEFT 0 5 RIGHT 0 5
TRAIN A6
MOVE B1 57
MOVE B2 57
MOVE B3 57
END TURN 3
# Debug LEFT: {"gold": 155, "income": 15, "upkeep": 12, "chosen_train": 1, "chosen_moves": 0, "chosen_upgrades": 0, "turn": 4}
TURN 4
COMMAND LEFT START
TRAIN 1
COMMAND LEFT END
COMMAND RIGHT START
COMMAND RIGHT END
TURN 4 RESULT
TIME LEFT 1 5 RIGHT 0 5
TRAIN A7
MOVE B1 44
MOVE B2 44
MOVE B3 44
END TURN 4
# Debug LEFT: {"gold": 36, "income": 15, "upkeep": 14, "chosen_train": 0, "chosen_moves": 0, "chosen_upgrades": 0, "turn": 5}
TURN 5
COMMAND LEFT START
COMMAND LEFT END
COMMAND RIGHT START
COMMAND RIGHT END
TURN 5 RESULT
TIME LEFT 0 5 RIGHT 0 5
MOVE B1 38
MOVE B2 38
MOVE B3 38
END TURN 5
# Debug LEFT: {"gold": 37, "income": 15, "upkeep": 14, "chosen_train": 0, "chosen_moves": 0, "chosen_upgrades": 0, "turn": 6}
TURN 6
COMMAND LEFT START
COMMAND LEFT END
COMMAND RIGHT START
COMMAND RIGHT END
TURN 6 RESULT
TIME LEFT 0 5 RIGHT 0 5
MOVE B1 33
MOVE B2 33
MOVE B3 33
END TURN 6
# Debug LEFT: {"gold": 38, "income": 15, "upkeep": 14, "chosen_train": 0, "chosen_moves": 0, "chosen_upgrades": 0, "turn": 7}
TURN 7
COMMAND LEFT START
COMMAND LEFT END
COMMAND RIGHT START
COMMAND RIGHT END
TURN 7 RESULT
TIME LEFT 0 5 RIGHT 0 5
MOVE B1 21
MOVE B2 21
MOVE B3 21
END TURN 7
# Debug LEFT: {"gold": 39, "income": 15, "upkeep": 14, "chosen_train": 0, "chosen_moves": 0, "chosen_upgrades": 0, "turn": 8}
TURN 8
COMMAND LEFT START
COMMAND LEFT END
COMMAND RIGHT START
COMMAND RIGHT END
TURN 8 RESULT
TIME LEFT 0 5 RIGHT 0 5
MOVE B1 7
MOVE B2 7
MOVE B3 7
END TURN 8
# Debug LEFT: {"gold": 40, "income": 15, "upkeep": 14, "chosen_train": 0, "chosen_moves": 0, "chosen_upgrades": 0, "turn": 9}
TURN 9
COMMAND LEFT START
COMMAND LEFT END
COMMAND RIGHT START
COMMAND RIGHT END
TURN 9 RESULT
TIME LEFT 0 5 RIGHT 0 5
MOVE B1 4
MOVE B2 4
MOVE B3 4
END TURN 9
# Debug LEFT: {"gold": 41, "income": 15, "upkeep": 14, "chosen_train": 0, "chosen_moves": 0, "chosen_upgrades": 0, "turn": 10}
TURN 10
COMMAND LEFT START
COMMAND LEFT END
COMMAND RIGHT START
COMMAND RIGHT END
TURN 10 RESULT
TIME LEFT 0 5 RIGHT 0 5
MOVE B1 0
MOVE B2 0
MOVE B3 0
DAMAGE TURRET B1 1
DAMAGE COMBAT A1 3
DAMAGE COMBAT B1 3
DAMAGE COMBAT B2 4
END TURN 10
# Debug LEFT: {"gold": 42, "income": 15, "upkeep": 14, "chosen_train": 0, "chosen_moves": 0, "chosen_upgrades": 0, "turn": 11}
TURN 11
COMMAND LEFT START
COMMAND LEFT END
COMMAND RIGHT START
COMMAND RIGHT END
TURN 11 RESULT
TIME LEFT 0 5 RIGHT 0 5
DAMAGE TURRET B3 1
DAMAGE COMBAT A1 1
DAMAGE COMBAT B3 3
END TURN 11
# Debug LEFT: {"gold": 45, "income": 15, "upkeep": 12, "chosen_train": 0, "chosen_moves": 0, "chosen_upgrades": 0, "turn": 12}
TURN 12
COMMAND LEFT START
COMMAND LEFT END
COMMAND RIGHT START
COMMAND RIGHT END
TURN 12 RESULT
TIME LEFT 0 5 RIGHT 0 5
END TURN 12
# Debug LEFT: {"gold": 48, "income": 15, "upkeep": 12, "chosen_train": 0, "chosen_moves": 0, "chosen_upgrades": 0, "turn": 13}
TURN 13
COMMAND LEFT START
COMMAND LEFT END
COMMAND RIGHT START
COMMAND RIGHT END
TURN 13 RESULT
TIME LEFT 0 5 RIGHT 0 5
END TURN 13
# Debug LEFT: {"gold": 51, "income": 15, "upkeep": 12, "chosen_train": 0, "chosen_moves": 0, "chosen_upgrades": 0, "turn": 14}
TURN 14
COMMAND LEFT START
COMMAND LEFT END
COMMAND RIGHT START
COMMAND RIGHT END
TURN 14 RESULT
TIME LEFT 0 5 RIGHT 0 5
END TURN 14
# Debug LEFT: {"gold": 54, "income": 15, "upkeep": 12, "chosen_train": 0, "chosen_moves": 0, "chosen_upgrades": 0, "turn": 15}
TURN 15
COMMAND LEFT START
COMMAND LEFT END
COMMAND RIGHT START
COMMAND RIGHT END
TURN 15 RESULT
TIME LEFT 0 5 RIGHT 0 5
END TURN 15
# Debug LEFT: {"gold": 57, "income": 15, "upkeep": 12, "chosen_train": 0, "chosen_moves": 0, "chosen_upgrades": 0, "turn": 16}
TURN 16
COMMAND LEFT START
COMMAND LEFT END
COMMAND RIGHT START
COMMAND RIGHT END
TURN 16 RESULT
TIME LEFT 0 5 RIGHT 0 5
END TURN 16
# Debug LEFT: {"gold": 60, "income": 15, "upkeep": 12, "chosen_train": 0, "chosen_moves": 0, "chosen_upgrades": 0, "turn": 17}
TURN 17
COMMAND LEFT START
COMMAND LEFT END
COMMAND RIGHT START
COMMAND RIGHT END
TURN 17 RESULT
TIME LEFT 0 5 RIGHT 0 5
END TURN 17
# Debug LEFT: {"gold": 63, "income": 15, "upkeep": 12, "chosen_train": 0, "chosen_moves": 0, "chosen_upgrades": 0, "turn": 18}
TURN 18
COMMAND LEFT START
COMMAND LEFT END
COMMAND RIGHT START
COMMAND RIGHT END
TURN 18 RESULT
TIME LEFT 0 5 RIGHT 0 5
END TURN 18
# Debug LEFT: {"gold": 66, "income": 15, "upkeep": 12, "chosen_train": 0, "chosen_moves": 0, "chosen_upgrades": 0, "turn": 19}
TURN 19
COMMAND LEFT START
COMMAND LEFT END
COMMAND RIGHT START
COMMAND RIGHT END
TURN 19 RESULT
TIME LEFT 0 5 RIGHT 0 5
END TURN 19
# Debug LEFT: {"gold": 69, "income": 15, "upkeep": 12, "chosen_train": 0, "chosen_moves": 0, "chosen_upgrades": 0, "turn": 20}
TURN 20
COMMAND LEFT START
COMMAND LEFT END
COMMAND RIGHT START
COMMAND RIGHT END
TURN 20 RESULT
TIME LEFT 0 5 RIGHT 0 5
END TURN 20
# Debug LEFT: {"gold": 72, "income": 15, "upkeep": 12, "chosen_train": 0, "chosen_moves": 0, "chosen_upgrades": 0, "turn": 21}
TURN 21
COMMAND LEFT START
COMMAND LEFT END
COMMAND RIGHT START
COMMAND RIGHT END
TURN 21 RESULT
TIME LEFT 0 5 RIGHT 0 5
END TURN 21
# Debug LEFT: {"gold": 75, "income": 15, "upkeep": 12, "chosen_train": 0, "chosen_moves": 0, "chosen_upgrades": 0, "turn": 22}
TURN 22
COMMAND LEFT START
COMMAND LEFT END
COMMAND RIGHT START
COMMAND RIGHT END
TURN 22 RESULT
TIME LEFT 0 5 RIGHT 0 5
END TURN 22
# Debug LEFT: {"gold": 78, "income": 15, "upkeep": 12, "chosen_train": 0, "chosen_moves": 0, "chosen_upgrades": 0, "turn": 23}
TURN 23
COMMAND LEFT START
COMMAND LEFT END
COMMAND RIGHT START
COMMAND RIGHT END
TURN 23 RESULT
TIME LEFT 0 5 RIGHT 0 5
END TURN 23
# Debug LEFT: {"gold": 81, "income": 15, "upkeep": 12, "chosen_train": 0, "chosen_moves": 0, "chosen_upgrades": 0, "turn": 24}
TURN 24
COMMAND LEFT START
COMMAND LEFT END
COMMAND RIGHT START
COMMAND RIGHT END
TURN 24 RESULT
TIME LEFT 0 5 RIGHT 0 5
END TURN 24
# Debug LEFT: {"gold": 84, "income": 15, "upkeep": 12, "chosen_train": 0, "chosen_moves": 0, "chosen_upgrades": 0, "turn": 25}
TURN 25
COMMAND LEFT START
COMMAND LEFT END
COMMAND RIGHT START
COMMAND RIGHT END
TURN 25 RESULT
TIME LEFT 0 5 RIGHT 0 5
END TURN 25
# Debug LEFT: {"gold": 87, "income": 15, "upkeep": 12, "chosen_train": 0, "chosen_moves": 0, "chosen_upgrades": 0, "turn": 26}
TURN 26
COMMAND LEFT START
COMMAND LEFT END
COMMAND RIGHT START
COMMAND RIGHT END
TURN 26 RESULT
TIME LEFT 0 5 RIGHT 0 5
END TURN 26
# Debug LEFT: {"gold": 90, "income": 15, "upkeep": 12, "chosen_train": 0, "chosen_moves": 0, "chosen_upgrades": 0, "turn": 27}
TURN 27
COMMAND LEFT START
COMMAND LEFT END
COMMAND RIGHT START
COMMAND RIGHT END
TURN 27 RESULT
TIME LEFT 0 5 RIGHT 0 5
END TURN 27
# Debug LEFT: {"gold": 93, "income": 15, "upkeep": 12, "chosen_train": 0, "chosen_moves": 0, "chosen_upgrades": 0, "turn": 28}
TURN 28
COMMAND LEFT START
COMMAND LEFT END
COMMAND RIGHT START
COMMAND RIGHT END
TURN 28 RESULT
TIME LEFT 0 5 RIGHT 0 5
END TURN 28
# Debug LEFT: {"gold": 96, "income": 15, "upkeep": 12, "chosen_train": 0, "chosen_moves": 0, "chosen_upgrades": 0, "turn": 29}
TURN 29
COMMAND LEFT START
COMMAND LEFT END
COMMAND RIGHT START
COMMAND RIGHT END
TURN 29 RESULT
TIME LEFT 0 5 RIGHT 0 5
END TURN 29
# Debug LEFT: {"gold": 99, "income": 15, "upkeep": 12, "chosen_train": 0, "chosen_moves": 0, "chosen_upgrades": 0, "turn": 30}
TURN 30
COMMAND LEFT START
COMMAND LEFT END
COMMAND RIGHT START
COMMAND RIGHT END
TURN 30 RESULT
TIME LEFT 1 5 RIGHT 0 5
END TURN 30
# Debug LEFT: {"gold": 102, "income": 15, "upkeep": 12, "chosen_train": 0, "chosen_moves": 0, "chosen_upgrades": 0, "turn": 31}
TURN 31
COMMAND LEFT START
COMMAND LEFT END
COMMAND RIGHT START
COMMAND RIGHT END
TURN 31 RESULT
TIME LEFT 0 5 RIGHT 0 5
END TURN 31
# Debug LEFT: {"gold": 105, "income": 15, "upkeep": 12, "chosen_train": 0, "chosen_moves": 0, "chosen_upgrades": 0, "turn": 32}
TURN 32
COMMAND LEFT START
COMMAND LEFT END
COMMAND RIGHT START
COMMAND RIGHT END
TURN 32 RESULT
TIME LEFT 0 5 RIGHT 0 5
END TURN 32
# Debug LEFT: {"gold": 108, "income": 15, "upkeep": 12, "chosen_train": 0, "chosen_moves": 0, "chosen_upgrades": 0, "turn": 33}
TURN 33
COMMAND LEFT START
COMMAND LEFT END
COMMAND RIGHT START
COMMAND RIGHT END
TURN 33 RESULT
TIME LEFT 0 5 RIGHT 0 5
END TURN 33
# Debug LEFT: {"gold": 111, "income": 15, "upkeep": 12, "chosen_train": 0, "chosen_moves": 0, "chosen_upgrades": 0, "turn": 34}
TURN 34
COMMAND LEFT START
COMMAND LEFT END
COMMAND RIGHT START
COMMAND RIGHT END
TURN 34 RESULT
TIME LEFT 0 5 RIGHT 0 5
END TURN 34
# Debug LEFT: {"gold": 114, "income": 15, "upkeep": 12, "chosen_train": 0, "chosen_moves": 0, "chosen_upgrades": 0, "turn": 35}
TURN 35
COMMAND LEFT START
COMMAND LEFT END
COMMAND RIGHT START
COMMAND RIGHT END
TURN 35 RESULT
TIME LEFT 0 5 RIGHT 0 5
END TURN 35
# Debug LEFT: {"gold": 117, "income": 15, "upkeep": 12, "chosen_train": 0, "chosen_moves": 0, "chosen_upgrades": 0, "turn": 36}
TURN 36
COMMAND LEFT START
COMMAND LEFT END
COMMAND RIGHT START
COMMAND RIGHT END
TURN 36 RESULT
TIME LEFT 0 5 RIGHT 0 5
END TURN 36
# Debug LEFT: {"gold": 120, "income": 15, "upkeep": 12, "chosen_train": 1, "chosen_moves": 0, "chosen_upgrades": 0, "turn": 37}
TURN 37
COMMAND LEFT START
TRAIN 1
COMMAND LEFT END
COMMAND RIGHT START
COMMAND RIGHT END
TURN 37 RESULT
TIME LEFT 0 5 RIGHT 0 5
TRAIN A8
END TURN 37
# Debug LEFT: {"gold": 1, "income": 15, "upkeep": 14, "chosen_train": 0, "chosen_moves": 0, "chosen_upgrades": 0, "turn": 38}
TURN 38
COMMAND LEFT START
COMMAND LEFT END
COMMAND RIGHT START
COMMAND RIGHT END
TURN 38 RESULT
TIME LEFT 0 5 RIGHT 0 5
END TURN 38
# Debug LEFT: {"gold": 2, "income": 15, "upkeep": 14, "chosen_train": 0, "chosen_moves": 0, "chosen_upgrades": 0, "turn": 39}
TURN 39
COMMAND LEFT START
COMMAND LEFT END
COMMAND RIGHT START
COMMAND RIGHT END
TURN 39 RESULT
TIME LEFT 0 5 RIGHT 0 5
END TURN 39
# Debug LEFT: {"gold": 3, "income": 15, "upkeep": 14, "chosen_train": 0, "chosen_moves": 0, "chosen_upgrades": 0, "turn": 40}
TURN 40
COMMAND LEFT START
COMMAND LEFT END
COMMAND RIGHT START
COMMAND RIGHT END
TURN 40 RESULT
TIME LEFT 0 5 RIGHT 0 5
END TURN 40
# Debug LEFT: {"gold": 4, "income": 15, "upkeep": 14, "chosen_train": 0, "chosen_moves": 0, "chosen_upgrades": 0, "turn": 41}
TURN 41
COMMAND LEFT START
COMMAND LEFT END
COMMAND RIGHT START
COMMAND RIGHT END
TURN 41 RESULT
TIME LEFT 0 5 RIGHT 0 5
END TURN 41
# Debug LEFT: {"gold": 5, "income": 15, "upkeep": 14, "chosen_train": 0, "chosen_moves": 0, "chosen_upgrades": 0, "turn": 42}
TURN 42
COMMAND LEFT START
COMMAND LEFT END
COMMAND RIGHT START
COMMAND RIGHT END
TURN 42 RESULT
TIME LEFT 0 5 RIGHT 0 5
END TURN 42
# Debug LEFT: {"gold": 6, "income": 15, "upkeep": 14, "chosen_train": 0, "chosen_moves": 0, "chosen_upgrades": 0, "turn": 43}
TURN 43
COMMAND LEFT START
COMMAND LEFT END
COMMAND RIGHT START
COMMAND RIGHT END
TURN 43 RESULT
TIME LEFT 0 5 RIGHT 0 5
END TURN 43
# Debug LEFT: {"gold": 7, "income": 15, "upkeep": 14, "chosen_train": 0, "chosen_moves": 0, "chosen_upgrades": 0, "turn": 44}
TURN 44
COMMAND LEFT START
COMMAND LEFT END
COMMAND RIGHT START
COMMAND RIGHT END
TURN 44 RESULT
TIME LEFT 0 5 RIGHT 0 5
END TURN 44
# Debug LEFT: {"gold": 8, "income": 15, "upkeep": 14, "chosen_train": 0, "chosen_moves": 0, "chosen_upgrades": 0, "turn": 45}
TURN 45
COMMAND LEFT START
COMMAND LEFT END
COMMAND RIGHT START
COMMAND RIGHT END
TURN 45 RESULT
TIME LEFT 0 5 RIGHT 0 5
END TURN 45
# Debug LEFT: {"gold": 9, "income": 15, "upkeep": 14, "chosen_train": 0, "chosen_moves": 0, "chosen_upgrades": 0, "turn": 46}
TURN 46
COMMAND LEFT START
COMMAND LEFT END
COMMAND RIGHT START
COMMAND RIGHT END
TURN 46 RESULT
TIME LEFT 0 5 RIGHT 0 5
END TURN 46
# Debug LEFT: {"gold": 10, "income": 15, "upkeep": 14, "chosen_train": 0, "chosen_moves": 0, "chosen_upgrades": 0, "turn": 47}
TURN 47
COMMAND LEFT START
COMMAND LEFT END
COMMAND RIGHT START
COMMAND RIGHT END
TURN 47 RESULT
TIME LEFT 0 5 RIGHT 0 5
END TURN 47
# Debug LEFT: {"gold": 11, "income": 15, "upkeep": 14, "chosen_train": 0, "chosen_moves": 0, "chosen_upgrades": 0, "turn": 48}
TURN 48
COMMAND LEFT START
COMMAND LEFT END
COMMAND RIGHT START
COMMAND RIGHT END
TURN 48 RESULT
TIME LEFT 0 5 RIGHT 0 5
END TURN 48
# Debug LEFT: {"gold": 12, "income": 15, "upkeep": 14, "chosen_train": 0, "chosen_moves": 0, "chosen_upgrades": 0, "turn": 49}
TURN 49
COMMAND LEFT START
COMMAND LEFT END
COMMAND RIGHT START
COMMAND RIGHT END
TURN 49 RESULT
TIME LEFT 0 5 RIGHT 0 5
END TURN 49
# Debug LEFT: {"gold": 13, "income": 15, "upkeep": 14, "chosen_train": 0, "chosen_moves": 0, "chosen_upgrades": 0, "turn": 50}
TURN 50
COMMAND LEFT START
COMMAND LEFT END
COMMAND RIGHT START
COMMAND RIGHT END
TURN 50 RESULT
TIME LEFT 0 5 RIGHT 0 5
END TURN 50
# Debug LEFT: {"gold": 14, "income": 15, "upkeep": 14, "chosen_train": 0, "chosen_moves": 0, "chosen_upgrades": 0, "turn": 51}
TURN 51
COMMAND LEFT START
COMMAND LEFT END
COMMAND RIGHT START
COMMAND RIGHT END
TURN 51 RESULT
TIME LEFT 0 5 RIGHT 0 5
END TURN 51
# Debug LEFT: {"gold": 15, "income": 15, "upkeep": 14, "chosen_train": 0, "chosen_moves": 0, "chosen_upgrades": 0, "turn": 52}
TURN 52
COMMAND LEFT START
COMMAND LEFT END
COMMAND RIGHT START
COMMAND RIGHT END
TURN 52 RESULT
TIME LEFT 0 5 RIGHT 0 5
END TURN 52
# Debug LEFT: {"gold": 16, "income": 15, "upkeep": 14, "chosen_train": 0, "chosen_moves": 0, "chosen_upgrades": 0, "turn": 53}
TURN 53
COMMAND LEFT START
COMMAND LEFT END
COMMAND RIGHT START
COMMAND RIGHT END
TURN 53 RESULT
TIME LEFT 0 5 RIGHT 0 5
END TURN 53
# Debug LEFT: {"gold": 17, "income": 15, "upkeep": 14, "chosen_train": 0, "chosen_moves": 0, "chosen_upgrades": 0, "turn": 54}
TURN 54
COMMAND LEFT START
COMMAND LEFT END
COMMAND RIGHT START
COMMAND RIGHT END
TURN 54 RESULT
TIME LEFT 0 5 RIGHT 0 5
END TURN 54
# Debug LEFT: {"gold": 18, "income": 15, "upkeep": 14, "chosen_train": 0, "chosen_moves": 0, "chosen_upgrades": 0, "turn": 55}
TURN 55
COMMAND LEFT START
COMMAND LEFT END
COMMAND RIGHT START
COMMAND RIGHT END
TURN 55 RESULT
TIME LEFT 0 5 RIGHT 0 5
END TURN 55
# Debug LEFT: {"gold": 19, "income": 15, "upkeep": 14, "chosen_train": 0, "chosen_moves": 0, "chosen_upgrades": 0, "turn": 56}
TURN 56
COMMAND LEFT START
COMMAND LEFT END
COMMAND RIGHT START
COMMAND RIGHT END
TURN 56 RESULT
TIME LEFT 0 5 RIGHT 0 5
END TURN 56
# Debug LEFT: {"gold": 20, "income": 15, "upkeep": 14, "chosen_train": 0, "chosen_moves": 0, "chosen_upgrades": 0, "turn": 57}
TURN 57
COMMAND LEFT START
COMMAND LEFT END
COMMAND RIGHT START
COMMAND RIGHT END
TURN 57 RESULT
TIME LEFT 0 5 RIGHT 0 5
END TURN 57
# Debug LEFT: {"gold": 21, "income": 15, "upkeep": 14, "chosen_train": 0, "chosen_moves": 0, "chosen_upgrades": 0, "turn": 58}
TURN 58
COMMAND LEFT START
COMMAND LEFT END
COMMAND RIGHT START
COMMAND RIGHT END
TURN 58 RESULT
TIME LEFT 0 5 RIGHT 0 5
END TURN 58
# Debug LEFT: {"gold": 22, "income": 15, "upkeep": 14, "chosen_train": 0, "chosen_moves": 0, "chosen_upgrades": 0, "turn": 59}
TURN 59
COMMAND LEFT START
COMMAND LEFT END
COMMAND RIGHT START
COMMAND RIGHT END
TURN 59 RESULT
TIME LEFT 1 5 RIGHT 1 5
END TURN 59
# Debug LEFT: {"gold": 23, "income": 15, "upkeep": 14, "chosen_train": 0, "chosen_moves": 0, "chosen_upgrades": 0, "turn": 60}
TURN 60
COMMAND LEFT START
COMMAND LEFT END
COMMAND RIGHT START
COMMAND RIGHT END
TURN 60 RESULT
TIME LEFT 0 5 RIGHT 1 5
END TURN 60
# Debug LEFT: {"gold": 24, "income": 15, "upkeep": 14, "chosen_train": 0, "chosen_moves": 0, "chosen_upgrades": 0, "turn": 61}
TURN 61
COMMAND LEFT START
COMMAND LEFT END
COMMAND RIGHT START
COMMAND RIGHT END
TURN 61 RESULT
TIME LEFT 0 5 RIGHT 0 5
END TURN 61
# Debug LEFT: {"gold": 25, "income": 15, "upkeep": 14, "chosen_train": 0, "chosen_moves": 0, "chosen_upgrades": 0, "turn": 62}
TURN 62
COMMAND LEFT START
COMMAND LEFT END
COMMAND RIGHT START
COMMAND RIGHT END
TURN 62 RESULT
TIME LEFT 0 5 RIGHT 0 5
END TURN 62
# Debug LEFT: {"gold": 26, "income": 15, "upkeep": 14, "chosen_train": 0, "chosen_moves": 0, "chosen_upgrades": 0, "turn": 63}
TURN 63
COMMAND LEFT START
COMMAND LEFT END
COMMAND RIGHT START
COMMAND RIGHT END
TURN 63 RESULT
TIME LEFT 0 5 RIGHT 0 5
END TURN 63
# Debug LEFT: {"gold": 27, "income": 15, "upkeep": 14, "chosen_train": 0, "chosen_moves": 0, "chosen_upgrades": 0, "turn": 64}
TURN 64
COMMAND LEFT START
COMMAND LEFT END
COMMAND RIGHT START
COMMAND RIGHT END
TURN 64 RESULT
TIME LEFT 0 5 RIGHT 0 5
END TURN 64
# Debug LEFT: {"gold": 28, "income": 15, "upkeep": 14, "chosen_train": 0, "chosen_moves": 0, "chosen_upgrades": 0, "turn": 65}
TURN 65
COMMAND LEFT START
COMMAND LEFT END
COMMAND RIGHT START
COMMAND RIGHT END
TURN 65 RESULT
TIME LEFT 0 5 RIGHT 0 5
END TURN 65
# Debug LEFT: {"gold": 29, "income": 15, "upkeep": 14, "chosen_train": 0, "chosen_moves": 0, "chosen_upgrades": 0, "turn": 66}
TURN 66
COMMAND LEFT START
COMMAND LEFT END
COMMAND RIGHT START
COMMAND RIGHT END
TURN 66 RESULT
TIME LEFT 0 5 RIGHT 0 5
END TURN 66
# Debug LEFT: {"gold": 30, "income": 15, "upkeep": 14, "chosen_train": 0, "chosen_moves": 0, "chosen_upgrades": 0, "turn": 67}
TURN 67
COMMAND LEFT START
COMMAND LEFT END
COMMAND RIGHT START
COMMAND RIGHT END
TURN 67 RESULT
TIME LEFT 0 5 RIGHT 0 5
END TURN 67
# Debug LEFT: {"gold": 31, "income": 15, "upkeep": 14, "chosen_train": 0, "chosen_moves": 0, "chosen_upgrades": 0, "turn": 68}
TURN 68
COMMAND LEFT START
COMMAND LEFT END
COMMAND RIGHT START
COMMAND RIGHT END
TURN 68 RESULT
TIME LEFT 0 5 RIGHT 0 5
END TURN 68
# Debug LEFT: {"gold": 32, "income": 15, "upkeep": 14, "chosen_train": 0, "chosen_moves": 0, "chosen_upgrades": 0, "turn": 69}
TURN 69
COMMAND LEFT START
COMMAND LEFT END
COMMAND RIGHT START
COMMAND RIGHT END
TURN 69 RESULT
TIME LEFT 0 5 RIGHT 0 5
END TURN 69
# Debug LEFT: {"gold": 33, "income": 15, "upkeep": 14, "chosen_train": 0, "chosen_moves": 0, "chosen_upgrades": 0, "turn": 70}
TURN 70
COMMAND LEFT START
COMMAND LEFT END
COMMAND RIGHT START
COMMAND RIGHT END
TURN 70 RESULT
TIME LEFT 0 5 RIGHT 0 5
END TURN 70
# Debug LEFT: {"gold": 34, "income": 15, "upkeep": 14, "chosen_train": 0, "chosen_moves": 0, "chosen_upgrades": 0, "turn": 71}
TURN 71
COMMAND LEFT START
COMMAND LEFT END
COMMAND RIGHT START
COMMAND RIGHT END
TURN 71 RESULT
TIME LEFT 0 5 RIGHT 0 5
END TURN 71
# Debug LEFT: {"gold": 35, "income": 15, "upkeep": 14, "chosen_train": 0, "chosen_moves": 0, "chosen_upgrades": 0, "turn": 72}
TURN 72
COMMAND LEFT START
COMMAND LEFT END
COMMAND RIGHT START
COMMAND RIGHT END
TURN 72 RESULT
TIME LEFT 0 5 RIGHT 0 5
END TURN 72
# Debug LEFT: {"gold": 36, "income": 15, "upkeep": 14, "chosen_train": 0, "chosen_moves": 0, "chosen_upgrades": 0, "turn": 73}
TURN 73
COMMAND LEFT START
COMMAND LEFT END
COMMAND RIGHT START
COMMAND RIGHT END
TURN 73 RESULT
TIME LEFT 0 5 RIGHT 0 5
END TURN 73
# Debug LEFT: {"gold": 37, "income": 15, "upkeep": 14, "chosen_train": 0, "chosen_moves": 0, "chosen_upgrades": 0, "turn": 74}
TURN 74
COMMAND LEFT START
COMMAND LEFT END
COMMAND RIGHT START
COMMAND RIGHT END
TURN 74 RESULT
TIME LEFT 0 5 RIGHT 0 5
END TURN 74
# Debug LEFT: {"gold": 38, "income": 15, "upkeep": 14, "chosen_train": 0, "chosen_moves": 0, "chosen_upgrades": 0, "turn": 75}
TURN 75
COMMAND LEFT START
COMMAND LEFT END
COMMAND RIGHT START
COMMAND RIGHT END
TURN 75 RESULT
TIME LEFT 0 5 RIGHT 0 5
END TURN 75
# Debug LEFT: {"gold": 39, "income": 15, "upkeep": 14, "chosen_train": 0, "chosen_moves": 0, "chosen_upgrades": 0, "turn": 76}
TURN 76
COMMAND LEFT START
COMMAND LEFT END
COMMAND RIGHT START
COMMAND RIGHT END
TURN 76 RESULT
TIME LEFT 0 5 RIGHT 0 5
END TURN 76
# Debug LEFT: {"gold": 40, "income": 15, "upkeep": 14, "chosen_train": 0, "chosen_moves": 0, "chosen_upgrades": 0, "turn": 77}
TURN 77
COMMAND LEFT START
COMMAND LEFT END
COMMAND RIGHT START
COMMAND RIGHT END
TURN 77 RESULT
TIME LEFT 0 5 RIGHT 0 5
END TURN 77
# Debug LEFT: {"gold": 41, "income": 15, "upkeep": 14, "chosen_train": 0, "chosen_moves": 0, "chosen_upgrades": 0, "turn": 78}
TURN 78
COMMAND LEFT START
COMMAND LEFT END
COMMAND RIGHT START
COMMAND RIGHT END
TURN 78 RESULT
TIME LEFT 0 5 RIGHT 0 5
END TURN 78
# Debug LEFT: {"gold": 42, "income": 15, "upkeep": 14, "chosen_train": 0, "chosen_moves": 0, "chosen_upgrades": 0, "turn": 79}
TURN 79
COMMAND LEFT START
COMMAND LEFT END
COMMAND RIGHT START
COMMAND RIGHT END
TURN 79 RESULT
TIME LEFT 0 5 RIGHT 0 5
END TURN 79
# Debug LEFT: {"gold": 43, "income": 15, "upkeep": 14, "chosen_train": 0, "chosen_moves": 0, "chosen_upgrades": 0, "turn": 80}
TURN 80
COMMAND LEFT START
COMMAND LEFT END
COMMAND RIGHT START
COMMAND RIGHT END
TURN 80 RESULT
TIME LEFT 0 5 RIGHT 0 5
END TURN 80
# Debug LEFT: {"gold": 44, "income": 15, "upkeep": 14, "chosen_train": 0, "chosen_moves": 0, "chosen_upgrades": 0, "turn": 81}
TURN 81
COMMAND LEFT START
COMMAND LEFT END
COMMAND RIGHT START
COMMAND RIGHT END
TURN 81 RESULT
TIME LEFT 0 5 RIGHT 0 5
END TURN 81
# Debug LEFT: {"gold": 45, "income": 15, "upkeep": 14, "chosen_train": 0, "chosen_moves": 0, "chosen_upgrades": 0, "turn": 82}
TURN 82
COMMAND LEFT START
COMMAND LEFT END
COMMAND RIGHT START
COMMAND RIGHT END
TURN 82 RESULT
TIME LEFT 0 5 RIGHT 0 5
END TURN 82
# Debug LEFT: {"gold": 46, "income": 15, "upkeep": 14, "chosen_train": 0, "chosen_moves": 0, "chosen_upgrades": 0, "turn": 83}
TURN 83
COMMAND LEFT START
COMMAND LEFT END
COMMAND RIGHT START
COMMAND RIGHT END
TURN 83 RESULT
TIME LEFT 0 5 RIGHT 0 5
END TURN 83
# Debug LEFT: {"gold": 47, "income": 15, "upkeep": 14, "chosen_train": 0, "chosen_moves": 0, "chosen_upgrades": 0, "turn": 84}
TURN 84
COMMAND LEFT START
COMMAND LEFT END
COMMAND RIGHT START
COMMAND RIGHT END
TURN 84 RESULT
TIME LEFT 0 5 RIGHT 0 5
END TURN 84
# Debug LEFT: {"gold": 48, "income": 15, "upkeep": 14, "chosen_train": 0, "chosen_moves": 0, "chosen_upgrades": 0, "turn": 85}
TURN 85
COMMAND LEFT START
COMMAND LEFT END
COMMAND RIGHT START
COMMAND RIGHT END
TURN 85 RESULT
TIME LEFT 0 5 RIGHT 0 5
END TURN 85
# Debug LEFT: {"gold": 49, "income": 15, "upkeep": 14, "chosen_train": 0, "chosen_moves": 0, "chosen_upgrades": 0, "turn": 86}
TURN 86
COMMAND LEFT START
COMMAND LEFT END
COMMAND RIGHT START
COMMAND RIGHT END
TURN 86 RESULT
TIME LEFT 0 5 RIGHT 0 5
END TURN 86
# Debug LEFT: {"gold": 50, "income": 15, "upkeep": 14, "chosen_train": 0, "chosen_moves": 0, "chosen_upgrades": 0, "turn": 87}
TURN 87
COMMAND LEFT START
COMMAND LEFT END
COMMAND RIGHT START
COMMAND RIGHT END
TURN 87 RESULT
TIME LEFT 0 5 RIGHT 0 5
END TURN 87
# Debug LEFT: {"gold": 51, "income": 15, "upkeep": 14, "chosen_train": 0, "chosen_moves": 0, "chosen_upgrades": 0, "turn": 88}
TURN 88
COMMAND LEFT START
COMMAND LEFT END
COMMAND RIGHT START
COMMAND RIGHT END
TURN 88 RESULT
TIME LEFT 0 5 RIGHT 0 5
END TURN 88
# Debug LEFT: {"gold": 52, "income": 15, "upkeep": 14, "chosen_train": 0, "chosen_moves": 0, "chosen_upgrades": 0, "turn": 89}
TURN 89
COMMAND LEFT START
COMMAND LEFT END
COMMAND RIGHT START
COMMAND RIGHT END
TURN 89 RESULT
TIME LEFT 0 5 RIGHT 0 5
END TURN 89
# Debug LEFT: {"gold": 53, "income": 15, "upkeep": 14, "chosen_train": 0, "chosen_moves": 0, "chosen_upgrades": 0, "turn": 90}
TURN 90
COMMAND LEFT START
COMMAND LEFT END
COMMAND RIGHT START
COMMAND RIGHT END
TURN 90 RESULT
TIME LEFT 0 5 RIGHT 0 5
END TURN 90
# Debug LEFT: {"gold": 54, "income": 15, "upkeep": 14, "chosen_train": 0, "chosen_moves": 0, "chosen_upgrades": 0, "turn": 91}
TURN 91
COMMAND LEFT START
COMMAND LEFT END
COMMAND RIGHT START
COMMAND RIGHT END
TURN 91 RESULT
TIME LEFT 0 5 RIGHT 0 5
END TURN 91
# Debug LEFT: {"gold": 55, "income": 15, "upkeep": 14, "chosen_train": 0, "chosen_moves": 0, "chosen_upgrades": 0, "turn": 92}
TURN 92
COMMAND LEFT START
COMMAND LEFT END
COMMAND RIGHT START
COMMAND RIGHT END
TURN 92 RESULT
TIME LEFT 0 5 RIGHT 0 5
END TURN 92
# Debug LEFT: {"gold": 56, "income": 15, "upkeep": 14, "chosen_train": 0, "chosen_moves": 0, "chosen_upgrades": 0, "turn": 93}
TURN 93
COMMAND LEFT START
COMMAND LEFT END
COMMAND RIGHT START
COMMAND RIGHT END
TURN 93 RESULT
TIME LEFT 0 5 RIGHT 0 5
END TURN 93
# Debug LEFT: {"gold": 57, "income": 15, "upkeep": 14, "chosen_train": 0, "chosen_moves": 0, "chosen_upgrades": 0, "turn": 94}
TURN 94
COMMAND LEFT START
COMMAND LEFT END
COMMAND RIGHT START
COMMAND RIGHT END
TURN 94 RESULT
TIME LEFT 0 5 RIGHT 0 5
END TURN 94
# Debug LEFT: {"gold": 58, "income": 15, "upkeep": 14, "chosen_train": 0, "chosen_moves": 0, "chosen_upgrades": 0, "turn": 95}
TURN 95
COMMAND LEFT START
COMMAND LEFT END
COMMAND RIGHT START
COMMAND RIGHT END
TURN 95 RESULT
TIME LEFT 0 5 RIGHT 0 5
END TURN 95
# Debug LEFT: {"gold": 59, "income": 15, "upkeep": 14, "chosen_train": 0, "chosen_moves": 0, "chosen_upgrades": 0, "turn": 96}
TURN 96
COMMAND LEFT START
COMMAND LEFT END
COMMAND RIGHT START
COMMAND RIGHT END
TURN 96 RESULT
TIME LEFT 0 5 RIGHT 0 5
END TURN 96
# Debug LEFT: {"gold": 60, "income": 15, "upkeep": 14, "chosen_train": 0, "chosen_moves": 0, "chosen_upgrades": 0, "turn": 97}
TURN 97
COMMAND LEFT START
COMMAND LEFT END
COMMAND RIGHT START
COMMAND RIGHT END
TURN 97 RESULT
TIME LEFT 0 5 RIGHT 0 5
END TURN 97
# Debug LEFT: {"gold": 61, "income": 15, "upkeep": 14, "chosen_train": 0, "chosen_moves": 0, "chosen_upgrades": 0, "turn": 98}
TURN 98
COMMAND LEFT START
COMMAND LEFT END
COMMAND RIGHT START
COMMAND RIGHT END
TURN 98 RESULT
TIME LEFT 0 5 RIGHT 0 5
END TURN 98
# Debug LEFT: {"gold": 62, "income": 15, "upkeep": 14, "chosen_train": 0, "chosen_moves": 0, "chosen_upgrades": 0, "turn": 99}
TURN 99
COMMAND LEFT START
COMMAND LEFT END
COMMAND RIGHT START
COMMAND RIGHT END
TURN 99 RESULT
TIME LEFT 0 5 RIGHT 0 5
END TURN 99
# Debug LEFT: {"gold": 63, "income": 15, "upkeep": 14, "chosen_train": 0, "chosen_moves": 0, "chosen_upgrades": 0, "turn": 100}
TURN 100
COMMAND LEFT START
COMMAND LEFT END
COMMAND RIGHT START
COMMAND RIGHT END
TURN 100 RESULT
TIME LEFT 0 5 RIGHT 0 5
END TURN 100
# Debug LEFT: {"gold": 64, "income": 15, "upkeep": 14, "chosen_train": 0, "chosen_moves": 0, "chosen_upgrades": 0, "turn": 101}
TURN 101
COMMAND LEFT START
COMMAND LEFT END
COMMAND RIGHT START
COMMAND RIGHT END
TURN 101 RESULT
TIME LEFT 0 5 RIGHT 0 5
END TURN 101
# Debug LEFT: {"gold": 65, "income": 15, "upkeep": 14, "chosen_train": 0, "chosen_moves": 0, "chosen_upgrades": 0, "turn": 102}
TURN 102
COMMAND LEFT START
COMMAND LEFT END
COMMAND RIGHT START
COMMAND RIGHT END
TURN 102 RESULT
TIME LEFT 0 5 RIGHT 0 5
END TURN 102
# Debug LEFT: {"gold": 66, "income": 15, "upkeep": 14, "chosen_train": 0, "chosen_moves": 0, "chosen_upgrades": 0, "turn": 103}
TURN 103
COMMAND LEFT START
COMMAND LEFT END
COMMAND RIGHT START
COMMAND RIGHT END
TURN 103 RESULT
TIME LEFT 0 5 RIGHT 0 5
END TURN 103
# Debug LEFT: {"gold": 67, "income": 15, "upkeep": 14, "chosen_train": 0, "chosen_moves": 0, "chosen_upgrades": 0, "turn": 104}
TURN 104
COMMAND LEFT START
COMMAND LEFT END
COMMAND RIGHT START
COMMAND RIGHT END
TURN 104 RESULT
TIME LEFT 0 5 RIGHT 0 5
END TURN 104
# Debug LEFT: {"gold": 68, "income": 15, "upkeep": 14, "chosen_train": 0, "chosen_moves": 0, "chosen_upgrades": 0, "turn": 105}
TURN 105
COMMAND LEFT START
COMMAND LEFT END
COMMAND RIGHT START
COMMAND RIGHT END
TURN 105 RESULT
TIME LEFT 0 5 RIGHT 1 5
END TURN 105
# Debug LEFT: {"gold": 69, "income": 15, "upkeep": 14, "chosen_train": 0, "chosen_moves": 0, "chosen_upgrades": 0, "turn": 106}
TURN 106
COMMAND LEFT START
COMMAND LEFT END
COMMAND RIGHT START
COMMAND RIGHT END
TURN 106 RESULT
TIME LEFT 0 5 RIGHT 0 5
END TURN 106
# Debug LEFT: {"gold": 70, "income": 15, "upkeep": 14, "chosen_train": 0, "chosen_moves": 0, "chosen_upgrades": 0, "turn": 107}
TURN 107
COMMAND LEFT START
COMMAND LEFT END
COMMAND RIGHT START
COMMAND RIGHT END
TURN 107 RESULT
TIME LEFT 0 5 RIGHT 0 5
END TURN 107
# Debug LEFT: {"gold": 71, "income": 15, "upkeep": 14, "chosen_train": 0, "chosen_moves": 0, "chosen_upgrades": 0, "turn": 108}
TURN 108
COMMAND LEFT START
COMMAND LEFT END
COMMAND RIGHT START
COMMAND RIGHT END
TURN 108 RESULT
TIME LEFT 0 5 RIGHT 0 5
END TURN 108
# Debug LEFT: {"gold": 72, "income": 15, "upkeep": 14, "chosen_train": 0, "chosen_moves": 0, "chosen_upgrades": 0, "turn": 109}
TURN 109
COMMAND LEFT START
COMMAND LEFT END
COMMAND RIGHT START
COMMAND RIGHT END
TURN 109 RESULT
TIME LEFT 0 5 RIGHT 0 5
END TURN 109
# Debug LEFT: {"gold": 73, "income": 15, "upkeep": 14, "chosen_train": 0, "chosen_moves": 0, "chosen_upgrades": 0, "turn": 110}
TURN 110
COMMAND LEFT START
COMMAND LEFT END
COMMAND RIGHT START
COMMAND RIGHT END
TURN 110 RESULT
TIME LEFT 0 5 RIGHT 0 5
END TURN 110
# Debug LEFT: {"gold": 74, "income": 15, "upkeep": 14, "chosen_train": 0, "chosen_moves": 0, "chosen_upgrades": 0, "turn": 111}
TURN 111
COMMAND LEFT START
COMMAND LEFT END
COMMAND RIGHT START
COMMAND RIGHT END
TURN 111 RESULT
TIME LEFT 0 5 RIGHT 0 5
END TURN 111
# Debug LEFT: {"gold": 75, "income": 15, "upkeep": 14, "chosen_train": 0, "chosen_moves": 0, "chosen_upgrades": 0, "turn": 112}
TURN 112
COMMAND LEFT START
COMMAND LEFT END
COMMAND RIGHT START
COMMAND RIGHT END
TURN 112 RESULT
TIME LEFT 0 5 RIGHT 0 5
END TURN 112
# Debug LEFT: {"gold": 76, "income": 15, "upkeep": 14, "chosen_train": 0, "chosen_moves": 0, "chosen_upgrades": 0, "turn": 113}
TURN 113
COMMAND LEFT START
COMMAND LEFT END
COMMAND RIGHT START
COMMAND RIGHT END
TURN 113 RESULT
TIME LEFT 0 5 RIGHT 0 5
END TURN 113
# Debug LEFT: {"gold": 77, "income": 15, "upkeep": 14, "chosen_train": 0, "chosen_moves": 0, "chosen_upgrades": 0, "turn": 114}
TURN 114
COMMAND LEFT START
COMMAND LEFT END
COMMAND RIGHT START
COMMAND RIGHT END
TURN 114 RESULT
TIME LEFT 0 5 RIGHT 0 5
END TURN 114
# Debug LEFT: {"gold": 78, "income": 15, "upkeep": 14, "chosen_train": 0, "chosen_moves": 0, "chosen_upgrades": 0, "turn": 115}
TURN 115
COMMAND LEFT START
COMMAND LEFT END
COMMAND RIGHT START
COMMAND RIGHT END
TURN 115 RESULT
TIME LEFT 0 5 RIGHT 0 5
END TURN 115
# Debug LEFT: {"gold": 79, "income": 15, "upkeep": 14, "chosen_train": 0, "chosen_moves": 0, "chosen_upgrades": 0, "turn": 116}
TURN 116
COMMAND LEFT START
COMMAND LEFT END
COMMAND RIGHT START
COMMAND RIGHT END
TURN 116 RESULT
TIME LEFT 0 5 RIGHT 0 5
END TURN 116
# Debug LEFT: {"gold": 80, "income": 15, "upkeep": 14, "chosen_train": 0, "chosen_moves": 0, "chosen_upgrades": 0, "turn": 117}
TURN 117
COMMAND LEFT START
COMMAND LEFT END
COMMAND RIGHT START
COMMAND RIGHT END
TURN 117 RESULT
TIME LEFT 0 5 RIGHT 0 5
END TURN 117
# Debug LEFT: {"gold": 81, "income": 15, "upkeep": 14, "chosen_train": 0, "chosen_moves": 0, "chosen_upgrades": 0, "turn": 118}
TURN 118
COMMAND LEFT START
COMMAND LEFT END
COMMAND RIGHT START
COMMAND RIGHT END
TURN 118 RESULT
TIME LEFT 0 5 RIGHT 0 5
END TURN 118
# Debug LEFT: {"gold": 82, "income": 15, "upkeep": 14, "chosen_train": 0, "chosen_moves": 0, "chosen_upgrades": 0, "turn": 119}
TURN 119
COMMAND LEFT START
COMMAND LEFT END
COMMAND RIGHT START
COMMAND RIGHT END
TURN 119 RESULT
TIME LEFT 0 5 RIGHT 0 5
END TURN 119
# Debug LEFT: {"gold": 83, "income": 15, "upkeep": 14, "chosen_train": 0, "chosen_moves": 0, "chosen_upgrades": 0, "turn": 120}
TURN 120
COMMAND LEFT START
COMMAND LEFT END
COMMAND RIGHT START
COMMAND RIGHT END
TURN 120 RESULT
TIME LEFT 0 5 RIGHT 0 5
END TURN 120
# Debug LEFT: {"gold": 84, "income": 15, "upkeep": 14, "chosen_train": 0, "chosen_moves": 0, "chosen_upgrades": 0, "turn": 121}
TURN 121
COMMAND LEFT START
COMMAND LEFT END
COMMAND RIGHT START
COMMAND RIGHT END
TURN 121 RESULT
TIME LEFT 0 5 RIGHT 0 5
END TURN 121
# Debug LEFT: {"gold": 85, "income": 15, "upkeep": 14, "chosen_train": 0, "chosen_moves": 0, "chosen_upgrades": 0, "turn": 122}
TURN 122
COMMAND LEFT START
COMMAND LEFT END
COMMAND RIGHT START
COMMAND RIGHT END
TURN 122 RESULT
TIME LEFT 0 5 RIGHT 0 5
END TURN 122
# Debug LEFT: {"gold": 86, "income": 15, "upkeep": 14, "chosen_train": 0, "chosen_moves": 0, "chosen_upgrades": 0, "turn": 123}
TURN 123
COMMAND LEFT START
COMMAND LEFT END
COMMAND RIGHT START
COMMAND RIGHT END
TURN 123 RESULT
TIME LEFT 0 5 RIGHT 0 5
END TURN 123
# Debug LEFT: {"gold": 87, "income": 15, "upkeep": 14, "chosen_train": 0, "chosen_moves": 0, "chosen_upgrades": 0, "turn": 124}
TURN 124
COMMAND LEFT START
COMMAND LEFT END
COMMAND RIGHT START
COMMAND RIGHT END
TURN 124 RESULT
TIME LEFT 1 5 RIGHT 1 5
END TURN 124
# Debug LEFT: {"gold": 88, "income": 15, "upkeep": 14, "chosen_train": 0, "chosen_moves": 0, "chosen_upgrades": 0, "turn": 125}
TURN 125
COMMAND LEFT START
COMMAND LEFT END
COMMAND RIGHT START
COMMAND RIGHT END
TURN 125 RESULT
TIME LEFT 1 5 RIGHT 1 5
END TURN 125
# Debug LEFT: {"gold": 89, "income": 15, "upkeep": 14, "chosen_train": 0, "chosen_moves": 0, "chosen_upgrades": 0, "turn": 126}
TURN 126
COMMAND LEFT START
COMMAND LEFT END
COMMAND RIGHT START
COMMAND RIGHT END
TURN 126 RESULT
TIME LEFT 1 5 RIGHT 0 5
END TURN 126
# Debug LEFT: {"gold": 90, "income": 15, "upkeep": 14, "chosen_train": 0, "chosen_moves": 0, "chosen_upgrades": 0, "turn": 127}
TURN 127
COMMAND LEFT START
COMMAND LEFT END
COMMAND RIGHT START
COMMAND RIGHT END
TURN 127 RESULT
TIME LEFT 0 5 RIGHT 0 5
END TURN 127
# Debug LEFT: {"gold": 91, "income": 15, "upkeep": 14, "chosen_train": 0, "chosen_moves": 0, "chosen_upgrades": 0, "turn": 128}
TURN 128
COMMAND LEFT START
COMMAND LEFT END
COMMAND RIGHT START
COMMAND RIGHT END
TURN 128 RESULT
TIME LEFT 0 5 RIGHT 0 5
END TURN 128
# Debug LEFT: {"gold": 92, "income": 15, "upkeep": 14, "chosen_train": 0, "chosen_moves": 0, "chosen_upgrades": 0, "turn": 129}
TURN 129
COMMAND LEFT START
COMMAND LEFT END
COMMAND RIGHT START
COMMAND RIGHT END
TURN 129 RESULT
TIME LEFT 0 5 RIGHT 0 5
END TURN 129
# Debug LEFT: {"gold": 93, "income": 15, "upkeep": 14, "chosen_train": 0, "chosen_moves": 0, "chosen_upgrades": 0, "turn": 130}
TURN 130
COMMAND LEFT START
COMMAND LEFT END
COMMAND RIGHT START
COMMAND RIGHT END
TURN 130 RESULT
TIME LEFT 0 5 RIGHT 0 5
END TURN 130
# Debug LEFT: {"gold": 94, "income": 15, "upkeep": 14, "chosen_train": 0, "chosen_moves": 0, "chosen_upgrades": 0, "turn": 131}
TURN 131
COMMAND LEFT START
COMMAND LEFT END
COMMAND RIGHT START
COMMAND RIGHT END
TURN 131 RESULT
TIME LEFT 0 5 RIGHT 0 5
END TURN 131
# Debug LEFT: {"gold": 95, "income": 15, "upkeep": 14, "chosen_train": 0, "chosen_moves": 0, "chosen_upgrades": 0, "turn": 132}
TURN 132
COMMAND LEFT START
COMMAND LEFT END
COMMAND RIGHT START
COMMAND RIGHT END
TURN 132 RESULT
TIME LEFT 0 5 RIGHT 0 5
END TURN 132
# Debug LEFT: {"gold": 96, "income": 15, "upkeep": 14, "chosen_train": 0, "chosen_moves": 0, "chosen_upgrades": 0, "turn": 133}
TURN 133
COMMAND LEFT START
COMMAND LEFT END
COMMAND RIGHT START
COMMAND RIGHT END
TURN 133 RESULT
TIME LEFT 0 5 RIGHT 0 5
END TURN 133
# Debug LEFT: {"gold": 97, "income": 15, "upkeep": 14, "chosen_train": 0, "chosen_moves": 0, "chosen_upgrades": 0, "turn": 134}
TURN 134
COMMAND LEFT START
COMMAND LEFT END
COMMAND RIGHT START
COMMAND RIGHT END
TURN 134 RESULT
TIME LEFT 0 5 RIGHT 0 5
END TURN 134
# Debug LEFT: {"gold": 98, "income": 15, "upkeep": 14, "chosen_train": 0, "chosen_moves": 0, "chosen_upgrades": 0, "turn": 135}
TURN 135
COMMAND LEFT START
COMMAND LEFT END
COMMAND RIGHT START
COMMAND RIGHT END
TURN 135 RESULT
TIME LEFT 0 5 RIGHT 0 5
END TURN 135
# Debug LEFT: {"gold": 99, "income": 15, "upkeep": 14, "chosen_train": 0, "chosen_moves": 0, "chosen_upgrades": 0, "turn": 136}
TURN 136
COMMAND LEFT START
COMMAND LEFT END
COMMAND RIGHT START
COMMAND RIGHT END
TURN 136 RESULT
TIME LEFT 0 5 RIGHT 0 5
END TURN 136
# Debug LEFT: {"gold": 100, "income": 15, "upkeep": 14, "chosen_train": 0, "chosen_moves": 0, "chosen_upgrades": 0, "turn": 137}
TURN 137
COMMAND LEFT START
COMMAND LEFT END
COMMAND RIGHT START
COMMAND RIGHT END
TURN 137 RESULT
TIME LEFT 0 5 RIGHT 0 5
END TURN 137
# Debug LEFT: {"gold": 101, "income": 15, "upkeep": 14, "chosen_train": 0, "chosen_moves": 0, "chosen_upgrades": 0, "turn": 138}
TURN 138
COMMAND LEFT START
COMMAND LEFT END
COMMAND RIGHT START
COMMAND RIGHT END
TURN 138 RESULT
TIME LEFT 0 5 RIGHT 0 5
END TURN 138
# Debug LEFT: {"gold": 102, "income": 15, "upkeep": 14, "chosen_train": 0, "chosen_moves": 0, "chosen_upgrades": 0, "turn": 139}
TURN 139
COMMAND LEFT START
COMMAND LEFT END
COMMAND RIGHT START
COMMAND RIGHT END
TURN 139 RESULT
TIME LEFT 0 5 RIGHT 0 5
END TURN 139
# Debug LEFT: {"gold": 103, "income": 15, "upkeep": 14, "chosen_train": 0, "chosen_moves": 0, "chosen_upgrades": 0, "turn": 140}
TURN 140
COMMAND LEFT START
COMMAND LEFT END
COMMAND RIGHT START
COMMAND RIGHT END
TURN 140 RESULT
TIME LEFT 0 5 RIGHT 0 5
END TURN 140
# Debug LEFT: {"gold": 104, "income": 15, "upkeep": 14, "chosen_train": 0, "chosen_moves": 0, "chosen_upgrades": 0, "turn": 141}
TURN 141
COMMAND LEFT START
COMMAND LEFT END
COMMAND RIGHT START
COMMAND RIGHT END
TURN 141 RESULT
TIME LEFT 0 5 RIGHT 0 5
END TURN 141
# Debug LEFT: {"gold": 105, "income": 15, "upkeep": 14, "chosen_train": 0, "chosen_moves": 0, "chosen_upgrades": 0, "turn": 142}
TURN 142
COMMAND LEFT START
COMMAND LEFT END
COMMAND RIGHT START
COMMAND RIGHT END
TURN 142 RESULT
TIME LEFT 0 5 RIGHT 0 5
END TURN 142
# Debug LEFT: {"gold": 106, "income": 15, "upkeep": 14, "chosen_train": 0, "chosen_moves": 0, "chosen_upgrades": 0, "turn": 143}
TURN 143
COMMAND LEFT START
COMMAND LEFT END
COMMAND RIGHT START
COMMAND RIGHT END
TURN 143 RESULT
TIME LEFT 0 5 RIGHT 0 5
END TURN 143
# Debug LEFT: {"gold": 107, "income": 15, "upkeep": 14, "chosen_train": 0, "chosen_moves": 0, "chosen_upgrades": 0, "turn": 144}
TURN 144
COMMAND LEFT START
COMMAND LEFT END
COMMAND RIGHT START
COMMAND RIGHT END
TURN 144 RESULT
TIME LEFT 0 5 RIGHT 0 5
END TURN 144
# Debug LEFT: {"gold": 108, "income": 15, "upkeep": 14, "chosen_train": 0, "chosen_moves": 0, "chosen_upgrades": 0, "turn": 145}
TURN 145
COMMAND LEFT START
COMMAND LEFT END
COMMAND RIGHT START
COMMAND RIGHT END
TURN 145 RESULT
TIME LEFT 0 5 RIGHT 0 5
END TURN 145
# Debug LEFT: {"gold": 109, "income": 15, "upkeep": 14, "chosen_train": 0, "chosen_moves": 0, "chosen_upgrades": 0, "turn": 146}
TURN 146
COMMAND LEFT START
COMMAND LEFT END
COMMAND RIGHT START
COMMAND RIGHT END
TURN 146 RESULT
TIME LEFT 0 5 RIGHT 0 5
END TURN 146
# Debug LEFT: {"gold": 110, "income": 15, "upkeep": 14, "chosen_train": 0, "chosen_moves": 0, "chosen_upgrades": 0, "turn": 147}
TURN 147
COMMAND LEFT START
COMMAND LEFT END
COMMAND RIGHT START
COMMAND RIGHT END
TURN 147 RESULT
TIME LEFT 0 5 RIGHT 0 5
END TURN 147
# Debug LEFT: {"gold": 111, "income": 15, "upkeep": 14, "chosen_train": 0, "chosen_moves": 0, "chosen_upgrades": 0, "turn": 148}
TURN 148
COMMAND LEFT START
COMMAND LEFT END
COMMAND RIGHT START
COMMAND RIGHT END
TURN 148 RESULT
TIME LEFT 0 5 RIGHT 0 5
END TURN 148
# Debug LEFT: {"gold": 112, "income": 15, "upkeep": 14, "chosen_train": 0, "chosen_moves": 0, "chosen_upgrades": 0, "turn": 149}
TURN 149
COMMAND LEFT START
COMMAND LEFT END
COMMAND RIGHT START
COMMAND RIGHT END
TURN 149 RESULT
TIME LEFT 0 5 RIGHT 0 5
END TURN 149
# Debug LEFT: {"gold": 113, "income": 15, "upkeep": 14, "chosen_train": 0, "chosen_moves": 0, "chosen_upgrades": 0, "turn": 150}
TURN 150
COMMAND LEFT START
COMMAND LEFT END
COMMAND RIGHT START
COMMAND RIGHT END
TURN 150 RESULT
TIME LEFT 0 5 RIGHT 0 5
END TURN 150
# Debug LEFT: {"gold": 114, "income": 15, "upkeep": 14, "chosen_train": 0, "chosen_moves": 0, "chosen_upgrades": 0, "turn": 151}
TURN 151
COMMAND LEFT START
COMMAND LEFT END
COMMAND RIGHT START
COMMAND RIGHT END
TURN 151 RESULT
TIME LEFT 0 5 RIGHT 0 5
END TURN 151
# Debug LEFT: {"gold": 115, "income": 15, "upkeep": 14, "chosen_train": 0, "chosen_moves": 0, "chosen_upgrades": 0, "turn": 152}
TURN 152
COMMAND LEFT START
COMMAND LEFT END
COMMAND RIGHT START
COMMAND RIGHT END
TURN 152 RESULT
TIME LEFT 0 5 RIGHT 0 5
END TURN 152
# Debug LEFT: {"gold": 116, "income": 15, "upkeep": 14, "chosen_train": 0, "chosen_moves": 0, "chosen_upgrades": 0, "turn": 153}
TURN 153
COMMAND LEFT START
COMMAND LEFT END
COMMAND RIGHT START
COMMAND RIGHT END
TURN 153 RESULT
TIME LEFT 0 5 RIGHT 0 5
END TURN 153
# Debug LEFT: {"gold": 117, "income": 15, "upkeep": 14, "chosen_train": 0, "chosen_moves": 0, "chosen_upgrades": 0, "turn": 154}
TURN 154
COMMAND LEFT START
COMMAND LEFT END
COMMAND RIGHT START
COMMAND RIGHT END
TURN 154 RESULT
TIME LEFT 0 5 RIGHT 0 5
END TURN 154
# Debug LEFT: {"gold": 118, "income": 15, "upkeep": 14, "chosen_train": 0, "chosen_moves": 0, "chosen_upgrades": 0, "turn": 155}
TURN 155
COMMAND LEFT START
COMMAND LEFT END
COMMAND RIGHT START
COMMAND RIGHT END
TURN 155 RESULT
TIME LEFT 0 5 RIGHT 0 5
END TURN 155
# Debug LEFT: {"gold": 119, "income": 15, "upkeep": 14, "chosen_train": 0, "chosen_moves": 0, "chosen_upgrades": 0, "turn": 156}
TURN 156
COMMAND LEFT START
COMMAND LEFT END
COMMAND RIGHT START
COMMAND RIGHT END
TURN 156 RESULT
TIME LEFT 0 5 RIGHT 0 5
END TURN 156
# Debug LEFT: {"gold": 120, "income": 15, "upkeep": 14, "chosen_train": 1, "chosen_moves": 0, "chosen_upgrades": 0, "turn": 157}
TURN 157
COMMAND LEFT START
TRAIN 1
COMMAND LEFT END
COMMAND RIGHT START
COMMAND RIGHT END
TURN 157 RESULT
TIME LEFT 0 5 RIGHT 0 5
TRAIN A9
DAMAGE HUNGER A9 1
END TURN 157
# Debug LEFT: {"gold": 0, "income": 15, "upkeep": 16, "chosen_train": 0, "chosen_moves": 0, "chosen_upgrades": 0, "turn": 158}
TURN 158
COMMAND LEFT START
COMMAND LEFT END
COMMAND RIGHT START
COMMAND RIGHT END
TURN 158 RESULT
TIME LEFT 0 5 RIGHT 0 5
END TURN 158
# Debug LEFT: {"gold": 0, "income": 15, "upkeep": 16, "chosen_train": 0, "chosen_moves": 0, "chosen_upgrades": 0, "turn": 159}
TURN 159
COMMAND LEFT START
COMMAND LEFT END
COMMAND RIGHT START
COMMAND RIGHT END
TURN 159 RESULT
TIME LEFT 0 5 RIGHT 0 5
DAMAGE HUNGER A9 1
END TURN 159
# Debug LEFT: {"gold": 0, "income": 15, "upkeep": 16, "chosen_train": 0, "chosen_moves": 0, "chosen_upgrades": 0, "turn": 160}
TURN 160
COMMAND LEFT START
COMMAND LEFT END
COMMAND RIGHT START
COMMAND RIGHT END
TURN 160 RESULT
TIME LEFT 0 5 RIGHT 0 5
END TURN 160
# Debug LEFT: {"gold": 0, "income": 15, "upkeep": 16, "chosen_train": 0, "chosen_moves": 0, "chosen_upgrades": 0, "turn": 161}
TURN 161
COMMAND LEFT START
COMMAND LEFT END
COMMAND RIGHT START
COMMAND RIGHT END
TURN 161 RESULT
TIME LEFT 0 5 RIGHT 0 5
DAMAGE HUNGER A9 1
END TURN 161
# Debug LEFT: {"gold": 0, "income": 15, "upkeep": 16, "chosen_train": 0, "chosen_moves": 0, "chosen_upgrades": 0, "turn": 162}
TURN 162
COMMAND LEFT START
COMMAND LEFT END
COMMAND RIGHT START
COMMAND RIGHT END
TURN 162 RESULT
TIME LEFT 0 5 RIGHT 0 5
END TURN 162
# Debug LEFT: {"gold": 0, "income": 15, "upkeep": 16, "chosen_train": 0, "chosen_moves": 0, "chosen_upgrades": 0, "turn": 163}
TURN 163
COMMAND LEFT START
COMMAND LEFT END
COMMAND RIGHT START
COMMAND RIGHT END
TURN 163 RESULT
TIME LEFT 0 5 RIGHT 0 5
DAMAGE HUNGER A9 1
END TURN 163
# Debug LEFT: {"gold": 1, "income": 15, "upkeep": 14, "chosen_train": 0, "chosen_moves": 0, "chosen_upgrades": 0, "turn": 164}
TURN 164
COMMAND LEFT START
COMMAND LEFT END
COMMAND RIGHT START
COMMAND RIGHT END
TURN 164 RESULT
TIME LEFT 0 5 RIGHT 0 5
END TURN 164
# Debug LEFT: {"gold": 2, "income": 15, "upkeep": 14, "chosen_train": 0, "chosen_moves": 0, "chosen_upgrades": 0, "turn": 165}
TURN 165
COMMAND LEFT START
COMMAND LEFT END
COMMAND RIGHT START
COMMAND RIGHT END
TURN 165 RESULT
TIME LEFT 0 5 RIGHT 0 5
END TURN 165
# Debug LEFT: {"gold": 3, "income": 15, "upkeep": 14, "chosen_train": 0, "chosen_moves": 0, "chosen_upgrades": 0, "turn": 166}
TURN 166
COMMAND LEFT START
COMMAND LEFT END
COMMAND RIGHT START
COMMAND RIGHT END
TURN 166 RESULT
TIME LEFT 0 5 RIGHT 0 5
END TURN 166
# Debug LEFT: {"gold": 4, "income": 15, "upkeep": 14, "chosen_train": 0, "chosen_moves": 0, "chosen_upgrades": 0, "turn": 167}
TURN 167
COMMAND LEFT START
COMMAND LEFT END
COMMAND RIGHT START
COMMAND RIGHT END
TURN 167 RESULT
TIME LEFT 0 5 RIGHT 0 5
END TURN 167
# Debug LEFT: {"gold": 5, "income": 15, "upkeep": 14, "chosen_train": 0, "chosen_moves": 0, "chosen_upgrades": 0, "turn": 168}
TURN 168
COMMAND LEFT START
COMMAND LEFT END
COMMAND RIGHT START
COMMAND RIGHT END
TURN 168 RESULT
TIME LEFT 0 5 RIGHT 1 5
END TURN 168
# Debug LEFT: {"gold": 6, "income": 15, "upkeep": 14, "chosen_train": 0, "chosen_moves": 0, "chosen_upgrades": 0, "turn": 169}
TURN 169
COMMAND LEFT START
COMMAND LEFT END
COMMAND RIGHT START
COMMAND RIGHT END
TURN 169 RESULT
TIME LEFT 0 5 RIGHT 1 5
END TURN 169
# Debug LEFT: {"gold": 7, "income": 15, "upkeep": 14, "chosen_train": 0, "chosen_moves": 0, "chosen_upgrades": 0, "turn": 170}
TURN 170
COMMAND LEFT START
COMMAND LEFT END
COMMAND RIGHT START
COMMAND RIGHT END
TURN 170 RESULT
TIME LEFT 0 5 RIGHT 1 5
END TURN 170
# Debug LEFT: {"gold": 8, "income": 15, "upkeep": 14, "chosen_train": 0, "chosen_moves": 0, "chosen_upgrades": 0, "turn": 171}
TURN 171
COMMAND LEFT START
COMMAND LEFT END
COMMAND RIGHT START
COMMAND RIGHT END
TURN 171 RESULT
TIME LEFT 0 5 RIGHT 0 5
END TURN 171
# Debug LEFT: {"gold": 9, "income": 15, "upkeep": 14, "chosen_train": 0, "chosen_moves": 0, "chosen_upgrades": 0, "turn": 172}
TURN 172
COMMAND LEFT START
COMMAND LEFT END
COMMAND RIGHT START
COMMAND RIGHT END
TURN 172 RESULT
TIME LEFT 0 5 RIGHT 0 5
END TURN 172
# Debug LEFT: {"gold": 10, "income": 15, "upkeep": 14, "chosen_train": 0, "chosen_moves": 0, "chosen_upgrades": 0, "turn": 173}
TURN 173
COMMAND LEFT START
COMMAND LEFT END
COMMAND RIGHT START
COMMAND RIGHT END
TURN 173 RESULT
TIME LEFT 0 5 RIGHT 0 5
END TURN 173
# Debug LEFT: {"gold": 11, "income": 15, "upkeep": 14, "chosen_train": 0, "chosen_moves": 0, "chosen_upgrades": 0, "turn": 174}
TURN 174
COMMAND LEFT START
COMMAND LEFT END
COMMAND RIGHT START
COMMAND RIGHT END
TURN 174 RESULT
TIME LEFT 0 5 RIGHT 0 5
END TURN 174
# Debug LEFT: {"gold": 12, "income": 15, "upkeep": 14, "chosen_train": 0, "chosen_moves": 0, "chosen_upgrades": 0, "turn": 175}
TURN 175
COMMAND LEFT START
COMMAND LEFT END
COMMAND RIGHT START
COMMAND RIGHT END
TURN 175 RESULT
TIME LEFT 0 5 RIGHT 0 5
END TURN 175
# Debug LEFT: {"gold": 13, "income": 15, "upkeep": 14, "chosen_train": 0, "chosen_moves": 0, "chosen_upgrades": 0, "turn": 176}
TURN 176
COMMAND LEFT START
COMMAND LEFT END
COMMAND RIGHT START
COMMAND RIGHT END
TURN 176 RESULT
TIME LEFT 0 5 RIGHT 0 5
END TURN 176
# Debug LEFT: {"gold": 14, "income": 15, "upkeep": 14, "chosen_train": 0, "chosen_moves": 0, "chosen_upgrades": 0, "turn": 177}
TURN 177
COMMAND LEFT START
COMMAND LEFT END
COMMAND RIGHT START
COMMAND RIGHT END
TURN 177 RESULT
TIME LEFT 0 5 RIGHT 0 5
END TURN 177
# Debug LEFT: {"gold": 15, "income": 15, "upkeep": 14, "chosen_train": 0, "chosen_moves": 0, "chosen_upgrades": 0, "turn": 178}
TURN 178
COMMAND LEFT START
COMMAND LEFT END
COMMAND RIGHT START
COMMAND RIGHT END
TURN 178 RESULT
TIME LEFT 0 5 RIGHT 0 5
END TURN 178
# Debug LEFT: {"gold": 16, "income": 15, "upkeep": 14, "chosen_train": 0, "chosen_moves": 0, "chosen_upgrades": 0, "turn": 179}
TURN 179
COMMAND LEFT START
COMMAND LEFT END
COMMAND RIGHT START
COMMAND RIGHT END
TURN 179 RESULT
TIME LEFT 0 5 RIGHT 0 5
END TURN 179
# Debug LEFT: {"gold": 17, "income": 15, "upkeep": 14, "chosen_train": 0, "chosen_moves": 0, "chosen_upgrades": 0, "turn": 180}
TURN 180
COMMAND LEFT START
COMMAND LEFT END
COMMAND RIGHT START
COMMAND RIGHT END
TURN 180 RESULT
TIME LEFT 0 5 RIGHT 0 5
END TURN 180
# Debug LEFT: {"gold": 18, "income": 15, "upkeep": 14, "chosen_train": 0, "chosen_moves": 0, "chosen_upgrades": 0, "turn": 181}
TURN 181
COMMAND LEFT START
COMMAND LEFT END
COMMAND RIGHT START
COMMAND RIGHT END
TURN 181 RESULT
TIME LEFT 0 5 RIGHT 0 5
END TURN 181
# Debug LEFT: {"gold": 19, "income": 15, "upkeep": 14, "chosen_train": 0, "chosen_moves": 0, "chosen_upgrades": 0, "turn": 182}
TURN 182
COMMAND LEFT START
COMMAND LEFT END
COMMAND RIGHT START
COMMAND RIGHT END
TURN 182 RESULT
TIME LEFT 0 5 RIGHT 0 5
END TURN 182
# Debug LEFT: {"gold": 20, "income": 15, "upkeep": 14, "chosen_train": 0, "chosen_moves": 0, "chosen_upgrades": 0, "turn": 183}
TURN 183
COMMAND LEFT START
COMMAND LEFT END
COMMAND RIGHT START
COMMAND RIGHT END
TURN 183 RESULT
TIME LEFT 0 5 RIGHT 0 5
END TURN 183
# Debug LEFT: {"gold": 21, "income": 15, "upkeep": 14, "chosen_train": 0, "chosen_moves": 0, "chosen_upgrades": 0, "turn": 184}
TURN 184
COMMAND LEFT START
COMMAND LEFT END
COMMAND RIGHT START
COMMAND RIGHT END
TURN 184 RESULT
TIME LEFT 0 5 RIGHT 0 5
END TURN 184
# Debug LEFT: {"gold": 22, "income": 15, "upkeep": 14, "chosen_train": 0, "chosen_moves": 0, "chosen_upgrades": 0, "turn": 185}
TURN 185
COMMAND LEFT START
COMMAND LEFT END
COMMAND RIGHT START
COMMAND RIGHT END
TURN 185 RESULT
TIME LEFT 0 5 RIGHT 0 5
END TURN 185
# Debug LEFT: {"gold": 23, "income": 15, "upkeep": 14, "chosen_train": 0, "chosen_moves": 0, "chosen_upgrades": 0, "turn": 186}
TURN 186
COMMAND LEFT START
COMMAND LEFT END
COMMAND RIGHT START
COMMAND RIGHT END
TURN 186 RESULT
TIME LEFT 0 5 RIGHT 0 5
END TURN 186
# Debug LEFT: {"gold": 24, "income": 15, "upkeep": 14, "chosen_train": 0, "chosen_moves": 0, "chosen_upgrades": 0, "turn": 187}
TURN 187
COMMAND LEFT START
COMMAND LEFT END
COMMAND RIGHT START
COMMAND RIGHT END
TURN 187 RESULT
TIME LEFT 0 5 RIGHT 0 5
END TURN 187
# Debug LEFT: {"gold": 25, "income": 15, "upkeep": 14, "chosen_train": 0, "chosen_moves": 0, "chosen_upgrades": 0, "turn": 188}
TURN 188
COMMAND LEFT START
COMMAND LEFT END
COMMAND RIGHT START
COMMAND RIGHT END
TURN 188 RESULT
TIME LEFT 0 5 RIGHT 0 5
END TURN 188
# Debug LEFT: {"gold": 26, "income": 15, "upkeep": 14, "chosen_train": 0, "chosen_moves": 0, "chosen_upgrades": 0, "turn": 189}
TURN 189
COMMAND LEFT START
COMMAND LEFT END
COMMAND RIGHT START
COMMAND RIGHT END
TURN 189 RESULT
TIME LEFT 0 5 RIGHT 0 5
END TURN 189
# Debug LEFT: {"gold": 27, "income": 15, "upkeep": 14, "chosen_train": 0, "chosen_moves": 0, "chosen_upgrades": 0, "turn": 190}
TURN 190
COMMAND LEFT START
COMMAND LEFT END
COMMAND RIGHT START
COMMAND RIGHT END
TURN 190 RESULT
TIME LEFT 0 5 RIGHT 0 5
END TURN 190
# Debug LEFT: {"gold": 28, "income": 15, "upkeep": 14, "chosen_train": 0, "chosen_moves": 0, "chosen_upgrades": 0, "turn": 191}
TURN 191
COMMAND LEFT START
COMMAND LEFT END
COMMAND RIGHT START
COMMAND RIGHT END
TURN 191 RESULT
TIME LEFT 0 5 RIGHT 0 5
END TURN 191
# Debug LEFT: {"gold": 29, "income": 15, "upkeep": 14, "chosen_train": 0, "chosen_moves": 0, "chosen_upgrades": 0, "turn": 192}
TURN 192
COMMAND LEFT START
COMMAND LEFT END
COMMAND RIGHT START
COMMAND RIGHT END
TURN 192 RESULT
TIME LEFT 0 5 RIGHT 0 5
END TURN 192
# Debug LEFT: {"gold": 30, "income": 15, "upkeep": 14, "chosen_train": 0, "chosen_moves": 0, "chosen_upgrades": 0, "turn": 193}
TURN 193
COMMAND LEFT START
COMMAND LEFT END
COMMAND RIGHT START
COMMAND RIGHT END
TURN 193 RESULT
TIME LEFT 0 5 RIGHT 0 5
END TURN 193
# Debug LEFT: {"gold": 31, "income": 15, "upkeep": 14, "chosen_train": 0, "chosen_moves": 0, "chosen_upgrades": 0, "turn": 194}
TURN 194
COMMAND LEFT START
COMMAND LEFT END
COMMAND RIGHT START
COMMAND RIGHT END
TURN 194 RESULT
TIME LEFT 0 5 RIGHT 0 5
END TURN 194
# Debug LEFT: {"gold": 32, "income": 15, "upkeep": 14, "chosen_train": 0, "chosen_moves": 0, "chosen_upgrades": 0, "turn": 195}
TURN 195
COMMAND LEFT START
COMMAND LEFT END
COMMAND RIGHT START
COMMAND RIGHT END
TURN 195 RESULT
TIME LEFT 0 5 RIGHT 0 5
END TURN 195
# Debug LEFT: {"gold": 33, "income": 15, "upkeep": 14, "chosen_train": 0, "chosen_moves": 0, "chosen_upgrades": 0, "turn": 196}
TURN 196
COMMAND LEFT START
COMMAND LEFT END
COMMAND RIGHT START
COMMAND RIGHT END
TURN 196 RESULT
TIME LEFT 0 5 RIGHT 0 5
END TURN 196
# Debug LEFT: {"gold": 34, "income": 15, "upkeep": 14, "chosen_train": 0, "chosen_moves": 0, "chosen_upgrades": 0, "turn": 197}
TURN 197
COMMAND LEFT START
COMMAND LEFT END
COMMAND RIGHT START
COMMAND RIGHT END
TURN 197 RESULT
TIME LEFT 0 5 RIGHT 0 5
END TURN 197
# Debug LEFT: {"gold": 35, "income": 15, "upkeep": 14, "chosen_train": 0, "chosen_moves": 0, "chosen_upgrades": 0, "turn": 198}
TURN 198
COMMAND LEFT START
COMMAND LEFT END
COMMAND RIGHT START
COMMAND RIGHT END
TURN 198 RESULT
TIME LEFT 1 5 RIGHT 0 5
END TURN 198
# Debug LEFT: {"gold": 36, "income": 15, "upkeep": 14, "chosen_train": 0, "chosen_moves": 0, "chosen_upgrades": 0, "turn": 199}
TURN 199
COMMAND LEFT START
COMMAND LEFT END
COMMAND RIGHT START
COMMAND RIGHT END
TURN 199 RESULT
TIME LEFT 1 5 RIGHT 1 5
END TURN 199
# Debug LEFT: {"gold": 37, "income": 15, "upkeep": 14, "chosen_train": 0, "chosen_moves": 0, "chosen_upgrades": 0, "turn": 200}
TURN 200
COMMAND LEFT START
COMMAND LEFT END
COMMAND RIGHT START
COMMAND RIGHT END
TURN 200 RESULT
TIME LEFT 1 5 RIGHT 0 5
END TURN 200
RESULT DRAW TURN_LIMIT
