[LEFT "COMMAND: python src/main.py"]
[RIGHT "COMMAND: python tools/testing-tool/sample-code.py"]
MAP
105 19
-10615 -10205 -10355 -8758 -8488 -8383 -8116 -7301 -6856 -6785 -6933 -8182 -6671 -6613 -6128 -7339 -5877 -5042 -5066 -4953 -5422 -5010 -5449 -4937 -4856 -4404 -4291 -4385 -4452 -4275 -3700 -3887 -4302 -3461 -2779 -2161 -2884 -2677 -2789 -2750 -2845 -2016 -1941 -2563 -902 -1344 -1350 -831 -688 -1342 -250 -321 0 321 250 1342 688 831 1350 1344 902 2563 1941 2016 2845 2750 2789 2677 2884 2161 2779 3461 4302 3887 3700 4275 4452 4385 4291 4404 4856 4937 5449 5010 5422 4953 5066 5042 5877 7339 6128 6613 6671 8182 6933 6785 6856 7301 8116 8383 8488 8758 10355 10205 10615
791 3176 -1671 -2025 3291 5010 7233 -486 2234 3631 1220 -4656 -1771 -3163 5728 -7589 455 5470 -1295 -4919 -8476 4722 8686 -6729 3805 6632 -2848 -229 -8157 2396 -5994 712 -9751 4791 -7302 -10028 6930 -1766 5793 -524 9636 1877 3706 -4224 -3269 -6540 -197 4815 5959 7162 7199 9490 0 -9490 -7199 -7162 -5959 -4815 197 6540 3269 4224 -3706 -1877 -9636 524 -5793 1766 -6930 10028 7302 -4791 9751 -712 5994 -2396 8157 229 2848 -6632 -3805 6729 -8686 -4722 8476 4919 1295 -5470 -455 7589 -5728 3163 1771 4656 -1220 -3631 -2234 486 -7233 -5010 -3291 2025 1671 -3176 -791
STRONGHOLDS 1 11 16 21 22 32 39 45 49 52 55 59 65 72 82 83 88 93 103
6 1 2 3 4 7 10
3 0 4 5
3 0 3 11
6 0 2 7 11 12 13
6 0 1 5 8 9 10
5 1 4 6 9 14
3 5 14 22
5 0 3 10 12 16
6 4 9 10 16 24 29
6 4 5 8 14 21 24
5 0 4 7 8 16
5 2 3 13 15 19
5 3 7 13 16 18
6 3 11 12 18 19 26
7 5 6 9 17 21 22 25
4 11 19 20 23
8 7 8 10 12 18 27 29 31
4 14 21 25 33
6 12 13 16 26 27 37
7 11 13 15 23 26 30 43
4 15 23 28 32
5 9 14 17 24 33
5 6 14 25 36 40
6 15 19 20 28 30 34
5 8 9 21 29 33
6 14 17 22 33 36 38
5 13 18 19 37 43
5 16 18 31 37 39
5 20 23 32 34 35
7 8 16 24 31 33 41 42
5 19 23 34 43 45
5 16 27 29 39 41
3 20 28 35
7 17 21 24 25 29 38 42
5 23 28 30 35 45
5 28 32 34 45 53
5 22 25 38 40 49
7 18 26 27 39 43 44 46
7 25 33 36 42 47 48 49
5 27 31 37 41 46
4 22 36 49 51
7 29 31 39 42 46 52 60
6 29 33 38 41 47 60
6 19 26 30 37 44 45
8 37 43 45 46 52 57 62 63
9 30 34 35 43 44 53 54 56 57
5 37 39 41 44 52
5 38 42 48 59 60
5 38 47 49 50 59
6 36 38 40 48 50 51
4 48 49 51 59
5 40 49 50 59 69
6 41 44 46 58 60 63
5 35 45 54 55 64
4 45 53 55 56
6 53 54 56 64 66 68
5 45 54 55 57 66
5 44 45 56 62 66
5 52 60 63 65 67
9 47 48 50 51 60 61 69 70 74
8 41 42 47 52 58 59 61 67
6 59 60 67 74 78 85
6 44 57 63 66 71 75
7 44 52 58 62 65 73 75
4 53 55 68 82
5 58 63 67 73 77
7 55 56 57 62 68 71 79
7 58 60 61 65 77 78 86
5 55 64 66 79 82
5 51 59 70 72 76
5 59 69 74 76 81
7 62 66 75 79 80 83 87
3 69 76 84
5 63 65 75 77 88
5 59 61 70 81 85
7 62 63 71 73 80 88 96
5 69 70 72 81 84
5 65 67 73 86 88
5 61 67 85 86 91
6 66 68 71 82 87 90
5 71 75 83 95 96
6 70 74 76 84 85 89
5 64 68 79 90 98
5 71 80 87 90 95
4 72 76 81 89
7 61 74 78 81 89 91 93
6 67 77 78 88 91 92
4 71 79 83 90
8 73 75 77 86 92 94 96 97
4 81 84 85 93
7 79 82 83 87 95 98 99
6 78 85 86 92 93 101
5 86 88 91 97 101
5 85 89 91 101 102
5 88 96 97 100 104
6 80 83 90 96 99 100
6 75 80 88 94 95 100
5 88 92 94 101 104
3 82 90 99
5 90 95 98 100 103
6 94 95 96 99 103 104
6 91 92 93 97 102 104
3 93 101 104
3 99 100 104
6 94 97 100 101 102 103
END MAP
# Debug LEFT: Traceback (most recent call last):
# Debug LEFT:   File "C:\NYPC2026\src\main.py", line 657, in <module>
# Debug LEFT:     from evaluation_function import EvaluationFunction, Weights
# Debug LEFT:   File "C:\NYPC2026\src\evaluation_function.py", line 9, in <module>
# Debug LEFT:     from main import GameState, GameMap, Paths, Actions, Warrior, WState
# Debug LEFT:   File "C:\NYPC2026\src\main.py", line 657, in <module>
# Debug LEFT:     from evaluation_function import EvaluationFunction, Weights
# Debug LEFT: ImportError: cannot import name 'EvaluationFunction' from 'evaluation_function' (consider renaming 'C:\\NYPC2026\\src\\evaluation_function.py' if it has the same name as a library you intended to import)
RESULT RIGHT_WIN WA
