======================================================================
NYPC 2026 STEP 6A - Data-Driven Weight Sweep Runner
======================================================================
Project Root: C:\NYPC2026
Sweep Base Dir: C:\NYPC2026\logs\weight_sweep_step6a
Active Sweep Indices: [0]
Total Matches per Value: 20

======================================================================
[Sweep] w_train_n (TRAIN 행동 가중치 (TRAIN 점수 지배도 조절))
  Env Var: W_TRAIN_N
  Default: 50.0
  Values: [50, 30, 20, 15, 10, 7, 5, 3, 1]
  Matches per value: 20
======================================================================
  [Build] build.py 실행 중...
  [Build] 성공

  --- w_train_n = 50 (매칭 20개) ---
    [10/20] OK
    [20/20] OK
  --- 결과: 성공=20, 건너뜀=0, 실패=0, 소요=13.8초 ---

  --- w_train_n = 30 (매칭 20개) ---
    [10/20] OK
    [20/20] OK
  --- 결과: 성공=20, 건너뜀=0, 실패=0, 소요=13.4초 ---

  --- w_train_n = 20 (매칭 20개) ---
    [10/20] OK
    [20/20] OK
  --- 결과: 성공=20, 건너뜀=0, 실패=0, 소요=15.1초 ---

  --- w_train_n = 15 (매칭 20개) ---
    [10/20] OK
    [20/20] OK
  --- 결과: 성공=20, 건너뜀=0, 실패=0, 소요=14.3초 ---

  --- w_train_n = 10 (매칭 20개) ---
    [10/20] OK
    [20/20] OK
  --- 결과: 성공=20, 건너뜀=0, 실패=0, 소요=15.3초 ---

  --- w_train_n = 7 (매칭 20개) ---
    [10/20] OK
    [20/20] OK
  --- 결과: 성공=20, 건너뜀=0, 실패=0, 소요=14.3초 ---

  --- w_train_n = 5 (매칭 20개) ---
    [10/20] OK
    [20/20] OK
  --- 결과: 성공=20, 건너뜀=0, 실패=0, 소요=15.9초 ---

  --- w_train_n = 3 (매칭 20개) ---
    [10/20] OK
    [20/20] OK
  --- 결과: 성공=20, 건너뜀=0, 실패=0, 소요=14.0초 ---

  --- w_train_n = 1 (매칭 20개) ---
    [10/20] OK
    [20/20] OK
  --- 결과: 성공=20, 건너뜀=0, 실패=0, 소요=15.2초 ---

[Sweep] w_train_n 요약 저장: C:\NYPC2026\logs\weight_sweep_step6a\w_train_n\sweep_summary.json

======================================================================
전체 Sweep 완료. Master Summary: C:\NYPC2026\logs\weight_sweep_step6a\master_summary.json
======================================================================

다음 단계:
  1. python scripts/behavior_benchmark.py    # Behavior 메트릭 추출
  2. python scripts/weight_sweep_report.py    # 최종 Report + Ranking
