[LEFT "COMMAND: python C:\\NYPC2026\\tools\\testing-tool\\sample-code.py"]
[RIGHT "COMMAND: python C:\\NYPC2026\\tools\\testing-tool\\sample-code.py"]
MAP
85 17
-10281 -10176 -9174 -7908 -8006 -7674 -7831 -7400 -7306 -6579 -6068 -6164 -5518 -6489 -5289 -5000 -4936 -4234 -4557 -4217 -4355 -3924 -4992 -3063 -2975 -2649 -3556 -2806 -2549 -2429 -1927 -1894 -1308 -1920 -1446 -1736 -934 -1089 -706 -858 -164 -101 0 101 164 858 706 1089 934 1736 1446 1920 1308 1894 1927 2429 2549 2806 3556 2649 2975 3063 4992 3924 4355 4217 4557 4234 4936 5000 5289 6489 5518 6164 6068 6579 7306 7400 7831 7674 8006 7908 9174 10176 10281
-2036 2929 -6023 4022 -4487 -1726 -7408 1371 6138 -3460 -4842 -1498 -6341 -8543 1273 2452 201 3949 -895 -9687 -4416 -2386 7639 -705 -4443 7645 10028 -6153 1639 -8848 -7307 6685 -4705 -316 -2096 4770 10283 311 2906 -9354 6089 908 0 -908 -6089 9354 -2906 -311 -10283 -4770 2096 316 4705 -6685 7307 8848 -1639 6153 -10028 -7645 4443 705 -7639 2386 4416 9687 895 -3949 -201 -2452 -1273 8543 6341 1498 4842 3460 -6138 -1371 7408 1726 4487 -4022 6023 -2929 2036
STRONGHOLDS 1 2 10 26 27 33 38 40 42 44 46 51 57 58 74 82 83
5 1 2 4 5 7
4 0 3 7 8
3 0 4 6
5 1 7 8 15 17
6 0 2 5 6 9 10
5 0 4 7 9 11
5 2 4 10 12 13
8 0 1 3 5 11 14 15 16
4 1 3 17 22
6 4 5 10 11 20 21
5 4 6 9 12 20
6 5 7 9 16 18 21
6 6 10 13 19 20 27
3 6 12 19
4 7 15 16 28
5 3 7 14 17 28
6 7 11 14 18 23 28
8 3 8 15 22 25 28 31 35
4 11 16 21 23
5 12 13 27 29 39
6 9 10 12 21 24 27
7 9 11 18 20 23 24 34
4 8 17 25 26
6 16 18 21 28 33 34
5 20 21 27 32 34
6 17 22 26 31 36 45
3 22 25 36
7 12 19 20 24 29 30 32
10 14 15 16 17 23 33 35 37 38 41
4 19 27 30 39
5 27 29 32 39 44
5 17 25 35 40 45
7 24 27 30 34 44 46 49
5 23 28 34 37 43
7 21 23 24 32 33 43 46
6 17 28 31 38 40 52
3 25 26 45
5 28 33 41 42 43
5 28 35 41 50 52
7 19 29 30 44 48 53 59
5 31 35 45 52 54
7 28 37 38 42 47 50 51
4 37 41 43 47
7 33 34 37 42 46 47 56
5 30 32 39 49 53
7 25 31 36 40 54 55 65
5 32 34 43 49 56
5 41 42 43 51 56
3 39 58 59
6 32 44 46 53 56 67
7 38 41 51 52 60 61 63
5 41 47 50 56 61
7 35 38 40 50 54 57 60
5 39 44 49 59 67
5 40 45 52 55 57
4 45 54 57 65
10 43 46 47 49 51 61 67 68 69 70
7 52 54 55 60 64 65 72
3 48 59 62
6 39 48 53 58 62 67
5 50 52 57 63 64
6 50 51 56 63 66 68
4 58 59 67 76
7 50 60 61 64 66 73 75
6 57 60 63 72 74 75
5 45 55 57 71 72
4 61 63 68 73
8 49 53 56 59 62 69 76 81
6 56 61 66 70 73 77
5 56 67 70 77 81
4 56 68 69 77
3 65 72 78
6 57 64 65 71 74 78
6 63 66 68 75 77 79
5 64 72 75 78 80
6 63 64 73 74 79 80
4 62 67 81 83
8 68 69 70 73 79 81 83 84
5 71 72 74 80 82
5 73 75 77 80 84
6 74 75 78 79 82 84
5 67 69 76 77 83
3 78 80 84
4 76 77 81 84
5 77 79 80 82 83
END MAP
TURN 1
COMMAND LEFT START
MOVE A1 84
MOVE A2 84
MOVE A3 84
COMMAND LEFT END
COMMAND RIGHT START
MOVE B1 0
MOVE B2 0
MOVE B3 0
COMMAND RIGHT END
TURN 1 RESULT
TIME LEFT 29 5 RIGHT 24 5
MOVE A1 5
MOVE A2 5
MOVE A3 5
MOVE B1 79
MOVE B2 79
MOVE B3 79
END TURN 1
TURN 2
COMMAND LEFT START
COMMAND LEFT END
COMMAND RIGHT START
COMMAND RIGHT END
TURN 2 RESULT
TIME LEFT 0 5 RIGHT 0 5
MOVE A1 11
MOVE A2 11
MOVE A3 11
MOVE B1 73
MOVE B2 73
MOVE B3 73
END TURN 2
TURN 3
COMMAND LEFT START
COMMAND LEFT END
COMMAND RIGHT START
COMMAND RIGHT END
TURN 3 RESULT
TIME LEFT 0 5 RIGHT 0 5
MOVE A1 18
MOVE A2 18
MOVE A3 18
MOVE B1 66
MOVE B2 66
MOVE B3 66
END TURN 3
TURN 4
COMMAND LEFT START
COMMAND LEFT END
COMMAND RIGHT START
COMMAND RIGHT END
TURN 4 RESULT
TIME LEFT 0 5 RIGHT 0 5
MOVE A1 23
MOVE A2 23
MOVE A3 23
MOVE B1 61
MOVE B2 61
MOVE B3 61
END TURN 4
TURN 5
COMMAND LEFT START
COMMAND LEFT END
COMMAND RIGHT START
COMMAND RIGHT END
TURN 5 RESULT
TIME LEFT 0 5 RIGHT 0 5
MOVE A1 33
MOVE A2 33
MOVE A3 33
MOVE B1 51
MOVE B2 51
MOVE B3 51
END TURN 5
TURN 6
COMMAND LEFT START
COMMAND LEFT END
COMMAND RIGHT START
COMMAND RIGHT END
TURN 6 RESULT
TIME LEFT 0 5 RIGHT 0 5
MOVE A1 37
MOVE A2 37
MOVE A3 37
MOVE B1 41
MOVE B2 41
MOVE B3 41
END TURN 6
TURN 7
COMMAND LEFT START
COMMAND LEFT END
COMMAND RIGHT START
COMMAND RIGHT END
TURN 7 RESULT
TIME LEFT 0 5 RIGHT 0 5
MOVE A1 41
MOVE A2 41
MOVE A3 41
MOVE B1 37
MOVE B2 37
MOVE B3 37
END TURN 7
TURN 8
COMMAND LEFT START
COMMAND LEFT END
COMMAND RIGHT START
COMMAND RIGHT END
TURN 8 RESULT
TIME LEFT 0 5 RIGHT 0 5
MOVE A1 51
MOVE A2 51
MOVE A3 51
MOVE B1 33
MOVE B2 33
MOVE B3 33
END TURN 8
TURN 9
COMMAND LEFT START
COMMAND LEFT END
COMMAND RIGHT START
COMMAND RIGHT END
TURN 9 RESULT
TIME LEFT 0 5 RIGHT 0 5
MOVE A1 61
MOVE A2 61
MOVE A3 61
MOVE B1 23
MOVE B2 23
MOVE B3 23
END TURN 9
TURN 10
COMMAND LEFT START
COMMAND LEFT END
COMMAND RIGHT START
COMMAND RIGHT END
TURN 10 RESULT
TIME LEFT 0 5 RIGHT 0 5
MOVE A1 66
MOVE A2 66
MOVE A3 66
MOVE B1 18
MOVE B2 18
MOVE B3 18
END TURN 10
TURN 11
COMMAND LEFT START
COMMAND LEFT END
COMMAND RIGHT START
COMMAND RIGHT END
TURN 11 RESULT
TIME LEFT 0 5 RIGHT 0 5
MOVE A1 73
MOVE A2 73
MOVE A3 73
MOVE B1 11
MOVE B2 11
MOVE B3 11
END TURN 11
TURN 12
COMMAND LEFT START
COMMAND LEFT END
COMMAND RIGHT START
COMMAND RIGHT END
TURN 12 RESULT
TIME LEFT 0 5 RIGHT 0 5
MOVE A1 79
MOVE A2 79
MOVE A3 79
MOVE B1 5
MOVE B2 5
MOVE B3 5
END TURN 12
TURN 13
COMMAND LEFT START
COMMAND LEFT END
COMMAND RIGHT START
COMMAND RIGHT END
TURN 13 RESULT
TIME LEFT 0 5 RIGHT 0 5
MOVE A1 84
MOVE A2 84
MOVE A3 84
MOVE B1 0
MOVE B2 0
MOVE B3 0
DAMAGE TURRET A1 1
DAMAGE TURRET B1 1
SIEGE A 0 3
SIEGE B 84 3
END TURN 13
TURN 14
COMMAND LEFT START
COMMAND LEFT END
COMMAND RIGHT START
COMMAND RIGHT END
TURN 14 RESULT
TIME LEFT 0 5 RIGHT 0 5
DAMAGE TURRET A1 1
DAMAGE TURRET B1 1
SIEGE A 0 3
SIEGE B 84 3
END TURN 14
TURN 15
COMMAND LEFT START
COMMAND LEFT END
COMMAND RIGHT START
COMMAND RIGHT END
TURN 15 RESULT
TIME LEFT 0 5 RIGHT 0 5
DAMAGE TURRET A1 1
DAMAGE TURRET B1 1
SIEGE A 0 3
SIEGE B 84 3
END TURN 15
TURN 16
COMMAND LEFT START
COMMAND LEFT END
COMMAND RIGHT START
COMMAND RIGHT END
TURN 16 RESULT
TIME LEFT 0 5 RIGHT 0 5
DAMAGE TURRET A1 1
DAMAGE TURRET B1 1
SIEGE A 0 1
SIEGE B 84 1
END TURN 16
RESULT DRAW HQ_DESTROYED
