[LEFT "COMMAND: python C:\\NYPC2026\\tools\\testing-tool\\sample-code.py"]
[RIGHT "COMMAND: python C:\\NYPC2026\\tools\\testing-tool\\sample-code.py"]
MAP
97 19
-10551 -10295 -9634 -9569 -8002 -8237 -8954 -7423 -7506 -7353 -7610 -6440 -7031 -7273 -6258 -5834 -6275 -5502 -6561 -5600 -5365 -5226 -4904 -4527 -4140 -3954 -4162 -4831 -4279 -4080 -3098 -2952 -2612 -2507 -2254 -2721 -2278 -2418 -1632 -1780 -1240 -207 -806 -935 -837 -890 -436 501 0 -501 436 890 837 935 806 207 1240 1780 1632 2418 2278 2721 2254 2507 2612 2952 3098 4080 4279 4831 4162 3954 4140 4527 4904 5226 5365 5600 6561 5502 6275 5834 6258 7273 7031 6440 7610 7353 7506 7423 8954 8237 8002 9569 9634 10295 10551
-539 2679 -3083 4697 2161 128 -6180 1222 3832 -6989 6248 255 -3475 -1880 -1795 4389 -5109 2658 -8857 -7259 -1634 -704 -7285 -4550 117 -6861 -2491 8731 6392 -9819 -5273 5017 3486 -1717 -10230 1799 8328 -7674 -8264 -6144 -3822 -5156 -2013 -8524 6688 1502 -7419 -10367 0 10367 7419 -1502 -6688 8524 2013 5156 3822 6144 8264 7674 -8328 -1799 10230 1717 -3486 -5017 5273 9819 -6392 -8731 2491 6861 -117 4550 7285 704 1634 7259 8857 -2658 5109 -4389 1795 1880 3475 -255 -6248 6989 -3832 -1222 6180 -128 -2161 -4697 3083 -2679 539
STRONGHOLDS 1 2 8 26 29 32 36 38 39 48 57 58 60 64 67 70 88 94 95
3 1 2 5
4 0 3 4 5
5 0 5 6 12 13
4 1 4 8 10
6 1 3 5 7 8 17
7 0 1 2 4 7 11 13
4 2 9 12 16
4 4 5 11 17
5 3 4 10 15 17
4 6 16 18 19
5 3 8 15 27 28
7 5 7 13 14 17 21 24
8 2 6 13 14 16 20 23 26
5 2 5 11 12 14
5 11 12 13 20 21
6 8 10 17 28 31 32
6 6 9 12 19 22 23
8 4 7 8 11 15 24 32 35
4 9 19 22 29
4 9 16 18 22
4 12 14 21 26
5 11 14 20 24 26
6 16 18 19 23 25 29
6 12 16 22 25 26 30
6 11 17 21 26 33 35
6 22 23 29 30 37 39
8 12 20 21 23 24 30 33 40
4 10 28 36 49
5 10 15 27 31 36
5 18 22 25 34 37
5 23 25 26 39 40
6 15 28 32 36 44 55
6 15 17 31 35 45 55
7 24 26 35 40 42 45 48
5 29 37 38 43 47
5 17 24 32 33 45
7 27 28 31 44 49 50 53
6 25 29 34 38 39 46
4 34 37 43 46
6 25 30 37 40 41 46
7 26 30 33 39 41 42 51
7 39 40 46 51 52 64 65
4 33 40 48 51
5 34 38 46 47 60
4 31 36 50 55
7 32 33 35 48 54 55 56
7 37 38 39 41 43 52 60
4 34 43 60 69
6 33 42 45 51 54 63
4 27 36 53 62
7 36 44 53 55 57 58 59
7 40 41 42 48 61 63 64
4 41 46 60 65
5 36 49 50 58 62
4 45 48 56 63
7 31 32 44 45 50 56 57
7 45 54 55 57 63 66 70
6 50 55 56 59 66 71
4 50 53 59 62
6 50 57 58 62 67 71
7 43 46 47 52 65 68 69
5 51 63 64 72 79
5 49 53 58 59 67
7 48 51 54 56 61 70 72
6 41 51 61 65 79 81
6 41 52 60 64 68 81
5 56 57 70 71 73
5 59 62 71 74 78
5 60 65 69 81 86
4 47 60 68 86
8 56 63 66 72 73 75 76 84
6 57 59 66 67 73 74
6 61 63 70 75 79 85
6 66 70 71 74 80 84
6 67 71 73 77 78 80
5 70 72 76 82 85
4 70 75 82 84
4 74 78 80 87
4 67 74 77 87
8 61 64 72 81 85 88 89 92
6 73 74 77 84 87 90
6 64 65 68 79 86 88
5 75 76 83 84 85
5 82 84 85 91 94
8 70 73 76 80 82 83 90 94
7 72 75 79 82 83 89 91
5 68 69 81 88 93
4 77 78 80 90
5 79 81 86 92 93
4 79 85 91 92
4 80 84 87 94
7 83 85 89 92 94 95 96
6 79 88 89 91 93 95
4 86 88 92 95
5 83 84 90 91 96
4 91 92 93 96
3 91 94 95
END MAP
TURN 1
COMMAND LEFT START
MOVE A1 96
MOVE A2 96
MOVE A3 96
COMMAND LEFT END
COMMAND RIGHT START
MOVE B1 0
MOVE B2 0
MOVE B3 0
COMMAND RIGHT END
TURN 1 RESULT
TIME LEFT 34 5 RIGHT 35 5
MOVE A1 5
MOVE A2 5
MOVE A3 5
MOVE B1 91
MOVE B2 91
MOVE B3 91
END TURN 1
TURN 2
COMMAND LEFT START
COMMAND LEFT END
COMMAND RIGHT START
COMMAND RIGHT END
TURN 2 RESULT
TIME LEFT 0 5 RIGHT 0 5
MOVE A1 11
MOVE A2 11
MOVE A3 11
MOVE B1 85
MOVE B2 85
MOVE B3 85
END TURN 2
TURN 3
COMMAND LEFT START
COMMAND LEFT END
COMMAND RIGHT START
COMMAND RIGHT END
TURN 3 RESULT
TIME LEFT 0 5 RIGHT 1 5
MOVE A1 24
MOVE A2 24
MOVE A3 24
MOVE B1 72
MOVE B2 72
MOVE B3 72
END TURN 3
TURN 4
COMMAND LEFT START
COMMAND LEFT END
COMMAND RIGHT START
COMMAND RIGHT END
TURN 4 RESULT
TIME LEFT 0 5 RIGHT 0 5
MOVE A1 33
MOVE A2 33
MOVE A3 33
MOVE B1 61
MOVE B2 61
MOVE B3 61
END TURN 4
TURN 5
COMMAND LEFT START
COMMAND LEFT END
COMMAND RIGHT START
COMMAND RIGHT END
TURN 5 RESULT
TIME LEFT 0 5 RIGHT 1 5
MOVE A1 42
MOVE A2 42
MOVE A3 42
MOVE B1 51
MOVE B2 51
MOVE B3 51
END TURN 5
TURN 6
COMMAND LEFT START
COMMAND LEFT END
COMMAND RIGHT START
COMMAND RIGHT END
TURN 6 RESULT
TIME LEFT 0 5 RIGHT 0 5
MOVE A1 51
MOVE A2 51
MOVE A3 51
MOVE B1 42
MOVE B2 42
MOVE B3 42
END TURN 6
TURN 7
COMMAND LEFT START
COMMAND LEFT END
COMMAND RIGHT START
COMMAND RIGHT END
TURN 7 RESULT
TIME LEFT 0 5 RIGHT 0 5
MOVE A1 61
MOVE A2 61
MOVE A3 61
MOVE B1 33
MOVE B2 33
MOVE B3 33
END TURN 7
TURN 8
COMMAND LEFT START
COMMAND LEFT END
COMMAND RIGHT START
COMMAND RIGHT END
TURN 8 RESULT
TIME LEFT 1 5 RIGHT 1 5
MOVE A1 72
MOVE A2 72
MOVE A3 72
MOVE B1 24
MOVE B2 24
MOVE B3 24
END TURN 8
TURN 9
COMMAND LEFT START
COMMAND LEFT END
COMMAND RIGHT START
COMMAND RIGHT END
TURN 9 RESULT
TIME LEFT 0 5 RIGHT 0 5
MOVE A1 85
MOVE A2 85
MOVE A3 85
MOVE B1 11
MOVE B2 11
MOVE B3 11
END TURN 9
TURN 10
COMMAND LEFT START
COMMAND LEFT END
COMMAND RIGHT START
COMMAND RIGHT END
TURN 10 RESULT
TIME LEFT 0 5 RIGHT 0 5
MOVE A1 91
MOVE A2 91
MOVE A3 91
MOVE B1 5
MOVE B2 5
MOVE B3 5
END TURN 10
TURN 11
COMMAND LEFT START
COMMAND LEFT END
COMMAND RIGHT START
COMMAND RIGHT END
TURN 11 RESULT
TIME LEFT 0 5 RIGHT 0 5
MOVE A1 96
MOVE A2 96
MOVE A3 96
MOVE B1 0
MOVE B2 0
MOVE B3 0
DAMAGE TURRET A1 1
DAMAGE TURRET B1 1
SIEGE A 0 3
SIEGE B 96 3
END TURN 11
TURN 12
COMMAND LEFT START
COMMAND LEFT END
COMMAND RIGHT START
COMMAND RIGHT END
TURN 12 RESULT
TIME LEFT 0 5 RIGHT 0 5
DAMAGE TURRET A1 1
DAMAGE TURRET B1 1
SIEGE A 0 3
SIEGE B 96 3
END TURN 12
TURN 13
COMMAND LEFT START
COMMAND LEFT END
COMMAND RIGHT START
COMMAND RIGHT END
TURN 13 RESULT
TIME LEFT 0 5 RIGHT 0 5
DAMAGE TURRET A1 1
DAMAGE TURRET B1 1
SIEGE A 0 3
SIEGE B 96 3
END TURN 13
TURN 14
COMMAND LEFT START
COMMAND LEFT END
COMMAND RIGHT START
COMMAND RIGHT END
TURN 14 RESULT
TIME LEFT 0 5 RIGHT 0 5
DAMAGE TURRET A1 1
DAMAGE TURRET B1 1
SIEGE A 0 1
SIEGE B 96 1
END TURN 14
RESULT DRAW HQ_DESTROYED
