[LEFT "COMMAND: python C:\\NYPC2026\\tools\\testing-tool\\sample-code.py"]
[RIGHT "COMMAND: python C:\\NYPC2026\\tools\\testing-tool\\sample-code.py"]
MAP
99 19
-10604 -10417 -9980 -8319 -9046 -8548 -8272 -8029 -7947 -7315 -7707 -6751 -6821 -6438 -5691 -5699 -6084 -6267 -5253 -6113 -4699 -4061 -4596 -4512 -5072 -4254 -4760 -4001 -5298 -4643 -3154 -3605 -2536 -3163 -2808 -2736 -2848 -2420 -1655 -1035 -1746 -1703 -1319 -1153 -632 -1394 -1042 -95 -406 0 406 95 1042 1394 632 1153 1319 1703 1746 1035 1655 2420 2848 2736 2808 3163 2536 3605 3154 4643 5298 4001 4760 4254 5072 4512 4596 4061 4699 6113 5253 6267 6084 5699 5691 6438 6821 6751 7707 7315 7947 8029 8272 8548 9046 8319 9980 10417 10604
1329 -3426 -893 -3197 4969 -2239 -93 1853 -1930 -1211 -5727 -297 823 -1781 -2845 113 1459 3246 2253 7243 812 1372 -671 9829 -4923 2951 4497 -5544 -7448 -9581 -1413 5561 5498 -3684 2566 -6022 6707 -7263 8129 -9950 -3708 1642 5067 -5014 -6873 -2396 -94 -2201 3771 0 -3771 2201 94 2396 6873 5014 -5067 -1642 3708 9950 -8129 7263 -6707 6022 -2566 3684 -5498 -5561 1413 9581 7448 5544 -4497 -2951 4923 -9829 671 -1372 -812 -7243 -2253 -3246 -1459 -113 2845 1781 -823 297 5727 1211 1930 -1853 93 2239 -4969 3197 893 3426 -1329
STRONGHOLDS 4 9 12 14 20 23 27 42 45 49 53 56 71 75 78 84 86 89 94
4 2 4 6 7
4 2 3 5 10
4 0 1 5 6
6 1 5 8 10 13 14
4 0 7 17 19
5 1 2 3 6 8
8 0 2 5 7 8 9 11 12
6 0 4 6 12 16 17
5 3 5 6 9 13
4 6 8 11 13
5 1 3 14 24 28
5 6 9 12 13 15
5 6 7 11 15 16
7 3 8 9 11 14 15 22
7 3 10 13 22 24 30 33
6 11 12 13 16 20 22
6 7 12 15 17 18 20
7 4 7 16 18 19 25 26
5 16 17 20 21 25
6 4 17 23 26 31 36
5 15 16 18 21 22
7 18 20 22 25 30 34 41
6 13 14 15 20 21 30
4 19 36 38 59
5 10 14 27 28 33
6 17 18 21 26 31 34
4 17 19 25 31
5 24 28 33 35 37
5 10 24 27 29 37
3 28 37 39
7 14 21 22 33 41 45 46
6 19 25 26 32 34 36
4 31 34 36 42
7 14 24 27 30 35 40 45
7 21 25 31 32 41 42 48
6 27 33 37 40 43 44
6 19 23 31 32 38 42
6 27 28 29 35 39 44
5 23 36 42 54 59
5 29 37 44 60 75
5 33 35 43 45 50
7 21 30 34 46 48 49 51
7 32 34 36 38 48 54 55
5 35 40 44 50 56
6 35 37 39 43 56 60
6 30 33 40 46 47 50
5 30 41 45 47 49
5 45 46 49 50 57
7 34 41 42 51 53 55 58
6 41 46 47 51 52 57
7 40 43 45 47 56 57 64
5 41 48 49 52 53
5 49 51 53 57 68
6 48 51 52 58 65 68
6 38 42 55 59 61 63
5 42 48 54 58 63
7 43 44 50 60 62 64 66
7 47 49 50 52 64 68 77
5 48 53 55 63 65
5 23 38 54 61 69
5 39 44 56 62 75
6 54 59 63 69 70 71
6 56 60 66 67 75 79
6 54 55 58 61 65 71
7 50 56 57 66 67 73 77
7 53 58 63 68 71 74 84
4 56 62 64 67
6 62 64 66 72 73 79
7 52 53 57 65 76 77 84
3 59 61 70
5 61 69 71 74 88
5 61 63 65 70 74
4 67 73 79 81
6 64 67 72 77 80 81
5 65 70 71 84 88
4 39 60 62 79
6 68 77 78 83 84 85
7 57 64 68 73 76 78 80
5 76 77 80 82 83
6 62 67 72 75 81 94
5 73 77 78 81 82
7 72 73 79 80 82 91 94
6 78 80 81 83 86 91
6 76 78 82 85 86 87
7 65 68 74 76 85 88 95
7 76 83 84 87 89 90 95
5 82 83 87 91 92
5 83 85 86 89 92
5 70 74 84 95 97
4 85 87 90 92
5 85 89 92 93 95
6 81 82 86 92 94 98
8 86 87 89 90 91 93 96 98
5 90 92 95 96 97
4 79 81 91 98
6 84 85 88 90 93 97
4 92 93 97 98
4 88 93 95 96
4 91 92 94 96
END MAP
TURN 1
COMMAND LEFT START
MOVE A1 98
MOVE A2 98
MOVE A3 98
COMMAND LEFT END
COMMAND RIGHT START
MOVE B1 0
MOVE B2 0
MOVE B3 0
COMMAND RIGHT END
TURN 1 RESULT
TIME LEFT 33 5 RIGHT 35 5
MOVE A1 6
MOVE A2 6
MOVE A3 6
MOVE B1 91
MOVE B2 91
MOVE B3 91
END TURN 1
TURN 2
COMMAND LEFT START
COMMAND LEFT END
COMMAND RIGHT START
COMMAND RIGHT END
TURN 2 RESULT
TIME LEFT 0 5 RIGHT 0 5
MOVE A1 11
MOVE A2 11
MOVE A3 11
MOVE B1 82
MOVE B2 82
MOVE B3 82
END TURN 2
TURN 3
COMMAND LEFT START
COMMAND LEFT END
COMMAND RIGHT START
COMMAND RIGHT END
TURN 3 RESULT
TIME LEFT 0 5 RIGHT 0 5
MOVE A1 15
MOVE A2 15
MOVE A3 15
MOVE B1 78
MOVE B2 78
MOVE B3 78
END TURN 3
TURN 4
COMMAND LEFT START
COMMAND LEFT END
COMMAND RIGHT START
COMMAND RIGHT END
TURN 4 RESULT
TIME LEFT 0 5 RIGHT 0 5
MOVE A1 22
MOVE A2 22
MOVE A3 22
MOVE B1 77
MOVE B2 77
MOVE B3 77
END TURN 4
TURN 5
COMMAND LEFT START
COMMAND LEFT END
COMMAND RIGHT START
COMMAND RIGHT END
TURN 5 RESULT
TIME LEFT 0 5 RIGHT 0 5
MOVE A1 30
MOVE A2 30
MOVE A3 30
MOVE B1 57
MOVE B2 57
MOVE B3 57
END TURN 5
TURN 6
COMMAND LEFT START
COMMAND LEFT END
COMMAND RIGHT START
COMMAND RIGHT END
TURN 6 RESULT
TIME LEFT 0 5 RIGHT 0 5
MOVE A1 45
MOVE A2 45
MOVE A3 45
MOVE B1 47
MOVE B2 47
MOVE B3 47
END TURN 6
TURN 7
COMMAND LEFT START
COMMAND LEFT END
COMMAND RIGHT START
COMMAND RIGHT END
TURN 7 RESULT
TIME LEFT 0 5 RIGHT 0 5
MOVE A1 47
MOVE A2 47
MOVE A3 47
MOVE B1 45
MOVE B2 45
MOVE B3 45
END TURN 7
TURN 8
COMMAND LEFT START
COMMAND LEFT END
COMMAND RIGHT START
COMMAND RIGHT END
TURN 8 RESULT
TIME LEFT 0 5 RIGHT 0 5
MOVE A1 57
MOVE A2 57
MOVE A3 57
MOVE B1 30
MOVE B2 30
MOVE B3 30
END TURN 8
TURN 9
COMMAND LEFT START
COMMAND LEFT END
COMMAND RIGHT START
COMMAND RIGHT END
TURN 9 RESULT
TIME LEFT 0 5 RIGHT 0 5
MOVE A1 77
MOVE A2 77
MOVE A3 77
MOVE B1 22
MOVE B2 22
MOVE B3 22
END TURN 9
TURN 10
COMMAND LEFT START
COMMAND LEFT END
COMMAND RIGHT START
COMMAND RIGHT END
TURN 10 RESULT
TIME LEFT 0 5 RIGHT 0 5
MOVE A1 78
MOVE A2 78
MOVE A3 78
MOVE B1 15
MOVE B2 15
MOVE B3 15
END TURN 10
TURN 11
COMMAND LEFT START
COMMAND LEFT END
COMMAND RIGHT START
COMMAND RIGHT END
TURN 11 RESULT
TIME LEFT 0 5 RIGHT 0 5
MOVE A1 82
MOVE A2 82
MOVE A3 82
MOVE B1 11
MOVE B2 11
MOVE B3 11
END TURN 11
TURN 12
COMMAND LEFT START
COMMAND LEFT END
COMMAND RIGHT START
COMMAND RIGHT END
TURN 12 RESULT
TIME LEFT 0 5 RIGHT 0 5
MOVE A1 91
MOVE A2 91
MOVE A3 91
MOVE B1 6
MOVE B2 6
MOVE B3 6
END TURN 12
TURN 13
COMMAND LEFT START
COMMAND LEFT END
COMMAND RIGHT START
COMMAND RIGHT END
TURN 13 RESULT
TIME LEFT 0 5 RIGHT 0 5
MOVE A1 98
MOVE A2 98
MOVE A3 98
MOVE B1 0
MOVE B2 0
MOVE B3 0
DAMAGE TURRET A1 1
DAMAGE TURRET B1 1
SIEGE A 0 3
SIEGE B 98 3
END TURN 13
TURN 14
COMMAND LEFT START
COMMAND LEFT END
COMMAND RIGHT START
COMMAND RIGHT END
TURN 14 RESULT
TIME LEFT 1 5 RIGHT 1 5
DAMAGE TURRET A1 1
DAMAGE TURRET B1 1
SIEGE A 0 3
SIEGE B 98 3
END TURN 14
TURN 15
COMMAND LEFT START
COMMAND LEFT END
COMMAND RIGHT START
COMMAND RIGHT END
TURN 15 RESULT
TIME LEFT 0 5 RIGHT 0 5
DAMAGE TURRET A1 1
DAMAGE TURRET B1 1
SIEGE A 0 3
SIEGE B 98 3
END TURN 15
TURN 16
COMMAND LEFT START
COMMAND LEFT END
COMMAND RIGHT START
COMMAND RIGHT END
TURN 16 RESULT
TIME LEFT 0 5 RIGHT 0 5
DAMAGE TURRET A1 1
DAMAGE TURRET B1 1
SIEGE A 0 1
SIEGE B 98 1
END TURN 16
RESULT DRAW HQ_DESTROYED
