[LEFT "COMMAND: python C:\\NYPC2026\\tools\\testing-tool\\sample-code.py"]
[RIGHT "COMMAND: python C:\\NYPC2026\\tools\\testing-tool\\sample-code.py"]
MAP
87 17
-10877 -9975 -10063 -9458 -9600 -9620 -8449 -7749 -7605 -7028 -6845 -6666 -7419 -7027 -6565 -5555 -5768 -5798 -5539 -5410 -4635 -5145 -4224 -3851 -4678 -3697 -4447 -3639 -3359 -3045 -3082 -2915 -2312 -2107 -1701 -1947 -1558 -1319 -1167 -970 -1095 -335 -361 0 361 335 1095 970 1167 1319 1558 1947 1701 2107 2312 2915 3082 3045 3359 3639 4447 3697 4678 3851 4224 5145 4635 5410 5539 5798 5768 5555 6565 7027 7419 6666 6845 7028 7605 7749 8449 9620 9600 9458 10063 9975 10877
-532 1287 -2421 -3496 4259 -5304 -711 1896 -6105 -610 2084 -4257 -8237 7907 3567 -1661 2351 5122 -7269 961 -8939 -5658 -5442 3609 -4195 1552 7489 -2870 5175 6304 -5583 7901 -8320 666 -6629 9357 -4195 5935 -1596 -10752 3971 -6730 -4371 0 4371 6730 -3971 10752 1596 -5935 4195 -9357 6629 -666 8320 -7901 5583 -6304 -5175 2870 -7489 -1552 4195 -3609 5442 5658 8939 -961 7269 -5122 -2351 1661 -3567 -7907 8237 4257 -2084 610 6105 -1896 711 5304 -4259 3496 2421 -1287 532
STRONGHOLDS 1 8 10 13 15 29 30 41 43 45 56 57 71 73 76 78 85
3 1 2 6
4 0 4 6 7
3 0 3 6
4 2 5 6 11
5 1 7 13 14 17
4 3 8 11 12
7 0 1 2 3 7 9 11
6 1 4 6 9 10 14
5 5 11 12 18 21
6 6 7 10 11 15 19
5 7 9 14 16 19
8 3 5 6 8 9 15 21 24
4 5 8 18 20
3 4 17 26
6 4 7 10 16 17 23
7 9 11 19 24 25 27 33
5 10 14 19 23 25
6 4 13 14 23 26 28
7 8 12 20 21 22 30 32
5 9 10 15 16 25
4 12 18 32 39
5 8 11 18 22 24
4 18 21 24 30
6 14 16 17 25 28 40
6 11 15 21 22 27 30
6 15 16 19 23 33 40
6 13 17 28 29 31 35
6 15 24 30 33 36 38
6 17 23 26 29 37 40
4 26 28 31 37
7 18 22 24 27 32 34 36
5 26 29 35 37 45
6 18 20 30 34 39 41
7 15 25 27 38 40 43 48
5 30 32 36 41 42
4 26 31 45 47
5 27 30 34 38 42
6 28 29 31 40 44 45
7 27 33 36 42 43 46 53
4 20 32 41 51
7 23 25 28 33 37 44 48
7 32 34 39 42 49 51 55
6 34 36 38 41 46 49
4 33 38 48 53
6 37 40 45 48 50 52
7 31 35 37 44 47 52 54
7 38 42 49 53 58 61 63
4 35 45 54 66
7 33 40 43 44 50 53 59
6 41 42 46 55 57 58
5 44 48 52 56 59
4 39 41 55 60
5 44 45 50 54 56
7 38 43 46 48 59 61 71
6 45 47 52 56 66 68
5 41 49 51 57 60
7 50 52 54 59 62 64 68
4 49 55 58 60
6 46 49 57 60 63 69
6 48 50 53 56 62 71
6 51 55 57 58 69 73
6 46 53 63 67 70 71
6 56 59 64 65 71 75
6 46 58 61 69 70 72
4 56 62 65 68
5 62 64 68 75 78
4 47 54 68 74
5 61 70 71 76 77
7 54 56 64 65 66 74 78
6 58 60 63 72 73 82
5 61 63 67 72 76
7 53 59 61 62 67 75 77
6 63 69 70 76 79 82
3 60 69 82
4 66 68 78 81
8 62 65 71 77 78 80 81 83
5 67 70 72 77 79
6 67 71 75 76 79 80
5 65 68 74 75 81
6 72 76 77 80 82 85
7 75 77 79 83 84 85 86
4 74 75 78 83
5 69 72 73 79 85
4 75 80 81 84
3 80 83 86
4 79 80 82 86
3 80 84 85
END MAP
TURN 1
COMMAND LEFT START
MOVE A1 86
MOVE A2 86
MOVE A3 86
COMMAND LEFT END
COMMAND RIGHT START
MOVE B1 0
MOVE B2 0
MOVE B3 0
COMMAND RIGHT END
TURN 1 RESULT
TIME LEFT 25 5 RIGHT 25 5
MOVE A1 6
MOVE A2 6
MOVE A3 6
MOVE B1 80
MOVE B2 80
MOVE B3 80
END TURN 1
TURN 2
COMMAND LEFT START
COMMAND LEFT END
COMMAND RIGHT START
COMMAND RIGHT END
TURN 2 RESULT
TIME LEFT 0 5 RIGHT 0 5
MOVE A1 9
MOVE A2 9
MOVE A3 9
MOVE B1 77
MOVE B2 77
MOVE B3 77
END TURN 2
TURN 3
COMMAND LEFT START
COMMAND LEFT END
COMMAND RIGHT START
COMMAND RIGHT END
TURN 3 RESULT
TIME LEFT 0 5 RIGHT 0 5
MOVE A1 15
MOVE A2 15
MOVE A3 15
MOVE B1 67
MOVE B2 67
MOVE B3 67
END TURN 3
TURN 4
COMMAND LEFT START
COMMAND LEFT END
COMMAND RIGHT START
COMMAND RIGHT END
TURN 4 RESULT
TIME LEFT 0 5 RIGHT 0 5
MOVE A1 27
MOVE A2 27
MOVE A3 27
MOVE B1 61
MOVE B2 61
MOVE B3 61
END TURN 4
TURN 5
COMMAND LEFT START
COMMAND LEFT END
COMMAND RIGHT START
COMMAND RIGHT END
TURN 5 RESULT
TIME LEFT 0 5 RIGHT 0 5
MOVE A1 38
MOVE A2 38
MOVE A3 38
MOVE B1 53
MOVE B2 53
MOVE B3 53
END TURN 5
TURN 6
COMMAND LEFT START
COMMAND LEFT END
COMMAND RIGHT START
COMMAND RIGHT END
TURN 6 RESULT
TIME LEFT 0 5 RIGHT 0 5
MOVE A1 53
MOVE A2 53
MOVE A3 53
MOVE B1 38
MOVE B2 38
MOVE B3 38
END TURN 6
TURN 7
COMMAND LEFT START
COMMAND LEFT END
COMMAND RIGHT START
COMMAND RIGHT END
TURN 7 RESULT
TIME LEFT 0 5 RIGHT 0 5
MOVE A1 61
MOVE A2 61
MOVE A3 61
MOVE B1 27
MOVE B2 27
MOVE B3 27
END TURN 7
TURN 8
COMMAND LEFT START
COMMAND LEFT END
COMMAND RIGHT START
COMMAND RIGHT END
TURN 8 RESULT
TIME LEFT 0 5 RIGHT 0 5
MOVE A1 67
MOVE A2 67
MOVE A3 67
MOVE B1 15
MOVE B2 15
MOVE B3 15
END TURN 8
TURN 9
COMMAND LEFT START
COMMAND LEFT END
COMMAND RIGHT START
COMMAND RIGHT END
TURN 9 RESULT
TIME LEFT 0 5 RIGHT 0 5
MOVE A1 77
MOVE A2 77
MOVE A3 77
MOVE B1 9
MOVE B2 9
MOVE B3 9
END TURN 9
TURN 10
COMMAND LEFT START
COMMAND LEFT END
COMMAND RIGHT START
COMMAND RIGHT END
TURN 10 RESULT
TIME LEFT 0 5 RIGHT 0 5
MOVE A1 80
MOVE A2 80
MOVE A3 80
MOVE B1 6
MOVE B2 6
MOVE B3 6
END TURN 10
TURN 11
COMMAND LEFT START
COMMAND LEFT END
COMMAND RIGHT START
COMMAND RIGHT END
TURN 11 RESULT
TIME LEFT 0 5 RIGHT 0 5
MOVE A1 86
MOVE A2 86
MOVE A3 86
MOVE B1 0
MOVE B2 0
MOVE B3 0
DAMAGE TURRET A1 1
DAMAGE TURRET B1 1
SIEGE A 0 3
SIEGE B 86 3
END TURN 11
TURN 12
COMMAND LEFT START
COMMAND LEFT END
COMMAND RIGHT START
COMMAND RIGHT END
TURN 12 RESULT
TIME LEFT 0 5 RIGHT 0 5
DAMAGE TURRET A1 1
DAMAGE TURRET B1 1
SIEGE A 0 3
SIEGE B 86 3
END TURN 12
TURN 13
COMMAND LEFT START
COMMAND LEFT END
COMMAND RIGHT START
COMMAND RIGHT END
TURN 13 RESULT
TIME LEFT 0 5 RIGHT 0 5
DAMAGE TURRET A1 1
DAMAGE TURRET B1 1
SIEGE A 0 3
SIEGE B 86 3
END TURN 13
TURN 14
COMMAND LEFT START
COMMAND LEFT END
COMMAND RIGHT START
COMMAND RIGHT END
TURN 14 RESULT
TIME LEFT 0 5 RIGHT 0 5
DAMAGE TURRET A1 1
DAMAGE TURRET B1 1
SIEGE A 0 1
SIEGE B 86 1
END TURN 14
RESULT DRAW HQ_DESTROYED
