[LEFT "COMMAND: python C:\\NYPC2026\\tools\\testing-tool\\sample-code.py"]
[RIGHT "COMMAND: python C:\\NYPC2026\\tools\\testing-tool\\sample-code.py"]
MAP
55 11
-10700 -10790 -9164 -8330 -8876 -9171 -7489 -6806 -6595 -7443 -7301 -4993 -5088 -4240 -4224 -4345 -2953 -3943 -2709 -3149 -1942 -1840 -1692 -2157 -869 -1400 -1347 0 1347 1400 869 2157 1692 1840 1942 3149 2709 3943 2953 4345 4224 4240 5088 4993 7301 7443 6595 6806 7489 9171 8876 8330 9164 10790 10700
-48 2693 1845 1238 -2999 3888 2306 6 3592 -6615 6661 -4339 8591 4713 1292 -1553 363 -7762 -622 -5138 5135 -2029 -4108 8964 -6260 2110 -10346 0 10346 -2110 6260 -8964 4108 2029 -5135 5138 622 7762 -363 1553 -1292 -4713 -8591 4339 -6661 6615 -3592 -6 -2306 -3888 2999 -1238 -1845 -2693 48
STRONGHOLDS 3 5 11 12 26 27 28 42 43 49 51
5 1 2 3 4 7
3 0 2 5
5 0 1 3 5 6
4 0 2 6 7
5 0 7 9 11 15
5 1 2 6 8 10
6 2 3 5 7 8 14
6 0 3 4 6 14 15
5 5 6 10 13 14
3 4 11 17
4 5 8 12 13
5 4 9 15 17 19
4 10 13 20 23
6 8 10 12 14 20 25
7 6 7 8 13 15 16 25
9 4 7 11 14 16 18 19 21 22
5 14 15 18 25 27
5 9 11 19 24 26
4 15 16 21 27
5 11 15 17 22 24
6 12 13 23 25 30 32
5 15 18 22 27 29
6 15 19 21 24 29 34
4 12 20 28 30
6 17 19 22 26 31 34
7 13 14 16 20 27 32 33
3 17 24 31
8 16 18 21 25 29 33 36 38
3 23 30 37
7 21 22 27 34 38 40 41
6 20 23 28 32 35 37
4 24 26 34 42
6 20 25 30 33 35 39
5 25 27 32 36 39
6 22 24 29 31 41 42
5 30 32 37 39 43
4 27 33 38 39
5 28 30 35 43 45
5 27 29 36 39 40
9 32 33 35 36 38 40 43 47 50
7 29 38 39 41 46 47 48
6 29 34 40 42 44 46
4 31 34 41 44
5 35 37 39 45 50
4 41 42 46 49
3 37 43 50
5 40 41 44 48 49
6 39 40 48 50 51 54
6 40 46 47 49 51 52
5 44 46 48 52 53
5 39 43 45 47 54
4 47 48 52 54
5 48 49 51 53 54
3 49 52 54
5 47 50 51 52 53
END MAP
TURN 1
COMMAND LEFT START
MOVE A1 54
MOVE A2 54
MOVE A3 54
COMMAND LEFT END
COMMAND RIGHT START
MOVE B1 0
MOVE B2 0
MOVE B3 0
COMMAND RIGHT END
TURN 1 RESULT
TIME LEFT 6 5 RIGHT 8 5
MOVE A1 7
MOVE A2 7
MOVE A3 7
MOVE B1 47
MOVE B2 47
MOVE B3 47
END TURN 1
TURN 2
COMMAND LEFT START
COMMAND LEFT END
COMMAND RIGHT START
COMMAND RIGHT END
TURN 2 RESULT
TIME LEFT 0 5 RIGHT 0 5
MOVE A1 14
MOVE A2 14
MOVE A3 14
MOVE B1 39
MOVE B2 39
MOVE B3 39
END TURN 2
TURN 3
COMMAND LEFT START
COMMAND LEFT END
COMMAND RIGHT START
COMMAND RIGHT END
TURN 3 RESULT
TIME LEFT 0 5 RIGHT 0 5
MOVE A1 25
MOVE A2 25
MOVE A3 25
MOVE B1 33
MOVE B2 33
MOVE B3 33
END TURN 3
TURN 4
COMMAND LEFT START
COMMAND LEFT END
COMMAND RIGHT START
COMMAND RIGHT END
TURN 4 RESULT
TIME LEFT 0 5 RIGHT 0 5
MOVE A1 33
MOVE A2 33
MOVE A3 33
MOVE B1 25
MOVE B2 25
MOVE B3 25
END TURN 4
TURN 5
COMMAND LEFT START
COMMAND LEFT END
COMMAND RIGHT START
COMMAND RIGHT END
TURN 5 RESULT
TIME LEFT 0 5 RIGHT 0 5
MOVE A1 39
MOVE A2 39
MOVE A3 39
MOVE B1 14
MOVE B2 14
MOVE B3 14
END TURN 5
TURN 6
COMMAND LEFT START
COMMAND LEFT END
COMMAND RIGHT START
COMMAND RIGHT END
TURN 6 RESULT
TIME LEFT 0 5 RIGHT 0 5
MOVE A1 47
MOVE A2 47
MOVE A3 47
MOVE B1 7
MOVE B2 7
MOVE B3 7
END TURN 6
TURN 7
COMMAND LEFT START
COMMAND LEFT END
COMMAND RIGHT START
COMMAND RIGHT END
TURN 7 RESULT
TIME LEFT 0 5 RIGHT 0 5
MOVE A1 54
MOVE A2 54
MOVE A3 54
MOVE B1 0
MOVE B2 0
MOVE B3 0
DAMAGE TURRET A1 1
DAMAGE TURRET B1 1
SIEGE A 0 3
SIEGE B 54 3
END TURN 7
TURN 8
COMMAND LEFT START
COMMAND LEFT END
COMMAND RIGHT START
COMMAND RIGHT END
TURN 8 RESULT
TIME LEFT 0 5 RIGHT 0 5
DAMAGE TURRET A1 1
DAMAGE TURRET B1 1
SIEGE A 0 3
SIEGE B 54 3
END TURN 8
TURN 9
COMMAND LEFT START
COMMAND LEFT END
COMMAND RIGHT START
COMMAND RIGHT END
TURN 9 RESULT
TIME LEFT 0 5 RIGHT 0 5
DAMAGE TURRET A1 1
DAMAGE TURRET B1 1
SIEGE A 0 3
SIEGE B 54 3
END TURN 9
TURN 10
COMMAND LEFT START
COMMAND LEFT END
COMMAND RIGHT START
COMMAND RIGHT END
TURN 10 RESULT
TIME LEFT 0 5 RIGHT 0 5
DAMAGE TURRET A1 1
DAMAGE TURRET B1 1
SIEGE A 0 1
SIEGE B 54 1
END TURN 10
RESULT DRAW HQ_DESTROYED
