[LEFT "COMMAND: python C:\\NYPC2026\\tools\\testing-tool\\sample-code.py"]
[RIGHT "COMMAND: python C:\\NYPC2026\\tools\\testing-tool\\sample-code.py"]
MAP
53 9
-10604 -8212 -8667 -8500 -7781 -6748 -6449 -5856 -5915 -5806 -5563 -4717 -4267 -4184 -3443 -4283 -2395 -2907 -2131 -2502 -2329 -3169 -1146 -1289 -858 -233 0 233 858 1289 1146 3169 2329 2502 2131 2907 2395 4283 3443 4184 4267 4717 5563 5806 5915 5856 6449 6748 7781 8500 8667 8212 10604
-1056 -2512 5500 1211 -6531 373 -1286 1156 6879 -2663 2710 4898 -3007 -5330 -769 -9304 4014 6299 -3241 1518 -7864 8696 -5971 -10594 9218 -2309 0 2309 -9218 10594 5971 -8696 7864 -1518 3241 -6299 -4014 9304 769 5330 3007 -4898 -2710 2663 -6879 -1156 1286 -373 6531 -1211 -5500 2512 1056
STRONGHOLDS 5 8 9 10 26 42 43 44 47
2 1 3
6 0 3 4 5 6 9
4 3 8 10 11
6 0 1 2 5 7 10
4 1 9 13 15
4 1 3 6 7
5 1 5 7 9 14
6 3 5 6 10 14 19
4 2 11 17 21
6 1 4 6 12 13 14
6 2 3 7 11 16 19
5 2 8 10 16 17
4 9 13 14 18
7 4 9 12 15 18 20 22
8 6 7 9 12 18 19 25 26
4 4 13 20 23
6 10 11 17 19 27 30
6 8 11 16 21 24 30
5 12 13 14 22 25
6 7 10 14 16 26 27
5 13 15 22 23 28
3 8 17 24
7 13 18 20 25 28 35 36
3 15 20 28
5 17 21 29 30 32
6 14 18 22 26 33 36
6 14 19 25 27 33 38
6 16 19 26 30 34 38
5 20 22 23 31 35
3 24 32 37
7 16 17 24 27 32 34 39
3 28 35 44
5 24 29 30 37 39
6 25 26 36 38 42 45
5 27 30 38 39 40
6 22 28 31 36 41 44
6 22 25 33 35 41 42
4 29 32 39 48
8 26 27 33 34 40 43 45 46
7 30 32 34 37 40 43 48
4 34 38 39 43
5 35 36 42 44 50
6 33 36 41 45 49 50
6 38 39 40 46 48 51
4 31 35 41 50
6 33 38 42 46 47 49
5 38 43 45 47 51
4 45 46 49 51
4 37 39 43 51
6 42 45 47 50 51 52
4 41 42 44 49
6 43 46 47 48 49 52
2 49 51
END MAP
TURN 1
COMMAND LEFT START
MOVE A1 52
MOVE A2 52
MOVE A3 52
COMMAND LEFT END
COMMAND RIGHT START
MOVE B1 0
MOVE B2 0
MOVE B3 0
COMMAND RIGHT END
TURN 1 RESULT
TIME LEFT 1 5 RIGHT 10 5
MOVE A1 1
MOVE A2 1
MOVE A3 1
MOVE B1 49
MOVE B2 49
MOVE B3 49
END TURN 1
TURN 2
COMMAND LEFT START
COMMAND LEFT END
COMMAND RIGHT START
COMMAND RIGHT END
TURN 2 RESULT
TIME LEFT 1 5 RIGHT 1 5
MOVE A1 9
MOVE A2 9
MOVE A3 9
MOVE B1 45
MOVE B2 45
MOVE B3 45
END TURN 2
TURN 3
COMMAND LEFT START
COMMAND LEFT END
COMMAND RIGHT START
COMMAND RIGHT END
TURN 3 RESULT
TIME LEFT 0 5 RIGHT 0 5
MOVE A1 12
MOVE A2 12
MOVE A3 12
MOVE B1 33
MOVE B2 33
MOVE B3 33
END TURN 3
TURN 4
COMMAND LEFT START
COMMAND LEFT END
COMMAND RIGHT START
COMMAND RIGHT END
TURN 4 RESULT
TIME LEFT 0 5 RIGHT 0 5
MOVE A1 18
MOVE A2 18
MOVE A3 18
MOVE B1 25
MOVE B2 25
MOVE B3 25
END TURN 4
TURN 5
COMMAND LEFT START
COMMAND LEFT END
COMMAND RIGHT START
COMMAND RIGHT END
TURN 5 RESULT
TIME LEFT 0 5 RIGHT 0 5
MOVE A1 25
MOVE A2 25
MOVE A3 25
MOVE B1 18
MOVE B2 18
MOVE B3 18
END TURN 5
TURN 6
COMMAND LEFT START
COMMAND LEFT END
COMMAND RIGHT START
COMMAND RIGHT END
TURN 6 RESULT
TIME LEFT 0 5 RIGHT 0 5
MOVE A1 33
MOVE A2 33
MOVE A3 33
MOVE B1 12
MOVE B2 12
MOVE B3 12
END TURN 6
TURN 7
COMMAND LEFT START
COMMAND LEFT END
COMMAND RIGHT START
COMMAND RIGHT END
TURN 7 RESULT
TIME LEFT 0 5 RIGHT 0 5
MOVE A1 45
MOVE A2 45
MOVE A3 45
MOVE B1 9
MOVE B2 9
MOVE B3 9
END TURN 7
TURN 8
COMMAND LEFT START
COMMAND LEFT END
COMMAND RIGHT START
COMMAND RIGHT END
TURN 8 RESULT
TIME LEFT 0 5 RIGHT 0 5
MOVE A1 49
MOVE A2 49
MOVE A3 49
MOVE B1 1
MOVE B2 1
MOVE B3 1
END TURN 8
TURN 9
COMMAND LEFT START
COMMAND LEFT END
COMMAND RIGHT START
COMMAND RIGHT END
TURN 9 RESULT
TIME LEFT 0 5 RIGHT 0 5
MOVE A1 52
MOVE A2 52
MOVE A3 52
MOVE B1 0
MOVE B2 0
MOVE B3 0
DAMAGE TURRET A1 1
DAMAGE TURRET B1 1
SIEGE A 0 3
SIEGE B 52 3
END TURN 9
TURN 10
COMMAND LEFT START
COMMAND LEFT END
COMMAND RIGHT START
COMMAND RIGHT END
TURN 10 RESULT
TIME LEFT 0 5 RIGHT 0 5
DAMAGE TURRET A1 1
DAMAGE TURRET B1 1
SIEGE A 0 3
SIEGE B 52 3
END TURN 10
TURN 11
COMMAND LEFT START
COMMAND LEFT END
COMMAND RIGHT START
COMMAND RIGHT END
TURN 11 RESULT
TIME LEFT 0 5 RIGHT 0 5
DAMAGE TURRET A1 1
DAMAGE TURRET B1 1
SIEGE A 0 3
SIEGE B 52 3
END TURN 11
TURN 12
COMMAND LEFT START
COMMAND LEFT END
COMMAND RIGHT START
COMMAND RIGHT END
TURN 12 RESULT
TIME LEFT 0 5 RIGHT 0 5
DAMAGE TURRET A1 1
DAMAGE TURRET B1 1
SIEGE A 0 1
SIEGE B 52 1
END TURN 12
RESULT DRAW HQ_DESTROYED
