[LEFT "COMMAND: python C:\\NYPC2026\\tools\\testing-tool\\sample-code.py"]
[RIGHT "COMMAND: python C:\\NYPC2026\\tools\\testing-tool\\sample-code.py"]
MAP
85 15
-10758 -10533 -9321 -8587 -8715 -8816 -7830 -8248 -7443 -8084 -6637 -6055 -5839 -6135 -5199 -5836 -4920 -5737 -4732 -6075 -3669 -3492 -3983 -3217 -4079 -3264 -2678 -3339 -2401 -1805 -2097 -1869 -1770 -815 -1551 -1115 -702 -796 -1271 -539 218 36 0 -36 -218 539 1271 796 702 1115 1551 815 1770 1869 2097 1805 2401 3339 2678 3264 4079 3217 3983 3492 3669 6075 4732 5737 4920 5836 5199 6135 5839 6055 6637 8084 7443 8248 7830 8816 8715 8587 9321 10533 10758
-1193 3025 622 -833 3129 -4133 2765 4840 -830 7383 2277 6643 -2021 -309 1512 -5027 -173 -6779 5845 -9116 -9316 -131 -3539 2812 9743 5669 -3355 -2142 -886 5767 9523 -2608 -5910 7660 -10424 -895 -2892 4349 832 10311 -1465 -3486 0 3486 1465 -10311 -832 -4349 2892 895 10424 -7660 5910 2608 -9523 -5767 886 2142 3355 -5669 -9743 -2812 3539 131 9316 9116 -5845 6779 173 5027 -1512 309 2021 -6643 -2277 -7383 830 -4840 -2765 4133 -3129 833 -622 -3025 1193
STRONGHOLDS 2 9 12 18 21 33 37 42 47 51 63 66 72 75 82
4 1 2 3 5
4 0 2 4 7
7 0 1 3 4 6 8 10
4 0 2 5 8
4 1 2 6 7
7 0 3 8 12 15 17 19
4 2 4 7 10
7 1 4 6 9 10 11 18
6 2 3 5 10 12 13
3 7 11 24
8 2 6 7 8 13 14 18 23
4 7 9 18 24
7 5 8 13 15 16 22 27
5 8 10 12 14 16
5 10 13 16 21 23
5 5 12 17 22 32
5 12 13 14 21 27
5 5 15 19 20 32
6 7 10 11 23 24 25
3 5 17 20
4 17 19 32 34
6 14 16 23 27 28 38
5 12 15 26 27 32
10 10 14 18 21 25 29 37 38 43 44
5 9 11 18 25 30
6 18 23 24 29 30 33
5 22 27 31 32 36
7 12 16 21 22 26 28 31
5 21 27 31 35 38
5 23 25 33 37 52
4 24 25 33 39
5 26 27 28 35 36
11 15 17 20 22 26 34 36 41 47 51 55
6 25 29 30 39 50 52
4 20 32 45 51
6 28 31 36 38 40 42
6 26 31 32 35 40 41
4 23 29 43 52
6 21 23 28 35 42 44
3 30 33 50
6 35 36 41 42 46 61
5 32 36 40 47 61
6 35 38 40 44 46 49
5 23 37 44 48 52
6 23 38 42 43 48 49
3 34 51 54
6 40 42 49 56 61 63
4 32 41 55 61
6 43 44 49 52 53 58
6 42 44 46 48 53 56
4 33 39 52 64
6 32 34 45 54 55 59
11 29 33 37 43 48 50 58 62 64 67 69
5 48 49 56 57 58
4 45 51 59 60
5 32 47 51 59 61
5 46 49 53 57 63
7 53 56 58 62 63 68 72
5 48 52 53 57 62
6 51 54 55 60 61 66
5 54 59 66 73 75
10 40 41 46 47 55 59 63 66 70 74
5 52 57 58 69 72
6 46 56 57 61 68 70
4 50 52 65 67
3 64 67 79
6 59 60 61 73 74 77
5 52 64 65 69 79
5 57 63 70 71 72
5 52 62 67 72 79
5 61 63 68 71 74
5 68 70 72 74 76
7 57 62 68 69 71 76 79
4 60 66 75 77
8 61 66 70 71 76 77 78 82
3 60 73 77
6 71 72 74 79 81 82
7 66 73 74 75 78 80 83
4 74 77 80 82
7 65 67 69 72 76 81 84
4 77 78 82 83
4 76 79 82 84
7 74 76 78 80 81 83 84
4 77 80 82 84
4 79 81 82 83
END MAP
TURN 1
COMMAND LEFT START
MOVE A1 84
MOVE A2 84
MOVE A3 84
COMMAND LEFT END
COMMAND RIGHT START
MOVE B1 0
MOVE B2 0
MOVE B3 0
COMMAND RIGHT END
TURN 1 RESULT
TIME LEFT 24 5 RIGHT 26 5
MOVE A1 3
MOVE A2 3
MOVE A3 3
MOVE B1 81
MOVE B2 81
MOVE B3 81
END TURN 1
TURN 2
COMMAND LEFT START
COMMAND LEFT END
COMMAND RIGHT START
COMMAND RIGHT END
TURN 2 RESULT
TIME LEFT 0 5 RIGHT 0 5
MOVE A1 8
MOVE A2 8
MOVE A3 8
MOVE B1 76
MOVE B2 76
MOVE B3 76
END TURN 2
TURN 3
COMMAND LEFT START
COMMAND LEFT END
COMMAND RIGHT START
COMMAND RIGHT END
TURN 3 RESULT
TIME LEFT 0 5 RIGHT 1 5
MOVE A1 13
MOVE A2 13
MOVE A3 13
MOVE B1 71
MOVE B2 71
MOVE B3 71
END TURN 3
TURN 4
COMMAND LEFT START
COMMAND LEFT END
COMMAND RIGHT START
COMMAND RIGHT END
TURN 4 RESULT
TIME LEFT 0 5 RIGHT 0 5
MOVE A1 16
MOVE A2 16
MOVE A3 16
MOVE B1 68
MOVE B2 68
MOVE B3 68
END TURN 4
TURN 5
COMMAND LEFT START
COMMAND LEFT END
COMMAND RIGHT START
COMMAND RIGHT END
TURN 5 RESULT
TIME LEFT 1 5 RIGHT 0 5
MOVE A1 21
MOVE A2 21
MOVE A3 21
MOVE B1 63
MOVE B2 63
MOVE B3 63
END TURN 5
TURN 6
COMMAND LEFT START
COMMAND LEFT END
COMMAND RIGHT START
COMMAND RIGHT END
TURN 6 RESULT
TIME LEFT 0 5 RIGHT 0 5
MOVE A1 28
MOVE A2 28
MOVE A3 28
MOVE B1 46
MOVE B2 46
MOVE B3 46
END TURN 6
TURN 7
COMMAND LEFT START
COMMAND LEFT END
COMMAND RIGHT START
COMMAND RIGHT END
TURN 7 RESULT
TIME LEFT 0 5 RIGHT 0 5
MOVE A1 35
MOVE A2 35
MOVE A3 35
MOVE B1 40
MOVE B2 40
MOVE B3 40
END TURN 7
TURN 8
COMMAND LEFT START
COMMAND LEFT END
COMMAND RIGHT START
COMMAND RIGHT END
TURN 8 RESULT
TIME LEFT 0 5 RIGHT 0 5
MOVE A1 40
MOVE A2 40
MOVE A3 40
MOVE B1 35
MOVE B2 35
MOVE B3 35
END TURN 8
TURN 9
COMMAND LEFT START
COMMAND LEFT END
COMMAND RIGHT START
COMMAND RIGHT END
TURN 9 RESULT
TIME LEFT 0 5 RIGHT 0 5
MOVE A1 46
MOVE A2 46
MOVE A3 46
MOVE B1 28
MOVE B2 28
MOVE B3 28
END TURN 9
TURN 10
COMMAND LEFT START
COMMAND LEFT END
COMMAND RIGHT START
COMMAND RIGHT END
TURN 10 RESULT
TIME LEFT 0 5 RIGHT 0 5
MOVE A1 63
MOVE A2 63
MOVE A3 63
MOVE B1 21
MOVE B2 21
MOVE B3 21
END TURN 10
TURN 11
COMMAND LEFT START
COMMAND LEFT END
COMMAND RIGHT START
COMMAND RIGHT END
TURN 11 RESULT
TIME LEFT 0 5 RIGHT 0 5
MOVE A1 68
MOVE A2 68
MOVE A3 68
MOVE B1 16
MOVE B2 16
MOVE B3 16
END TURN 11
TURN 12
COMMAND LEFT START
COMMAND LEFT END
COMMAND RIGHT START
COMMAND RIGHT END
TURN 12 RESULT
TIME LEFT 0 5 RIGHT 0 5
MOVE A1 71
MOVE A2 71
MOVE A3 71
MOVE B1 13
MOVE B2 13
MOVE B3 13
END TURN 12
TURN 13
COMMAND LEFT START
COMMAND LEFT END
COMMAND RIGHT START
COMMAND RIGHT END
TURN 13 RESULT
TIME LEFT 0 5 RIGHT 0 5
MOVE A1 76
MOVE A2 76
MOVE A3 76
MOVE B1 8
MOVE B2 8
MOVE B3 8
END TURN 13
TURN 14
COMMAND LEFT START
COMMAND LEFT END
COMMAND RIGHT START
COMMAND RIGHT END
TURN 14 RESULT
TIME LEFT 0 5 RIGHT 0 5
MOVE A1 81
MOVE A2 81
MOVE A3 81
MOVE B1 3
MOVE B2 3
MOVE B3 3
END TURN 14
TURN 15
COMMAND LEFT START
COMMAND LEFT END
COMMAND RIGHT START
COMMAND RIGHT END
TURN 15 RESULT
TIME LEFT 0 5 RIGHT 0 5
MOVE A1 84
MOVE A2 84
MOVE A3 84
MOVE B1 0
MOVE B2 0
MOVE B3 0
DAMAGE TURRET A1 1
DAMAGE TURRET B1 1
SIEGE A 0 3
SIEGE B 84 3
END TURN 15
TURN 16
COMMAND LEFT START
COMMAND LEFT END
COMMAND RIGHT START
COMMAND RIGHT END
TURN 16 RESULT
TIME LEFT 0 5 RIGHT 0 5
DAMAGE TURRET A1 1
DAMAGE TURRET B1 1
SIEGE A 0 3
SIEGE B 84 3
END TURN 16
TURN 17
COMMAND LEFT START
COMMAND LEFT END
COMMAND RIGHT START
COMMAND RIGHT END
TURN 17 RESULT
TIME LEFT 0 5 RIGHT 0 5
DAMAGE TURRET A1 1
DAMAGE TURRET B1 1
SIEGE A 0 3
SIEGE B 84 3
END TURN 17
TURN 18
COMMAND LEFT START
COMMAND LEFT END
COMMAND RIGHT START
COMMAND RIGHT END
TURN 18 RESULT
TIME LEFT 0 5 RIGHT 0 5
DAMAGE TURRET A1 1
DAMAGE TURRET B1 1
SIEGE A 0 1
SIEGE B 84 1
END TURN 18
RESULT DRAW HQ_DESTROYED
