[LEFT "COMMAND: python C:\\NYPC2026\\tools\\testing-tool\\sample-code.py"]
[RIGHT "COMMAND: python C:\\NYPC2026\\tools\\testing-tool\\sample-code.py"]
MAP
83 15
-10156 -9822 -8394 -9782 -8918 -8624 -7989 -6659 -6754 -7223 -6483 -6655 -6069 -5593 -5265 -4934 -5544 -4945 -3910 -3199 -4332 -3614 -3609 -2881 -2244 -3775 -3445 -3066 -2599 -3039 -2300 -2452 -2236 -1191 -1570 -1042 -1419 -964 -113 -510 -521 0 521 510 113 964 1419 1042 1570 1191 2236 2452 2300 3039 2599 3066 3445 3775 2244 2881 3609 3614 4332 3199 3910 4945 5544 4934 5265 5593 6069 6655 6483 7223 6754 6659 7989 8624 8918 9782 8394 9822 10156
-2352 -4614 -6574 1715 -843 3980 -3516 -4143 -1558 7249 -2723 435 2597 4200 -2478 1300 -6641 -9045 -812 405 -3704 2780 -6272 -2824 1745 5204 9820 -4843 -6392 7067 -8896 5248 5741 6305 4361 -5951 -3876 -2120 9349 -4170 3638 0 -3638 4170 -9349 2120 3876 5951 -4361 -6305 -5741 -5248 8896 -7067 6392 4843 -9820 -5204 -1745 2824 6272 -2780 3704 -405 812 9045 6641 -1300 2478 -4200 -2597 -435 2723 -7249 1558 4143 3516 -3980 843 -1715 6574 4614 2352
STRONGHOLDS 3 8 9 20 21 30 33 41 49 52 61 62 73 74 79
4 1 3 4 6
3 0 2 6
5 1 6 7 16 17
5 0 4 5 11 12
5 0 3 6 8 11
4 3 9 12 13
7 0 1 2 4 7 8 10
6 2 6 10 14 16 20
6 4 6 10 11 14 18
5 5 13 25 26 29
4 6 7 8 14
6 3 4 8 12 15 18
6 3 5 11 13 15 21
5 5 9 12 21 25
6 7 8 10 18 20 23
5 11 12 18 19 21
5 2 7 17 20 22
4 2 16 22 30
7 8 11 14 15 19 23 37
6 15 18 21 24 37 41
6 7 14 16 22 23 27
8 12 13 15 19 24 25 31 34
6 16 17 20 27 28 30
6 14 18 20 27 36 37
6 19 21 34 40 41 45
6 9 13 21 29 31 32
3 9 29 38
6 20 22 23 28 35 36
4 22 27 30 35
6 9 25 26 32 33 38
5 17 22 28 35 44
4 21 25 32 34
5 25 29 31 33 34
6 29 32 34 38 43 47
7 21 24 31 32 33 40 43
7 27 28 30 36 39 44 49
5 23 27 35 37 39
8 18 19 23 36 39 41 42 58
5 26 29 33 47 52
6 35 36 37 42 48 49
4 24 34 43 45
6 19 24 37 45 58 63
4 37 39 48 58
6 33 34 40 45 46 47
5 30 35 49 53 56
8 24 40 41 43 46 59 63 64
5 43 45 47 55 59
7 33 38 43 46 52 54 55
7 39 42 49 50 51 58 61
6 35 39 44 48 50 53
5 48 49 51 53 57
4 48 50 57 61
5 38 47 54 60 65
6 44 49 50 56 57 73
4 47 52 55 60
6 46 47 54 59 60 62
3 44 53 73
6 50 51 53 61 69 73
6 37 41 42 48 61 63
6 45 46 55 62 64 68
6 52 54 55 62 65 66
8 48 51 57 58 63 67 69 70
6 55 59 60 66 68 75
6 41 45 58 61 64 67
7 45 59 63 67 68 71 74
4 52 60 66 80
5 60 62 65 75 80
5 61 63 64 70 71
6 59 62 64 72 74 75
5 57 61 70 73 77
6 61 67 69 71 77 79
6 64 67 70 74 78 79
4 68 74 75 76
5 53 56 57 69 77
6 64 68 71 72 76 78
6 62 66 68 72 76 80
7 72 74 75 78 80 81 82
4 69 70 73 79
5 71 74 76 79 82
5 70 71 77 78 82
5 65 66 75 76 81
3 76 80 82
4 76 78 79 81
END MAP
TURN 1
COMMAND LEFT START
MOVE A1 82
MOVE A2 82
MOVE A3 82
COMMAND LEFT END
COMMAND RIGHT START
MOVE B1 0
MOVE B2 0
MOVE B3 0
COMMAND RIGHT END
TURN 1 RESULT
TIME LEFT 26 5 RIGHT 26 5
MOVE A1 4
MOVE A2 4
MOVE A3 4
MOVE B1 76
MOVE B2 76
MOVE B3 76
END TURN 1
TURN 2
COMMAND LEFT START
COMMAND LEFT END
COMMAND RIGHT START
COMMAND RIGHT END
TURN 2 RESULT
TIME LEFT 0 5 RIGHT 1 5
MOVE A1 11
MOVE A2 11
MOVE A3 11
MOVE B1 72
MOVE B2 72
MOVE B3 72
END TURN 2
TURN 3
COMMAND LEFT START
COMMAND LEFT END
COMMAND RIGHT START
COMMAND RIGHT END
TURN 3 RESULT
TIME LEFT 0 5 RIGHT 0 5
MOVE A1 15
MOVE A2 15
MOVE A3 15
MOVE B1 68
MOVE B2 68
MOVE B3 68
END TURN 3
TURN 4
COMMAND LEFT START
COMMAND LEFT END
COMMAND RIGHT START
COMMAND RIGHT END
TURN 4 RESULT
TIME LEFT 0 5 RIGHT 0 5
MOVE A1 19
MOVE A2 19
MOVE A3 19
MOVE B1 59
MOVE B2 59
MOVE B3 59
END TURN 4
TURN 5
COMMAND LEFT START
COMMAND LEFT END
COMMAND RIGHT START
COMMAND RIGHT END
TURN 5 RESULT
TIME LEFT 0 5 RIGHT 0 5
MOVE A1 24
MOVE A2 24
MOVE A3 24
MOVE B1 45
MOVE B2 45
MOVE B3 45
END TURN 5
TURN 6
COMMAND LEFT START
COMMAND LEFT END
COMMAND RIGHT START
COMMAND RIGHT END
TURN 6 RESULT
TIME LEFT 0 5 RIGHT 0 5
MOVE A1 45
MOVE A2 45
MOVE A3 45
MOVE B1 24
MOVE B2 24
MOVE B3 24
END TURN 6
TURN 7
COMMAND LEFT START
COMMAND LEFT END
COMMAND RIGHT START
COMMAND RIGHT END
TURN 7 RESULT
TIME LEFT 0 5 RIGHT 0 5
MOVE A1 59
MOVE A2 59
MOVE A3 59
MOVE B1 19
MOVE B2 19
MOVE B3 19
END TURN 7
TURN 8
COMMAND LEFT START
COMMAND LEFT END
COMMAND RIGHT START
COMMAND RIGHT END
TURN 8 RESULT
TIME LEFT 0 5 RIGHT 0 5
MOVE A1 68
MOVE A2 68
MOVE A3 68
MOVE B1 15
MOVE B2 15
MOVE B3 15
END TURN 8
TURN 9
COMMAND LEFT START
COMMAND LEFT END
COMMAND RIGHT START
COMMAND RIGHT END
TURN 9 RESULT
TIME LEFT 0 5 RIGHT 0 5
MOVE A1 72
MOVE A2 72
MOVE A3 72
MOVE B1 11
MOVE B2 11
MOVE B3 11
END TURN 9
TURN 10
COMMAND LEFT START
COMMAND LEFT END
COMMAND RIGHT START
COMMAND RIGHT END
TURN 10 RESULT
TIME LEFT 0 5 RIGHT 0 5
MOVE A1 76
MOVE A2 76
MOVE A3 76
MOVE B1 4
MOVE B2 4
MOVE B3 4
END TURN 10
TURN 11
COMMAND LEFT START
COMMAND LEFT END
COMMAND RIGHT START
COMMAND RIGHT END
TURN 11 RESULT
TIME LEFT 0 5 RIGHT 0 5
MOVE A1 82
MOVE A2 82
MOVE A3 82
MOVE B1 0
MOVE B2 0
MOVE B3 0
DAMAGE TURRET A1 1
DAMAGE TURRET B1 1
SIEGE A 0 3
SIEGE B 82 3
END TURN 11
TURN 12
COMMAND LEFT START
COMMAND LEFT END
COMMAND RIGHT START
COMMAND RIGHT END
TURN 12 RESULT
TIME LEFT 0 5 RIGHT 0 5
DAMAGE TURRET A1 1
DAMAGE TURRET B1 1
SIEGE A 0 3
SIEGE B 82 3
END TURN 12
TURN 13
COMMAND LEFT START
COMMAND LEFT END
COMMAND RIGHT START
COMMAND RIGHT END
TURN 13 RESULT
TIME LEFT 0 5 RIGHT 0 5
DAMAGE TURRET A1 1
DAMAGE TURRET B1 1
SIEGE A 0 3
SIEGE B 82 3
END TURN 13
TURN 14
COMMAND LEFT START
COMMAND LEFT END
COMMAND RIGHT START
COMMAND RIGHT END
TURN 14 RESULT
TIME LEFT 0 5 RIGHT 0 5
DAMAGE TURRET A1 1
DAMAGE TURRET B1 1
SIEGE A 0 1
SIEGE B 82 1
END TURN 14
RESULT DRAW HQ_DESTROYED
