[LEFT "COMMAND: python C:\\NYPC2026\\tools\\testing-tool\\sample-code.py"]
[RIGHT "COMMAND: python C:\\NYPC2026\\tools\\testing-tool\\sample-code.py"]
MAP
51 9
-10774 -10497 -9906 -9890 -8539 -7950 -8324 -6909 -6212 -7077 -5897 -5163 -4659 -4563 -4015 -3865 -4762 -3127 -3005 -2066 -2013 -1736 -582 -1154 338 0 -338 1154 582 1736 2013 2066 3005 3127 4762 3865 4015 4563 4659 5163 5897 7077 6212 6909 8324 7950 8539 9890 9906 10497 10774
1991 -2184 -397 -4276 2749 -6024 5139 -814 2917 7941 -4535 4396 -1747 -8576 -3941 6215 785 1896 9776 201 -1597 -4599 -2364 4609 8961 0 -8961 -4609 2364 4599 1597 -201 -9776 -1896 -785 -6215 3941 8576 1747 -4396 4535 -7941 -2917 814 -5139 6024 -2749 4276 397 2184 -1991
STRONGHOLDS 3 6 14 18 25 32 36 44 47
3 2 4 6
3 2 3 7
4 0 1 4 7
4 1 5 7 10
5 0 2 6 7 8
3 3 10 13
5 0 4 8 9 11
8 1 2 3 4 8 10 12 16
6 4 6 7 11 16 17
4 6 11 15 18
6 3 5 7 12 13 14
6 6 8 9 15 17 23
6 7 10 14 16 19 20
5 5 10 14 21 26
5 10 12 13 20 21
5 9 11 18 23 24
5 7 8 12 17 19
6 8 11 16 19 23 28
3 9 15 24
6 12 16 17 20 25 28
6 12 14 19 21 22 25
6 13 14 20 22 26 27
6 20 21 25 27 31 33
6 11 15 17 24 28 29
5 15 18 23 29 37
6 19 20 22 28 30 31
5 13 21 27 32 35
6 21 22 26 33 35 39
6 17 19 23 25 29 30
6 23 24 28 30 36 37
6 25 28 29 31 36 38
6 22 25 30 33 34 38
3 26 35 41
6 22 27 31 34 39 42
5 31 33 38 42 43
5 26 27 32 39 41
5 29 30 37 38 40
5 24 29 36 40 45
6 30 31 34 36 40 43
6 27 33 35 41 42 44
6 36 37 38 43 45 47
4 32 35 39 44
6 33 34 39 43 44 46
8 34 38 40 42 46 47 48 49
5 39 41 42 46 50
3 37 40 47
5 42 43 44 48 50
4 40 43 45 49
4 43 46 49 50
3 43 47 48
3 44 46 48
END MAP
TURN 1
COMMAND LEFT START
MOVE A1 50
MOVE A2 50
MOVE A3 50
COMMAND LEFT END
COMMAND RIGHT START
MOVE B1 0
MOVE B2 0
MOVE B3 0
COMMAND RIGHT END
TURN 1 RESULT
TIME LEFT 7 5 RIGHT 7 5
MOVE A1 2
MOVE A2 2
MOVE A3 2
MOVE B1 46
MOVE B2 46
MOVE B3 46
END TURN 1
TURN 2
COMMAND LEFT START
COMMAND LEFT END
COMMAND RIGHT START
COMMAND RIGHT END
TURN 2 RESULT
TIME LEFT 0 5 RIGHT 1 5
MOVE A1 7
MOVE A2 7
MOVE A3 7
MOVE B1 42
MOVE B2 42
MOVE B3 42
END TURN 2
TURN 3
COMMAND LEFT START
COMMAND LEFT END
COMMAND RIGHT START
COMMAND RIGHT END
TURN 3 RESULT
TIME LEFT 0 5 RIGHT 0 5
MOVE A1 12
MOVE A2 12
MOVE A3 12
MOVE B1 33
MOVE B2 33
MOVE B3 33
END TURN 3
TURN 4
COMMAND LEFT START
COMMAND LEFT END
COMMAND RIGHT START
COMMAND RIGHT END
TURN 4 RESULT
TIME LEFT 0 5 RIGHT 0 5
MOVE A1 20
MOVE A2 20
MOVE A3 20
MOVE B1 22
MOVE B2 22
MOVE B3 22
END TURN 4
TURN 5
COMMAND LEFT START
COMMAND LEFT END
COMMAND RIGHT START
COMMAND RIGHT END
TURN 5 RESULT
TIME LEFT 0 5 RIGHT 0 5
MOVE A1 22
MOVE A2 22
MOVE A3 22
MOVE B1 20
MOVE B2 20
MOVE B3 20
END TURN 5
TURN 6
COMMAND LEFT START
COMMAND LEFT END
COMMAND RIGHT START
COMMAND RIGHT END
TURN 6 RESULT
TIME LEFT 0 5 RIGHT 0 5
MOVE A1 33
MOVE A2 33
MOVE A3 33
MOVE B1 12
MOVE B2 12
MOVE B3 12
END TURN 6
TURN 7
COMMAND LEFT START
COMMAND LEFT END
COMMAND RIGHT START
COMMAND RIGHT END
TURN 7 RESULT
TIME LEFT 0 5 RIGHT 0 5
MOVE A1 42
MOVE A2 42
MOVE A3 42
MOVE B1 7
MOVE B2 7
MOVE B3 7
END TURN 7
TURN 8
COMMAND LEFT START
COMMAND LEFT END
COMMAND RIGHT START
COMMAND RIGHT END
TURN 8 RESULT
TIME LEFT 0 5 RIGHT 0 5
MOVE A1 46
MOVE A2 46
MOVE A3 46
MOVE B1 2
MOVE B2 2
MOVE B3 2
END TURN 8
TURN 9
COMMAND LEFT START
COMMAND LEFT END
COMMAND RIGHT START
COMMAND RIGHT END
TURN 9 RESULT
TIME LEFT 0 5 RIGHT 0 5
MOVE A1 50
MOVE A2 50
MOVE A3 50
MOVE B1 0
MOVE B2 0
MOVE B3 0
DAMAGE TURRET A1 1
DAMAGE TURRET B1 1
SIEGE A 0 3
SIEGE B 50 3
END TURN 9
TURN 10
COMMAND LEFT START
COMMAND LEFT END
COMMAND RIGHT START
COMMAND RIGHT END
TURN 10 RESULT
TIME LEFT 0 5 RIGHT 0 5
DAMAGE TURRET A1 1
DAMAGE TURRET B1 1
SIEGE A 0 3
SIEGE B 50 3
END TURN 10
TURN 11
COMMAND LEFT START
COMMAND LEFT END
COMMAND RIGHT START
COMMAND RIGHT END
TURN 11 RESULT
TIME LEFT 0 5 RIGHT 0 5
DAMAGE TURRET A1 1
DAMAGE TURRET B1 1
SIEGE A 0 3
SIEGE B 50 3
END TURN 11
TURN 12
COMMAND LEFT START
COMMAND LEFT END
COMMAND RIGHT START
COMMAND RIGHT END
TURN 12 RESULT
TIME LEFT 0 5 RIGHT 1 5
DAMAGE TURRET A1 1
DAMAGE TURRET B1 1
SIEGE A 0 1
SIEGE B 50 1
END TURN 12
RESULT DRAW HQ_DESTROYED
