[LEFT "COMMAND: python C:\\NYPC2026\\tools\\testing-tool\\sample-code.py"]
[RIGHT "COMMAND: python C:\\NYPC2026\\tools\\testing-tool\\sample-code.py"]
MAP
75 13
-10834 -8296 -9565 -9683 -8708 -9545 -7944 -7392 -8309 -7029 -6435 -6702 -6564 -6063 -5556 -5557 -5162 -4982 -4322 -4176 -4162 -3631 -4121 -3269 -2252 -1925 -1991 -29 -1936 -531 -1566 -1067 -1601 -371 -87 290 644 0 -644 -290 87 371 1601 1067 1566 531 1936 29 1991 1925 2252 3269 4121 3631 4162 4176 4322 4982 5162 5557 5556 6063 6564 6702 6435 7029 8309 7392 7944 9545 8708 9683 9565 8296 10834
-361 -627 -5070 -3627 -2731 3353 889 -7350 5922 2975 4347 1564 -3138 3176 8513 1679 3107 -870 -3689 2755 5343 675 -7595 3146 3734 -9111 983 -8103 6881 5424 -3873 23 -1192 1912 -466 -3868 1477 0 -1477 3868 466 -1912 1192 -23 3873 -5424 -6881 8103 -983 9111 -3734 -3146 7595 -675 -5343 -2755 3689 870 -3107 -1679 -8513 -3176 3138 -1564 -4347 -2975 -5922 7350 -889 -3353 2731 3627 5070 627 361
STRONGHOLDS 2 8 13 17 20 22 37 52 54 57 61 66 72
5 1 3 4 5 6
5 0 4 6 12 17
4 3 4 7 12
3 0 2 4
5 0 1 2 3 12
4 0 6 8 9
6 0 1 5 9 11 17
4 2 12 18 22
4 5 9 10 14
6 5 6 8 10 11 13
6 8 9 13 14 16 20
5 6 9 13 15 17
6 1 2 4 7 17 18
5 9 10 11 15 16
5 8 10 20 28 47
6 11 13 16 17 19 21
5 10 13 15 19 20
8 1 6 11 12 15 18 21 32
6 7 12 17 22 30 32
5 15 16 20 21 23
7 10 14 16 19 23 24 28
6 15 17 19 23 26 32
5 7 18 25 27 30
5 19 20 21 24 26
7 20 23 26 28 29 33 39
2 22 27
6 21 23 24 31 32 33
6 22 25 30 45 46 60
5 14 20 24 29 47
5 24 28 39 44 47
7 18 22 27 32 35 38 45
7 26 32 33 34 37 38 40
7 17 18 21 26 30 31 38
6 24 26 31 36 39 40
5 31 37 38 41 43
5 30 38 41 45 50
6 33 39 40 42 43 44
4 31 34 40 43
6 30 31 32 34 35 41
5 24 29 33 36 44
5 31 33 36 37 43
6 34 35 38 43 48 50
7 36 43 44 48 53 56 57
7 34 36 37 40 41 42 48
7 29 36 39 42 47 52 56
5 27 30 35 46 50
5 27 45 50 54 60
6 14 28 29 44 49 52
6 41 42 43 50 51 53
2 47 52
7 35 41 45 46 48 51 54
5 48 50 53 54 55
5 44 47 49 56 67
6 42 48 51 55 57 59
7 46 50 51 55 58 60 64
5 51 53 54 58 59
6 42 44 52 57 62 67
8 42 53 56 59 62 63 68 73
5 54 55 59 61 64
6 53 55 57 58 61 63
5 27 46 54 64 66
5 58 59 63 64 65
6 56 57 67 70 72 73
5 57 59 61 65 68
6 54 58 60 61 65 66
6 61 63 64 66 68 69
4 60 64 65 69
4 52 56 62 72
6 57 63 65 69 73 74
4 65 66 68 74
5 62 71 72 73 74
3 70 72 74
4 62 67 70 71
5 57 62 68 70 74
5 68 69 70 71 73
END MAP
TURN 1
COMMAND LEFT START
MOVE A1 74
MOVE A2 74
MOVE A3 74
COMMAND LEFT END
COMMAND RIGHT START
MOVE B1 0
MOVE B2 0
MOVE B3 0
COMMAND RIGHT END
TURN 1 RESULT
TIME LEFT 23 5 RIGHT 35 5
MOVE A1 1
MOVE A2 1
MOVE A3 1
MOVE B1 68
MOVE B2 68
MOVE B3 68
END TURN 1
TURN 2
COMMAND LEFT START
COMMAND LEFT END
COMMAND RIGHT START
COMMAND RIGHT END
TURN 2 RESULT
TIME LEFT 1 5 RIGHT 1 5
MOVE A1 17
MOVE A2 17
MOVE A3 17
MOVE B1 63
MOVE B2 63
MOVE B3 63
END TURN 2
TURN 3
COMMAND LEFT START
COMMAND LEFT END
COMMAND RIGHT START
COMMAND RIGHT END
TURN 3 RESULT
TIME LEFT 1 5 RIGHT 1 5
MOVE A1 32
MOVE A2 32
MOVE A3 32
MOVE B1 59
MOVE B2 59
MOVE B3 59
END TURN 3
TURN 4
COMMAND LEFT START
COMMAND LEFT END
COMMAND RIGHT START
COMMAND RIGHT END
TURN 4 RESULT
TIME LEFT 0 5 RIGHT 1 5
MOVE A1 38
MOVE A2 38
MOVE A3 38
MOVE B1 53
MOVE B2 53
MOVE B3 53
END TURN 4
TURN 5
COMMAND LEFT START
COMMAND LEFT END
COMMAND RIGHT START
COMMAND RIGHT END
TURN 5 RESULT
TIME LEFT 1 5 RIGHT 1 5
MOVE A1 41
MOVE A2 41
MOVE A3 41
MOVE B1 48
MOVE B2 48
MOVE B3 48
END TURN 5
TURN 6
COMMAND LEFT START
COMMAND LEFT END
COMMAND RIGHT START
COMMAND RIGHT END
TURN 6 RESULT
TIME LEFT 0 5 RIGHT 0 5
MOVE A1 48
MOVE A2 48
MOVE A3 48
MOVE B1 41
MOVE B2 41
MOVE B3 41
END TURN 6
TURN 7
COMMAND LEFT START
COMMAND LEFT END
COMMAND RIGHT START
COMMAND RIGHT END
TURN 7 RESULT
TIME LEFT 1 5 RIGHT 1 5
MOVE A1 53
MOVE A2 53
MOVE A3 53
MOVE B1 38
MOVE B2 38
MOVE B3 38
END TURN 7
TURN 8
COMMAND LEFT START
COMMAND LEFT END
COMMAND RIGHT START
COMMAND RIGHT END
TURN 8 RESULT
TIME LEFT 1 5 RIGHT 1 5
MOVE A1 59
MOVE A2 59
MOVE A3 59
MOVE B1 32
MOVE B2 32
MOVE B3 32
END TURN 8
TURN 9
COMMAND LEFT START
COMMAND LEFT END
COMMAND RIGHT START
COMMAND RIGHT END
TURN 9 RESULT
TIME LEFT 0 5 RIGHT 0 5
MOVE A1 63
MOVE A2 63
MOVE A3 63
MOVE B1 17
MOVE B2 17
MOVE B3 17
END TURN 9
TURN 10
COMMAND LEFT START
COMMAND LEFT END
COMMAND RIGHT START
COMMAND RIGHT END
TURN 10 RESULT
TIME LEFT 1 5 RIGHT 1 5
MOVE A1 68
MOVE A2 68
MOVE A3 68
MOVE B1 1
MOVE B2 1
MOVE B3 1
END TURN 10
TURN 11
COMMAND LEFT START
COMMAND LEFT END
COMMAND RIGHT START
COMMAND RIGHT END
TURN 11 RESULT
TIME LEFT 1 5 RIGHT 1 5
MOVE A1 74
MOVE A2 74
MOVE A3 74
MOVE B1 0
MOVE B2 0
MOVE B3 0
DAMAGE TURRET A1 1
DAMAGE TURRET B1 1
SIEGE A 0 3
SIEGE B 74 3
END TURN 11
TURN 12
COMMAND LEFT START
COMMAND LEFT END
COMMAND RIGHT START
COMMAND RIGHT END
TURN 12 RESULT
TIME LEFT 1 5 RIGHT 1 5
DAMAGE TURRET A1 1
DAMAGE TURRET B1 1
SIEGE A 0 3
SIEGE B 74 3
END TURN 12
TURN 13
COMMAND LEFT START
COMMAND LEFT END
COMMAND RIGHT START
COMMAND RIGHT END
TURN 13 RESULT
TIME LEFT 1 5 RIGHT 1 5
DAMAGE TURRET A1 1
DAMAGE TURRET B1 1
SIEGE A 0 3
SIEGE B 74 3
END TURN 13
TURN 14
COMMAND LEFT START
COMMAND LEFT END
COMMAND RIGHT START
COMMAND RIGHT END
TURN 14 RESULT
TIME LEFT 1 5 RIGHT 1 5
DAMAGE TURRET A1 1
DAMAGE TURRET B1 1
SIEGE A 0 1
SIEGE B 74 1
END TURN 14
RESULT DRAW HQ_DESTROYED
