[LEFT "COMMAND: python C:\\NYPC2026\\tools\\testing-tool\\sample-code.py"]
[RIGHT "COMMAND: python C:\\NYPC2026\\tools\\testing-tool\\sample-code.py"]
MAP
105 21
-10462 -9046 -8260 -9711 -8676 -7828 -7103 -7269 -8627 -8300 -7090 -6171 -6410 -6298 -5844 -5858 -6369 -5874 -5923 -5109 -5530 -4787 -4592 -4404 -4951 -3861 -3808 -3784 -3263 -2631 -3298 -3218 -1923 -2296 -2083 -2606 -2055 -2047 -2381 -1538 -1509 -2141 -1547 -1423 -2936 -1277 -621 -873 -1271 -723 -386 -447 0 447 386 723 1271 873 621 1277 2936 1423 1547 2141 1509 1538 2381 2047 2055 2606 2083 2296 1923 3218 3298 2631 3263 3784 3808 3861 4951 4404 4592 4787 5530 5109 5923 5874 6369 5858 5844 6298 6410 6171 7090 8300 8627 7269 7103 7828 8676 9711 8260 9046 10462
-3331 -5083 -3157 247 -6644 -1583 8 -3340 3609 6388 1593 -5187 -3702 -6858 -1589 -8926 8392 5720 3536 -3433 953 -120 3791 6087 1918 2421 -4594 8404 1264 9 -6304 -2123 1337 -4637 -5417 10739 2163 7749 4527 -2043 2955 6307 -3597 -6373 -8830 -7596 7083 8899 -10425 -4945 -1311 4634 0 -4634 1311 4945 10425 -8899 -7083 7596 8830 6373 3597 -6307 -2955 2043 -4527 -7749 -2163 -10739 5417 4637 -1337 2123 6304 -9 -1264 -8404 4594 -2421 -1918 -6087 -3791 120 -953 3433 -3536 -5720 -8392 8926 1589 6858 3702 5187 -1593 -6388 -3609 3340 -8 1583 6644 -247 3157 5083 3331
STRONGHOLDS 4 6 7 8 23 24 26 35 36 46 52 58 68 69 78 80 81 96 97 98 100
4 1 2 3 5
5 0 2 4 7 11
4 0 1 5 7
5 0 5 6 8 10
4 1 11 13 15
6 0 2 3 6 7 14
6 3 5 10 14 20 21
6 1 2 5 11 12 14
5 3 9 10 17 18
3 8 16 17
6 3 6 8 18 20 24
8 1 4 7 12 13 19 26 30
4 7 11 14 19
4 4 11 15 30
7 5 6 7 12 19 21 31
4 4 13 30 44
5 9 17 23 27 35
6 8 9 16 18 22 23
5 8 10 17 22 24
5 11 12 14 26 31
4 6 10 21 24
7 6 14 20 24 28 29 31
6 17 18 23 24 25 38
6 16 17 22 27 38 41
7 10 18 20 21 22 25 28
5 22 24 28 36 38
6 11 19 30 31 33 34
5 16 23 35 37 41
6 21 24 25 29 32 36
7 21 28 31 32 39 50 52
8 11 13 15 26 34 43 44 45
8 14 19 21 26 29 33 39 42
6 28 29 36 40 52 54
5 26 31 34 42 49
5 26 30 33 43 49
5 16 27 37 47 56
5 25 28 32 38 40
5 27 35 41 46 47
7 22 23 25 36 40 41 51
4 29 31 42 50
6 32 36 38 51 54 62
6 23 27 37 38 46 51
7 31 33 39 49 50 53 64
5 30 34 45 49 58
4 15 30 45 48
6 30 43 44 48 57 58
7 37 41 47 51 55 59 61
5 35 37 46 56 59
4 44 45 57 69
6 33 34 42 43 53 58
6 29 39 42 52 64 72
6 38 40 41 46 55 62
6 29 32 50 54 72 75
6 42 49 58 63 64 66
6 32 40 52 62 65 75
6 46 51 61 62 70 71
4 35 47 59 60
5 45 48 58 67 69
7 43 45 49 53 57 63 67
6 46 47 56 60 61 74
4 56 59 74 89
5 46 55 59 70 74
7 40 51 54 55 65 71 73
6 53 58 66 67 77 81
6 42 50 53 66 68 72
4 54 62 73 75
7 53 63 64 68 79 81 82
5 57 58 63 69 77
5 64 66 72 76 79
5 48 57 67 77 88
5 55 61 71 74 78
5 55 62 70 73 78
6 50 52 64 68 75 76
8 62 65 71 75 78 83 85 90
8 59 60 61 70 78 89 91 93
7 52 54 65 72 73 76 83
6 68 72 75 79 80 83
5 63 67 69 81 88
6 70 71 73 74 85 93
5 66 68 76 80 82
7 76 79 82 83 84 86 94
6 63 66 77 82 87 88
6 66 79 80 81 86 87
7 73 75 76 80 84 90 98
4 80 83 94 98
5 73 78 90 92 93
5 80 82 87 94 96
6 81 82 86 88 95 96
5 69 77 81 87 95
4 60 74 91 100
7 73 83 85 92 97 98 99
4 74 89 93 100
4 85 90 93 97
8 74 78 85 91 92 97 100 103
6 80 84 86 96 98 101
3 87 88 96
5 86 87 94 95 101
6 90 92 93 99 102 103
6 83 84 90 94 99 101
6 90 97 98 101 102 104
4 89 91 93 103
5 94 96 98 99 104
4 97 99 103 104
5 93 97 100 102 104
4 99 101 102 103
END MAP
TURN 1
COMMAND LEFT START
MOVE A1 104
MOVE A2 104
MOVE A3 104
COMMAND LEFT END
COMMAND RIGHT START
MOVE B1 0
MOVE B2 0
MOVE B3 0
COMMAND RIGHT END
TURN 1 RESULT
TIME LEFT 44 5 RIGHT 47 5
MOVE A1 2
MOVE A2 2
MOVE A3 2
MOVE B1 99
MOVE B2 99
MOVE B3 99
END TURN 1
TURN 2
COMMAND LEFT START
COMMAND LEFT END
COMMAND RIGHT START
COMMAND RIGHT END
TURN 2 RESULT
TIME LEFT 1 5 RIGHT 1 5
MOVE A1 7
MOVE A2 7
MOVE A3 7
MOVE B1 90
MOVE B2 90
MOVE B3 90
END TURN 2
TURN 3
COMMAND LEFT START
COMMAND LEFT END
COMMAND RIGHT START
COMMAND RIGHT END
TURN 3 RESULT
TIME LEFT 0 5 RIGHT 0 5
MOVE A1 12
MOVE A2 12
MOVE A3 12
MOVE B1 83
MOVE B2 83
MOVE B3 83
END TURN 3
TURN 4
COMMAND LEFT START
COMMAND LEFT END
COMMAND RIGHT START
COMMAND RIGHT END
TURN 4 RESULT
TIME LEFT 0 5 RIGHT 0 5
MOVE A1 19
MOVE A2 19
MOVE A3 19
MOVE B1 76
MOVE B2 76
MOVE B3 76
END TURN 4
TURN 5
COMMAND LEFT START
COMMAND LEFT END
COMMAND RIGHT START
COMMAND RIGHT END
TURN 5 RESULT
TIME LEFT 0 5 RIGHT 0 5
MOVE A1 31
MOVE A2 31
MOVE A3 31
MOVE B1 72
MOVE B2 72
MOVE B3 72
END TURN 5
TURN 6
COMMAND LEFT START
COMMAND LEFT END
COMMAND RIGHT START
COMMAND RIGHT END
TURN 6 RESULT
TIME LEFT 0 5 RIGHT 0 5
MOVE A1 39
MOVE A2 39
MOVE A3 39
MOVE B1 50
MOVE B2 50
MOVE B3 50
END TURN 6
TURN 7
COMMAND LEFT START
COMMAND LEFT END
COMMAND RIGHT START
COMMAND RIGHT END
TURN 7 RESULT
TIME LEFT 0 5 RIGHT 0 5
MOVE A1 50
MOVE A2 50
MOVE A3 50
MOVE B1 39
MOVE B2 39
MOVE B3 39
END TURN 7
TURN 8
COMMAND LEFT START
COMMAND LEFT END
COMMAND RIGHT START
COMMAND RIGHT END
TURN 8 RESULT
TIME LEFT 0 5 RIGHT 0 5
MOVE A1 72
MOVE A2 72
MOVE A3 72
MOVE B1 31
MOVE B2 31
MOVE B3 31
END TURN 8
TURN 9
COMMAND LEFT START
COMMAND LEFT END
COMMAND RIGHT START
COMMAND RIGHT END
TURN 9 RESULT
TIME LEFT 0 5 RIGHT 0 5
MOVE A1 76
MOVE A2 76
MOVE A3 76
MOVE B1 19
MOVE B2 19
MOVE B3 19
END TURN 9
TURN 10
COMMAND LEFT START
COMMAND LEFT END
COMMAND RIGHT START
COMMAND RIGHT END
TURN 10 RESULT
TIME LEFT 0 5 RIGHT 0 5
MOVE A1 83
MOVE A2 83
MOVE A3 83
MOVE B1 12
MOVE B2 12
MOVE B3 12
END TURN 10
TURN 11
COMMAND LEFT START
COMMAND LEFT END
COMMAND RIGHT START
COMMAND RIGHT END
TURN 11 RESULT
TIME LEFT 0 5 RIGHT 0 5
MOVE A1 90
MOVE A2 90
MOVE A3 90
MOVE B1 7
MOVE B2 7
MOVE B3 7
END TURN 11
TURN 12
COMMAND LEFT START
COMMAND LEFT END
COMMAND RIGHT START
COMMAND RIGHT END
TURN 12 RESULT
TIME LEFT 0 5 RIGHT 0 5
MOVE A1 99
MOVE A2 99
MOVE A3 99
MOVE B1 2
MOVE B2 2
MOVE B3 2
END TURN 12
TURN 13
COMMAND LEFT START
COMMAND LEFT END
COMMAND RIGHT START
COMMAND RIGHT END
TURN 13 RESULT
TIME LEFT 0 5 RIGHT 1 5
MOVE A1 104
MOVE A2 104
MOVE A3 104
MOVE B1 0
MOVE B2 0
MOVE B3 0
DAMAGE TURRET A1 1
DAMAGE TURRET B1 1
SIEGE A 0 3
SIEGE B 104 3
END TURN 13
TURN 14
COMMAND LEFT START
COMMAND LEFT END
COMMAND RIGHT START
COMMAND RIGHT END
TURN 14 RESULT
TIME LEFT 1 5 RIGHT 1 5
DAMAGE TURRET A1 1
DAMAGE TURRET B1 1
SIEGE A 0 3
SIEGE B 104 3
END TURN 14
TURN 15
COMMAND LEFT START
COMMAND LEFT END
COMMAND RIGHT START
COMMAND RIGHT END
TURN 15 RESULT
TIME LEFT 1 5 RIGHT 1 5
DAMAGE TURRET A1 1
DAMAGE TURRET B1 1
SIEGE A 0 3
SIEGE B 104 3
END TURN 15
TURN 16
COMMAND LEFT START
COMMAND LEFT END
COMMAND RIGHT START
COMMAND RIGHT END
TURN 16 RESULT
TIME LEFT 0 5 RIGHT 0 5
DAMAGE TURRET A1 1
DAMAGE TURRET B1 1
SIEGE A 0 1
SIEGE B 104 1
END TURN 16
RESULT DRAW HQ_DESTROYED
