[LEFT "COMMAND: python C:\\NYPC2026\\tools\\testing-tool\\sample-code.py"]
[RIGHT "COMMAND: python C:\\NYPC2026\\tools\\testing-tool\\sample-code.py"]
MAP
103 17
-10463 -10484 -9804 -9250 -9386 -8391 -7812 -9309 -8069 -7333 -7376 -8641 -8463 -7576 -7389 -8354 -6894 -7153 -6213 -6002 -5965 -6430 -5782 -5653 -4894 -4566 -5035 -4411 -4831 -3944 -3848 -2891 -3446 -3374 -2762 -2417 -2606 -2021 -2293 -1738 -1491 -1053 -847 -515 -955 -985 -652 -1161 -657 -457 -901 0 901 457 657 1161 652 985 955 515 847 1053 1491 1738 2293 2021 2606 2417 2762 3374 3446 2891 3848 3944 4831 4411 5035 4566 4894 5653 5782 6430 5965 6002 6213 7153 6894 8354 7389 7576 8463 8641 7376 7333 8069 9309 7812 8391 9386 9250 9804 10484 10463
-3817 749 -1208 -2579 -5719 1397 140 3655 2621 -1175 -4492 4590 7390 -7424 -2659 5489 1301 215 -4092 163 -3032 8309 4256 5864 -2141 -5151 2426 7436 -8865 -776 710 -6828 9897 5397 2720 4021 -1831 1052 -10093 6231 4751 -1379 827 5566 -3062 -6540 4098 -4588 7667 -10786 10260 0 -10260 10786 -7667 4588 -4098 6540 3062 -5566 -827 1379 -4751 -6231 10093 -1052 1831 -4021 -2720 -5397 -9897 6828 -710 776 8865 -7436 -2426 5151 2141 -5864 -4256 -8309 3032 -163 4092 -215 -1301 -5489 2659 7424 -7390 -4590 4492 1175 -2621 -3655 -140 -1397 5719 2579 1208 -749 3817
STRONGHOLDS 5 13 14 17 24 30 31 48 51 54 71 72 78 85 88 89 97
4 2 3 4 10
4 2 5 6 7
5 0 1 3 6 9
5 0 2 9 10 14
3 0 10 13
5 1 6 7 8 16
6 1 2 5 9 16 17
4 1 5 8 11
6 5 7 11 16 22 26
8 2 3 6 14 17 19 20 24
7 0 3 4 13 14 18 25
4 7 8 15 22
3 15 21 23
4 4 10 25 28
5 3 9 10 18 20
4 11 12 22 23
6 5 6 8 17 19 26
4 6 9 16 19
4 10 14 20 25
7 9 16 17 24 26 29 30
5 9 14 18 24 25
4 12 23 27 32
6 8 11 15 23 26 33
6 12 15 21 22 27 33
6 9 19 20 25 29 36
9 10 13 18 20 24 28 31 36 47
8 8 16 19 22 30 33 34 35
6 21 23 32 33 39 48
4 13 25 31 38
5 19 24 30 36 37
5 19 26 29 34 37
5 25 28 38 45 47
4 21 27 48 50
7 22 23 26 27 35 39 40
6 26 30 35 37 42 46
5 26 33 34 40 46
7 24 25 29 37 41 44 47
6 29 30 34 36 41 42
5 28 31 45 49 54
5 27 33 40 43 48
5 33 35 39 43 46
6 36 37 42 44 51 60
7 34 37 41 46 51 58 61
6 39 40 46 48 55 57
5 36 41 47 56 60
5 31 38 47 54 59
7 34 35 40 42 43 55 58
7 25 31 36 44 45 56 59
8 27 32 39 43 50 53 57 64
3 38 52 54
3 32 48 53
4 41 42 60 61
3 49 54 70
3 48 50 64
8 38 45 49 52 59 63 70 75
7 43 46 57 58 66 71 77
7 44 47 59 60 62 67 68
5 43 48 55 64 71
5 42 46 55 61 66
6 45 47 54 56 62 63
7 41 44 51 56 61 65 68
6 42 51 58 60 65 66
5 56 59 63 67 69
5 54 59 62 69 75
5 48 53 57 71 74
6 60 61 66 68 72 73
7 55 58 61 65 73 77 78
5 56 62 68 69 76
6 56 60 65 67 72 76
7 62 63 67 75 76 79 80
4 52 54 75 81
5 55 57 64 74 77
5 65 68 73 76 83
5 65 66 72 78 83
4 64 71 77 89
6 54 63 69 70 79 81
8 67 68 69 72 80 83 86 94
9 55 66 71 74 78 82 84 89 92
6 66 73 77 82 83 93
6 69 75 80 81 87 90
6 69 76 79 87 91 94
4 70 75 79 90
5 77 78 84 88 93
7 72 73 76 78 85 86 93
4 77 82 88 92
4 83 86 93 96
6 76 83 85 94 96 97
4 79 80 90 91
5 82 84 92 93 99
4 74 77 92 98
3 79 81 87
4 80 87 94 95
7 77 84 88 89 98 99 102
8 78 82 83 85 88 96 99 100
6 76 80 86 91 95 97
4 91 94 97 101
6 85 86 93 97 100 101
5 86 94 95 96 101
3 89 92 102
5 88 92 93 100 102
5 93 96 99 101 102
4 95 96 97 100
4 92 98 99 100
END MAP
TURN 1
COMMAND LEFT START
MOVE A1 102
MOVE A2 102
MOVE A3 102
COMMAND LEFT END
COMMAND RIGHT START
MOVE B1 0
MOVE B2 0
MOVE B3 0
COMMAND RIGHT END
TURN 1 RESULT
TIME LEFT 44 5 RIGHT 42 5
MOVE A1 3
MOVE A2 3
MOVE A3 3
MOVE B1 99
MOVE B2 99
MOVE B3 99
END TURN 1
TURN 2
COMMAND LEFT START
COMMAND LEFT END
COMMAND RIGHT START
COMMAND RIGHT END
TURN 2 RESULT
TIME LEFT 0 5 RIGHT 0 5
MOVE A1 9
MOVE A2 9
MOVE A3 9
MOVE B1 88
MOVE B2 88
MOVE B3 88
END TURN 2
TURN 3
COMMAND LEFT START
COMMAND LEFT END
COMMAND RIGHT START
COMMAND RIGHT END
TURN 3 RESULT
TIME LEFT 0 5 RIGHT 0 5
MOVE A1 19
MOVE A2 19
MOVE A3 19
MOVE B1 82
MOVE B2 82
MOVE B3 82
END TURN 3
TURN 4
COMMAND LEFT START
COMMAND LEFT END
COMMAND RIGHT START
COMMAND RIGHT END
TURN 4 RESULT
TIME LEFT 0 5 RIGHT 0 5
MOVE A1 30
MOVE A2 30
MOVE A3 30
MOVE B1 78
MOVE B2 78
MOVE B3 78
END TURN 4
TURN 5
COMMAND LEFT START
COMMAND LEFT END
COMMAND RIGHT START
COMMAND RIGHT END
TURN 5 RESULT
TIME LEFT 0 5 RIGHT 0 5
MOVE A1 37
MOVE A2 37
MOVE A3 37
MOVE B1 66
MOVE B2 66
MOVE B3 66
END TURN 5
TURN 6
COMMAND LEFT START
COMMAND LEFT END
COMMAND RIGHT START
COMMAND RIGHT END
TURN 6 RESULT
TIME LEFT 0 5 RIGHT 0 5
MOVE A1 42
MOVE A2 42
MOVE A3 42
MOVE B1 61
MOVE B2 61
MOVE B3 61
END TURN 6
TURN 7
COMMAND LEFT START
COMMAND LEFT END
COMMAND RIGHT START
COMMAND RIGHT END
TURN 7 RESULT
TIME LEFT 0 5 RIGHT 0 5
MOVE A1 61
MOVE A2 61
MOVE A3 61
MOVE B1 42
MOVE B2 42
MOVE B3 42
END TURN 7
TURN 8
COMMAND LEFT START
COMMAND LEFT END
COMMAND RIGHT START
COMMAND RIGHT END
TURN 8 RESULT
TIME LEFT 0 5 RIGHT 0 5
MOVE A1 66
MOVE A2 66
MOVE A3 66
MOVE B1 37
MOVE B2 37
MOVE B3 37
END TURN 8
TURN 9
COMMAND LEFT START
COMMAND LEFT END
COMMAND RIGHT START
COMMAND RIGHT END
TURN 9 RESULT
TIME LEFT 0 5 RIGHT 0 5
MOVE A1 78
MOVE A2 78
MOVE A3 78
MOVE B1 30
MOVE B2 30
MOVE B3 30
END TURN 9
TURN 10
COMMAND LEFT START
COMMAND LEFT END
COMMAND RIGHT START
COMMAND RIGHT END
TURN 10 RESULT
TIME LEFT 0 5 RIGHT 0 5
MOVE A1 82
MOVE A2 82
MOVE A3 82
MOVE B1 19
MOVE B2 19
MOVE B3 19
END TURN 10
TURN 11
COMMAND LEFT START
COMMAND LEFT END
COMMAND RIGHT START
COMMAND RIGHT END
TURN 11 RESULT
TIME LEFT 0 5 RIGHT 0 5
MOVE A1 88
MOVE A2 88
MOVE A3 88
MOVE B1 9
MOVE B2 9
MOVE B3 9
END TURN 11
TURN 12
COMMAND LEFT START
COMMAND LEFT END
COMMAND RIGHT START
COMMAND RIGHT END
TURN 12 RESULT
TIME LEFT 0 5 RIGHT 0 5
MOVE A1 99
MOVE A2 99
MOVE A3 99
MOVE B1 3
MOVE B2 3
MOVE B3 3
END TURN 12
TURN 13
COMMAND LEFT START
COMMAND LEFT END
COMMAND RIGHT START
COMMAND RIGHT END
TURN 13 RESULT
TIME LEFT 0 5 RIGHT 0 5
MOVE A1 102
MOVE A2 102
MOVE A3 102
MOVE B1 0
MOVE B2 0
MOVE B3 0
DAMAGE TURRET A1 1
DAMAGE TURRET B1 1
SIEGE A 0 3
SIEGE B 102 3
END TURN 13
TURN 14
COMMAND LEFT START
COMMAND LEFT END
COMMAND RIGHT START
COMMAND RIGHT END
TURN 14 RESULT
TIME LEFT 0 5 RIGHT 0 5
DAMAGE TURRET A1 1
DAMAGE TURRET B1 1
SIEGE A 0 3
SIEGE B 102 3
END TURN 14
TURN 15
COMMAND LEFT START
COMMAND LEFT END
COMMAND RIGHT START
COMMAND RIGHT END
TURN 15 RESULT
TIME LEFT 0 5 RIGHT 0 5
DAMAGE TURRET A1 1
DAMAGE TURRET B1 1
SIEGE A 0 3
SIEGE B 102 3
END TURN 15
TURN 16
COMMAND LEFT START
COMMAND LEFT END
COMMAND RIGHT START
COMMAND RIGHT END
TURN 16 RESULT
TIME LEFT 0 5 RIGHT 0 5
DAMAGE TURRET A1 1
DAMAGE TURRET B1 1
SIEGE A 0 1
SIEGE B 102 1
END TURN 16
RESULT DRAW HQ_DESTROYED
