[LEFT "COMMAND: python C:\\NYPC2026\\tools\\testing-tool\\sample-code.py"]
[RIGHT "COMMAND: python C:\\NYPC2026\\tools\\testing-tool\\sample-code.py"]
MAP
67 13
-10871 -8740 -9831 -9020 -8258 -7580 -6509 -6621 -6600 -6345 -6251 -6275 -5205 -4465 -5237 -3596 -3910 -3726 -4135 -3452 -4525 -2314 -2427 -2228 -1627 -1449 -590 -1583 -853 -888 -505 -180 -328 0 328 180 505 888 853 1583 590 1449 1627 2228 2427 2314 4525 3452 4135 3726 3910 3596 5237 4465 5205 6275 6251 6345 6600 6621 6509 7580 8258 9020 9831 8740 10871
-346 -947 4626 -5336 2370 5736 5121 756 -1802 -3682 2820 -5967 3221 -5073 -9037 -6964 -1271 308 4462 -2775 8891 3885 6523 -4490 -7386 8510 7223 1306 4958 -1665 -5330 -3280 -10568 0 10568 3280 5330 1665 -4958 -1306 -7223 -8510 7386 4490 -6523 -3885 -8891 2775 -4462 -308 1271 6964 9037 5073 -3221 5967 -2820 3682 1802 -756 -5121 -5736 -2370 5336 -4626 947 346
STRONGHOLDS 2 6 9 16 22 23 33 43 44 50 57 60 64
4 1 2 3 4
6 0 3 4 7 8 9
3 0 4 5
5 0 1 9 11 14
7 0 1 2 5 6 7 10
4 2 4 6 20
6 4 5 10 12 18 20
7 1 4 8 10 12 16 17
5 1 7 9 16 19
6 1 3 8 11 13 19
4 4 6 7 12
5 3 9 13 14 15
6 6 7 10 17 18 21
5 9 11 15 19 23
5 3 11 15 24 32
5 11 13 14 23 24
5 7 8 17 19 29
6 7 12 16 21 27 29
5 6 12 20 21 22
6 8 9 13 16 23 29
6 5 6 18 22 25 34
7 12 17 18 22 27 28 35
6 18 20 21 25 26 28
7 13 15 19 24 29 30 31
6 14 15 23 30 32 40
4 20 22 26 34
6 22 25 28 34 36 42
6 17 21 29 33 35 37
5 21 22 26 35 36
8 16 17 19 23 27 31 33 39
5 23 24 31 38 40
6 23 29 30 38 39 45
5 14 24 40 41 46
4 27 29 37 39
5 20 25 26 42 52
6 21 27 28 36 37 43
5 26 28 35 42 43
8 27 33 35 39 43 47 49 50
5 30 31 40 44 45
6 29 31 33 37 45 49
6 24 30 32 38 41 44
4 32 40 44 46
6 26 34 36 43 51 52
7 35 36 37 42 47 51 53
6 38 40 41 45 46 48
7 31 38 39 44 48 49 54
6 32 41 44 48 60 61
6 37 43 50 53 57 58
5 44 45 46 54 60
6 37 39 45 50 54 59
5 37 47 49 58 59
5 42 43 52 53 55
5 34 42 51 55 63
5 43 47 51 55 57
6 45 48 49 56 59 60
5 51 52 53 57 63
4 54 59 60 62
6 47 53 55 58 63 65
5 47 50 57 59 65
7 49 50 54 56 58 62 65
6 46 48 54 56 61 62
4 46 60 62 64
7 56 59 60 61 64 65 66
5 52 55 57 65 66
3 61 62 66
6 57 58 59 62 63 66
4 62 63 64 65
END MAP
TURN 1
COMMAND LEFT START
MOVE A1 66
MOVE A2 66
MOVE A3 66
COMMAND LEFT END
COMMAND RIGHT START
MOVE B1 0
MOVE B2 0
MOVE B3 0
COMMAND RIGHT END
TURN 1 RESULT
TIME LEFT 14 5 RIGHT 14 5
MOVE A1 1
MOVE A2 1
MOVE A3 1
MOVE B1 65
MOVE B2 65
MOVE B3 65
END TURN 1
TURN 2
COMMAND LEFT START
COMMAND LEFT END
COMMAND RIGHT START
COMMAND RIGHT END
TURN 2 RESULT
TIME LEFT 0 5 RIGHT 0 5
MOVE A1 7
MOVE A2 7
MOVE A3 7
MOVE B1 58
MOVE B2 58
MOVE B3 58
END TURN 2
TURN 3
COMMAND LEFT START
COMMAND LEFT END
COMMAND RIGHT START
COMMAND RIGHT END
TURN 3 RESULT
TIME LEFT 0 5 RIGHT 0 5
MOVE A1 17
MOVE A2 17
MOVE A3 17
MOVE B1 50
MOVE B2 50
MOVE B3 50
END TURN 3
TURN 4
COMMAND LEFT START
COMMAND LEFT END
COMMAND RIGHT START
COMMAND RIGHT END
TURN 4 RESULT
TIME LEFT 0 5 RIGHT 0 5
MOVE A1 27
MOVE A2 27
MOVE A3 27
MOVE B1 37
MOVE B2 37
MOVE B3 37
END TURN 4
TURN 5
COMMAND LEFT START
COMMAND LEFT END
COMMAND RIGHT START
COMMAND RIGHT END
TURN 5 RESULT
TIME LEFT 0 5 RIGHT 0 5
MOVE A1 37
MOVE A2 37
MOVE A3 37
MOVE B1 27
MOVE B2 27
MOVE B3 27
END TURN 5
TURN 6
COMMAND LEFT START
COMMAND LEFT END
COMMAND RIGHT START
COMMAND RIGHT END
TURN 6 RESULT
TIME LEFT 0 5 RIGHT 0 5
MOVE A1 50
MOVE A2 50
MOVE A3 50
MOVE B1 17
MOVE B2 17
MOVE B3 17
END TURN 6
TURN 7
COMMAND LEFT START
COMMAND LEFT END
COMMAND RIGHT START
COMMAND RIGHT END
TURN 7 RESULT
TIME LEFT 0 5 RIGHT 0 5
MOVE A1 58
MOVE A2 58
MOVE A3 58
MOVE B1 7
MOVE B2 7
MOVE B3 7
END TURN 7
TURN 8
COMMAND LEFT START
COMMAND LEFT END
COMMAND RIGHT START
COMMAND RIGHT END
TURN 8 RESULT
TIME LEFT 0 5 RIGHT 0 5
MOVE A1 65
MOVE A2 65
MOVE A3 65
MOVE B1 1
MOVE B2 1
MOVE B3 1
END TURN 8
TURN 9
COMMAND LEFT START
COMMAND LEFT END
COMMAND RIGHT START
COMMAND RIGHT END
TURN 9 RESULT
TIME LEFT 0 5 RIGHT 0 5
MOVE A1 66
MOVE A2 66
MOVE A3 66
MOVE B1 0
MOVE B2 0
MOVE B3 0
DAMAGE TURRET A1 1
DAMAGE TURRET B1 1
SIEGE A 0 3
SIEGE B 66 3
END TURN 9
TURN 10
COMMAND LEFT START
COMMAND LEFT END
COMMAND RIGHT START
COMMAND RIGHT END
TURN 10 RESULT
TIME LEFT 0 5 RIGHT 0 5
DAMAGE TURRET A1 1
DAMAGE TURRET B1 1
SIEGE A 0 3
SIEGE B 66 3
END TURN 10
TURN 11
COMMAND LEFT START
COMMAND LEFT END
COMMAND RIGHT START
COMMAND RIGHT END
TURN 11 RESULT
TIME LEFT 0 5 RIGHT 0 5
DAMAGE TURRET A1 1
DAMAGE TURRET B1 1
SIEGE A 0 3
SIEGE B 66 3
END TURN 11
TURN 12
COMMAND LEFT START
COMMAND LEFT END
COMMAND RIGHT START
COMMAND RIGHT END
TURN 12 RESULT
TIME LEFT 0 5 RIGHT 0 5
DAMAGE TURRET A1 1
DAMAGE TURRET B1 1
SIEGE A 0 1
SIEGE B 66 1
END TURN 12
RESULT DRAW HQ_DESTROYED
