[LEFT "COMMAND: python C:\\NYPC2026\\tools\\testing-tool\\sample-code.py"]
[RIGHT "COMMAND: python C:\\NYPC2026\\tools\\testing-tool\\sample-code.py"]
MAP
85 13
-9705 -9057 -9915 -9246 -7652 -8120 -7013 -6970 -6513 -6474 -6074 -5784 -5089 -5077 -5601 -5144 -4240 -4305 -5250 -3674 -3607 -4152 -4120 -3654 -2928 -2894 -3315 -2317 -1993 -2261 -1250 -1846 -2321 -3213 -1381 -1540 -1519 -377 -1075 -275 -676 -43 0 43 676 275 1075 377 1519 1540 1381 3213 2321 1846 1250 2261 1993 2317 3315 2894 2928 3654 4120 4152 3607 3674 5250 4305 4240 5144 5601 5077 5089 5784 6074 6474 6513 6970 7013 8120 7652 9246 9915 9057 9705
-3231 5826 776 2986 -913 -6705 -3784 2918 4404 1101 -4794 1968 3214 -5520 7325 -2998 5153 2137 -8880 -3982 1317 355 -989 -6574 -5845 -9738 4064 2779 -2828 5253 4067 -5305 6599 9720 7860 -7117 588 -7617 -10320 -1773 10818 5449 0 -5449 -10818 1773 10320 7617 -588 7117 -7860 -9720 -6599 5305 -4067 -5253 2828 -2779 -4064 9738 5845 6574 989 -355 -1317 3982 8880 -2137 -5153 2998 -7325 5520 -3214 -1968 4794 -1101 -4404 -2918 3784 6705 913 -2986 -776 -5826 3231
STRONGHOLDS 6 11 14 26 28 37 42 47 56 58 70 73 78
4 2 4 5 6
3 3 8 14
4 0 3 4 9
5 1 2 7 8 9
6 0 2 6 9 15 22
5 0 6 10 13 18
5 0 4 5 10 15
5 3 8 9 11 12
6 1 3 7 12 14 16
7 2 3 4 7 11 21 22
5 5 6 13 15 19
5 7 9 12 17 21
6 7 8 11 16 17 26
6 5 10 18 19 23 24
5 1 8 16 32 33
5 4 6 10 19 22
6 8 12 14 26 29 32
6 11 12 20 21 26 27
4 5 13 23 25
7 10 13 15 22 24 28 31
4 17 21 27 36
6 9 11 17 20 22 36
7 4 9 15 19 21 28 36
5 13 18 24 25 35
5 13 19 23 31 35
4 18 23 35 38
6 12 16 17 27 29 30
6 17 20 26 30 36 45
7 19 22 31 36 39 43 54
5 16 26 30 32 41
6 26 27 29 41 45 56
5 19 24 28 35 43
6 14 16 29 33 34 41
4 14 32 34 40
5 32 33 40 41 47
7 23 24 25 31 37 38 43
8 20 21 22 27 28 39 42 45
5 35 38 43 44 50
4 25 35 37 44
6 28 36 42 48 54 57
4 33 34 46 47
8 29 30 32 34 47 49 53 56
4 36 39 45 48
8 28 31 35 37 50 52 54 55
4 37 38 50 51
6 27 30 36 42 48 56
4 40 47 49 59
5 34 40 41 46 49
8 39 42 45 56 57 62 63 64
7 41 46 47 53 59 60 61
5 37 43 44 51 52
4 44 50 52 70
6 43 50 51 55 68 70
5 41 49 56 60 65
6 28 39 43 55 57 58
5 43 52 54 58 68
7 30 41 45 48 53 62 65
6 39 48 54 58 64 67
6 54 55 57 67 68 72
4 46 49 61 66
5 49 53 61 65 71
5 49 59 60 66 71
7 48 56 63 65 69 75 80
6 48 62 64 67 73 75
4 48 57 63 67
7 53 56 60 62 69 71 74
4 59 61 71 79
6 57 58 63 64 72 73
6 52 55 58 70 72 76
5 62 65 74 78 80
5 51 52 68 76 83
6 60 61 65 66 74 79
6 58 67 68 73 76 77
5 63 67 72 75 77
5 65 69 71 78 79
7 62 63 73 77 80 81 82
6 68 70 72 77 81 83
5 72 73 75 76 81
5 69 74 79 80 84
5 66 71 74 78 84
6 62 69 75 78 82 84
5 75 76 77 82 83
4 75 80 81 84
3 70 76 81
4 78 79 80 82
END MAP
TURN 1
COMMAND LEFT START
MOVE A1 84
MOVE A2 84
MOVE A3 84
COMMAND LEFT END
COMMAND RIGHT START
MOVE B1 0
MOVE B2 0
MOVE B3 0
COMMAND RIGHT END
TURN 1 RESULT
TIME LEFT 22 5 RIGHT 25 5
MOVE A1 4
MOVE A2 4
MOVE A3 4
MOVE B1 78
MOVE B2 78
MOVE B3 78
END TURN 1
TURN 2
COMMAND LEFT START
COMMAND LEFT END
COMMAND RIGHT START
COMMAND RIGHT END
TURN 2 RESULT
TIME LEFT 0 5 RIGHT 1 5
MOVE A1 22
MOVE A2 22
MOVE A3 22
MOVE B1 69
MOVE B2 69
MOVE B3 69
END TURN 2
TURN 3
COMMAND LEFT START
COMMAND LEFT END
COMMAND RIGHT START
COMMAND RIGHT END
TURN 3 RESULT
TIME LEFT 0 5 RIGHT 0 5
MOVE A1 36
MOVE A2 36
MOVE A3 36
MOVE B1 65
MOVE B2 65
MOVE B3 65
END TURN 3
TURN 4
COMMAND LEFT START
COMMAND LEFT END
COMMAND RIGHT START
COMMAND RIGHT END
TURN 4 RESULT
TIME LEFT 0 5 RIGHT 0 5
MOVE A1 45
MOVE A2 45
MOVE A3 45
MOVE B1 56
MOVE B2 56
MOVE B3 56
END TURN 4
TURN 5
COMMAND LEFT START
COMMAND LEFT END
COMMAND RIGHT START
COMMAND RIGHT END
TURN 5 RESULT
TIME LEFT 1 5 RIGHT 1 5
MOVE A1 56
MOVE A2 56
MOVE A3 56
MOVE B1 45
MOVE B2 45
MOVE B3 45
END TURN 5
TURN 6
COMMAND LEFT START
COMMAND LEFT END
COMMAND RIGHT START
COMMAND RIGHT END
TURN 6 RESULT
TIME LEFT 1 5 RIGHT 1 5
MOVE A1 65
MOVE A2 65
MOVE A3 65
MOVE B1 36
MOVE B2 36
MOVE B3 36
END TURN 6
TURN 7
COMMAND LEFT START
COMMAND LEFT END
COMMAND RIGHT START
COMMAND RIGHT END
TURN 7 RESULT
TIME LEFT 0 5 RIGHT 0 5
MOVE A1 69
MOVE A2 69
MOVE A3 69
MOVE B1 22
MOVE B2 22
MOVE B3 22
END TURN 7
TURN 8
COMMAND LEFT START
COMMAND LEFT END
COMMAND RIGHT START
COMMAND RIGHT END
TURN 8 RESULT
TIME LEFT 0 5 RIGHT 0 5
MOVE A1 78
MOVE A2 78
MOVE A3 78
MOVE B1 4
MOVE B2 4
MOVE B3 4
END TURN 8
TURN 9
COMMAND LEFT START
COMMAND LEFT END
COMMAND RIGHT START
COMMAND RIGHT END
TURN 9 RESULT
TIME LEFT 0 5 RIGHT 0 5
MOVE A1 84
MOVE A2 84
MOVE A3 84
MOVE B1 0
MOVE B2 0
MOVE B3 0
DAMAGE TURRET A1 1
DAMAGE TURRET B1 1
SIEGE A 0 3
SIEGE B 84 3
END TURN 9
TURN 10
COMMAND LEFT START
COMMAND LEFT END
COMMAND RIGHT START
COMMAND RIGHT END
TURN 10 RESULT
TIME LEFT 1 5 RIGHT 1 5
DAMAGE TURRET A1 1
DAMAGE TURRET B1 1
SIEGE A 0 3
SIEGE B 84 3
END TURN 10
TURN 11
COMMAND LEFT START
COMMAND LEFT END
COMMAND RIGHT START
COMMAND RIGHT END
TURN 11 RESULT
TIME LEFT 1 5 RIGHT 1 5
DAMAGE TURRET A1 1
DAMAGE TURRET B1 1
SIEGE A 0 3
SIEGE B 84 3
END TURN 11
TURN 12
COMMAND LEFT START
COMMAND LEFT END
COMMAND RIGHT START
COMMAND RIGHT END
TURN 12 RESULT
TIME LEFT 1 5 RIGHT 1 5
DAMAGE TURRET A1 1
DAMAGE TURRET B1 1
SIEGE A 0 1
SIEGE B 84 1
END TURN 12
RESULT DRAW HQ_DESTROYED
